#
# There is insufficient memory for the Java Runtime Environment to continue.
# Native memory allocation (malloc) failed to allocate 1371536 bytes. Error detail: Chunk::new
# Possible reasons:
#   The system is out of physical RAM or swap space
#   This process is running with CompressedOops enabled, and the Java Heap may be blocking the growth of the native heap
# Possible solutions:
#   Reduce memory load on the system
#   Increase physical memory or swap space
#   Check if swap backing store is full
#   Decrease Java heap size (-Xmx/-Xms)
#   Decrease number of Java threads
#   Decrease Java thread stack sizes (-Xss)
#   Set larger code cache with -XX:ReservedCodeCacheSize=
#   JVM is running with Unscaled Compressed Oops mode in which the Java heap is
#     placed in the first 4GB address space. The Java Heap base address is the
#     maximum limit for the native heap growth. Please use -XX:HeapBaseMinAddress
#     to set the Java Heap base and to place the Java Heap above 4GB virtual address.
# This output file may be truncated or incomplete.
#
#  Out of Memory Error (arena.cpp:191), pid=16408, tid=25040
#
# JRE version: OpenJDK Runtime Environment Corretto-17.0.13.11.1 (17.0.13+11) (build 17.0.13+11-LTS)
# Java VM: OpenJDK 64-Bit Server VM Corretto-17.0.13.11.1 (17.0.13+11-LTS, mixed mode, sharing, tiered, compressed oops, compressed class ptrs, g1 gc, windows-amd64)
# No core dump will be written. Minidumps are not enabled by default on client versions of Windows
#

---------------  S U M M A R Y ------------

Command Line: --add-opens=java.base/java.lang=ALL-UNNAMED --add-opens=java.base/java.lang.invoke=ALL-UNNAMED --add-opens=java.base/java.util=ALL-UNNAMED --add-opens=java.prefs/java.util.prefs=ALL-UNNAMED --add-exports=jdk.compiler/com.sun.tools.javac.api=ALL-UNNAMED --add-exports=jdk.compiler/com.sun.tools.javac.util=ALL-UNNAMED --add-opens=java.base/java.util=ALL-UNNAMED --add-opens=java.prefs/java.util.prefs=ALL-UNNAMED --add-opens=java.base/java.nio.charset=ALL-UNNAMED --add-opens=java.base/java.net=ALL-UNNAMED --add-opens=java.base/java.util.concurrent.atomic=ALL-UNNAMED --add-opens=java.xml/javax.xml.namespace=ALL-UNNAMED -XX:MaxMetaspaceSize=384m -XX:+HeapDumpOnOutOfMemoryError -Xms256m -Xmx512m -Dfile.encoding=UTF-8 -Duser.country=KR -Duser.language=ko -Duser.variant -javaagent:C:\Users\COM\.gradle\wrapper\dists\gradle-8.14.3-bin\cv11ve7ro1n3o1j4so8xd9n66\gradle-8.14.3\lib\agents\gradle-instrumentation-agent-8.14.3.jar org.gradle.launcher.daemon.bootstrap.GradleDaemon 8.14.3

Host: Intel(R) Core(TM) i7-10510U CPU @ 1.80GHz, 8 cores, 15G,  Windows 10 , 64 bit Build 19041 (10.0.19041.5915)
Time: Sat Feb 14 03:32:14 2026  Windows 10 , 64 bit Build 19041 (10.0.19041.5915) elapsed time: 84.990296 seconds (0d 0h 1m 24s)

---------------  T H R E A D  ---------------

Current thread (0x00000246fedde5b0):  JavaThread "C2 CompilerThread0" daemon [_thread_in_native, id=25040, stack(0x0000004d93300000,0x0000004d93400000)]


Current CompileTask:
C2:  85015 8713       4       groovyjarjarantlr4.v4.runtime.atn.PredictionContext::join (569 bytes)

Stack: [0x0000004d93300000,0x0000004d93400000]
Native frames: (J=compiled Java code, j=interpreted, Vv=VM code, C=native code)
V  [jvm.dll+0x680c19]
V  [jvm.dll+0x83888a]
V  [jvm.dll+0x83a34e]
V  [jvm.dll+0x83a9b3]
V  [jvm.dll+0x2481af]
V  [jvm.dll+0xac9f4]
V  [jvm.dll+0xad03c]
V  [jvm.dll+0x367762]
V  [jvm.dll+0x331b9a]
V  [jvm.dll+0x33103a]
V  [jvm.dll+0x21a701]
V  [jvm.dll+0x219b41]
V  [jvm.dll+0x1a58ed]
V  [jvm.dll+0x22988d]
V  [jvm.dll+0x227a1c]
V  [jvm.dll+0x7ed737]
V  [jvm.dll+0x7e7b2c]
V  [jvm.dll+0x67fae7]
C  [ucrtbase.dll+0x21bb2]
C  [KERNEL32.DLL+0x17374]
C  [ntdll.dll+0x4cc91]


---------------  P R O C E S S  ---------------

Threads class SMR info:
_java_thread_list=0x000002469b0e6720, length=68, elements={
0x00000246e42311b0, 0x00000246fedb7e20, 0x00000246fedb9900, 0x00000246fedd9e30,
0x00000246feddc810, 0x00000246feddd0e0, 0x00000246feddd9b0, 0x00000246fedde5b0,
0x00000246feddef70, 0x00000246feddf880, 0x00000246fed9df20, 0x00000246fef88b10,
0x0000024699597220, 0x00000246ff9f52b0, 0x0000024699669020, 0x000002469a1dc150,
0x000002469a1dca40, 0x0000024699723d00, 0x0000024699724210, 0x0000024699724720,
0x0000024699724c30, 0x0000024699725140, 0x0000024699725650, 0x0000024699725b60,
0x0000024699726070, 0x0000024699726580, 0x00000246997232e0, 0x00000246997237f0,
0x000002469c9f8230, 0x000002469c9f5ec0, 0x000002469c9f7810, 0x000002469c9f63d0,
0x000002469c9f68e0, 0x000002469c9f6df0, 0x000002469c9f8740, 0x000002469c9f8c50,
0x000002469c9f7300, 0x000002469c9f7d20, 0x000002469c9b7d80, 0x000002469c9bce80,
0x000002469c9b5f20, 0x000002469c9b87a0, 0x000002469c9b6e50, 0x000002469c9b6430,
0x000002469c9bb530, 0x000002469c9b8cb0, 0x000002469c9b5a10, 0x000002469c9bbf50,
0x000002469c9b8290, 0x000002469c9b9be0, 0x000002469c9b96d0, 0x000002469c9b7870,
0x000002469c9ba0f0, 0x000002469c9ba600, 0x000002469c9bab10, 0x000002469c9bc970,
0x000002469c9b6940, 0x000002469c9b7360, 0x000002469c9bc460, 0x000002469c9bb020,
0x000002469c9bd390, 0x000002469bba63c0, 0x000002469bbac3f0, 0x000002469bbad830,
0x000002469bbab4c0, 0x000002469bbab9d0, 0x00000246ff841970, 0x00000246ff078d70
}

Java Threads: ( => current thread )
  0x00000246e42311b0 JavaThread "main" [_thread_blocked, id=27332, stack(0x0000004d92600000,0x0000004d92700000)]
  0x00000246fedb7e20 JavaThread "Reference Handler" daemon [_thread_blocked, id=11404, stack(0x0000004d92d00000,0x0000004d92e00000)]
  0x00000246fedb9900 JavaThread "Finalizer" daemon [_thread_blocked, id=20224, stack(0x0000004d92e00000,0x0000004d92f00000)]
  0x00000246fedd9e30 JavaThread "Signal Dispatcher" daemon [_thread_blocked, id=31616, stack(0x0000004d92f00000,0x0000004d93000000)]
  0x00000246feddc810 JavaThread "Attach Listener" daemon [_thread_blocked, id=11944, stack(0x0000004d93000000,0x0000004d93100000)]
  0x00000246feddd0e0 JavaThread "Service Thread" daemon [_thread_blocked, id=516, stack(0x0000004d93100000,0x0000004d93200000)]
  0x00000246feddd9b0 JavaThread "Monitor Deflation Thread" daemon [_thread_blocked, id=16692, stack(0x0000004d93200000,0x0000004d93300000)]
=>0x00000246fedde5b0 JavaThread "C2 CompilerThread0" daemon [_thread_in_native, id=25040, stack(0x0000004d93300000,0x0000004d93400000)]
  0x00000246feddef70 JavaThread "C1 CompilerThread0" daemon [_thread_blocked, id=25724, stack(0x0000004d93400000,0x0000004d93500000)]
  0x00000246feddf880 JavaThread "Sweeper thread" daemon [_thread_blocked, id=31688, stack(0x0000004d93500000,0x0000004d93600000)]
  0x00000246fed9df20 JavaThread "Common-Cleaner" daemon [_thread_blocked, id=26128, stack(0x0000004d93600000,0x0000004d93700000)]
  0x00000246fef88b10 JavaThread "Notification Thread" daemon [_thread_blocked, id=17108, stack(0x0000004d93700000,0x0000004d93800000)]
  0x0000024699597220 JavaThread "Daemon health stats" [_thread_blocked, id=31080, stack(0x0000004d93a00000,0x0000004d93b00000)]
  0x00000246ff9f52b0 JavaThread "Incoming local TCP Connector on port 2750" [_thread_in_native, id=18804, stack(0x0000004d94000000,0x0000004d94100000)]
  0x0000024699669020 JavaThread "Daemon periodic checks" [_thread_blocked, id=15256, stack(0x0000004d94100000,0x0000004d94200000)]
  0x000002469a1dc150 JavaThread "Daemon" [_thread_blocked, id=13536, stack(0x0000004d94200000,0x0000004d94300000)]
  0x000002469a1dca40 JavaThread "Handler for socket connection from /127.0.0.1:2750 to /127.0.0.1:2752" [_thread_in_native, id=29980, stack(0x0000004d94300000,0x0000004d94400000)]
  0x0000024699723d00 JavaThread "Cancel handler" [_thread_blocked, id=33072, stack(0x0000004d94400000,0x0000004d94500000)]
  0x0000024699724210 JavaThread "Daemon worker" [_thread_in_Java, id=28228, stack(0x0000004d94500000,0x0000004d94600000)]
  0x0000024699724720 JavaThread "Asynchronous log dispatcher for DefaultDaemonConnection: socket connection from /127.0.0.1:2750 to /127.0.0.1:2752" [_thread_blocked, id=22928, stack(0x0000004d94600000,0x0000004d94700000)]
  0x0000024699724c30 JavaThread "Stdin handler" [_thread_blocked, id=32124, stack(0x0000004d94700000,0x0000004d94800000)]
  0x0000024699725140 JavaThread "Daemon client event forwarder" [_thread_blocked, id=24556, stack(0x0000004d94800000,0x0000004d94900000)]
  0x0000024699725650 JavaThread "Cache worker for journal cache (C:\Users\COM\.gradle\caches\journal-1)" [_thread_blocked, id=8548, stack(0x0000004d94900000,0x0000004d94a00000)]
  0x0000024699725b60 JavaThread "File lock request listener" [_thread_in_native, id=29404, stack(0x0000004d94a00000,0x0000004d94b00000)]
  0x0000024699726070 JavaThread "Cache worker for file hash cache (C:\Users\COM\.gradle\caches\8.14.3\fileHashes)" [_thread_blocked, id=27124, stack(0x0000004d94c00000,0x0000004d94d00000)]
  0x0000024699726580 JavaThread "File lock release action executor" [_thread_blocked, id=11180, stack(0x0000004d94b00000,0x0000004d94c00000)]
  0x00000246997232e0 JavaThread "Cache worker for file hash cache (C:\Users\COM\Desktop\kakaoClone\services\auth\.gradle\8.14.3\fileHashes)" [_thread_blocked, id=13412, stack(0x0000004d94e00000,0x0000004d94f00000)]
  0x00000246997237f0 JavaThread "Cache worker for Build Output Cleanup Cache (C:\Users\COM\Desktop\kakaoClone\services\auth\.gradle\buildOutputCleanup)" [_thread_blocked, id=32140, stack(0x0000004d94f00000,0x0000004d95000000)]
  0x000002469c9f8230 JavaThread "File watcher server" daemon [_thread_in_native, id=33976, stack(0x0000004d95400000,0x0000004d95500000)]
  0x000002469c9f5ec0 JavaThread "File watcher consumer" daemon [_thread_blocked, id=26832, stack(0x0000004d95500000,0x0000004d95600000)]
  0x000002469c9f7810 JavaThread "jar transforms" [_thread_blocked, id=29608, stack(0x0000004d95300000,0x0000004d95400000)]
  0x000002469c9f63d0 JavaThread "jar transforms Thread 2" [_thread_blocked, id=24224, stack(0x0000004d95600000,0x0000004d95700000)]
  0x000002469c9f68e0 JavaThread "jar transforms Thread 3" [_thread_blocked, id=23460, stack(0x0000004d95700000,0x0000004d95800000)]
  0x000002469c9f6df0 JavaThread "jar transforms Thread 4" [_thread_blocked, id=7508, stack(0x0000004d95800000,0x0000004d95900000)]
  0x000002469c9f8740 JavaThread "jar transforms Thread 5" [_thread_blocked, id=22808, stack(0x0000004d95900000,0x0000004d95a00000)]
  0x000002469c9f8c50 JavaThread "jar transforms Thread 6" [_thread_blocked, id=29120, stack(0x0000004d95a00000,0x0000004d95b00000)]
  0x000002469c9f7300 JavaThread "jar transforms Thread 7" [_thread_blocked, id=22076, stack(0x0000004d95b00000,0x0000004d95c00000)]
  0x000002469c9f7d20 JavaThread "jar transforms Thread 8" [_thread_blocked, id=23128, stack(0x0000004d95c00000,0x0000004d95d00000)]
  0x000002469c9b7d80 JavaThread "Cache worker for checksums cache (C:\Users\COM\Desktop\kakaoClone\services\auth\.gradle\8.14.3\checksums)" [_thread_blocked, id=29788, stack(0x0000004d95d00000,0x0000004d95e00000)]
  0x000002469c9bce80 JavaThread "Cache worker for file content cache (C:\Users\COM\.gradle\caches\8.14.3\fileContent)" [_thread_blocked, id=13016, stack(0x0000004d95e00000,0x0000004d95f00000)]
  0x000002469c9b5f20 JavaThread "Cache worker for cache directory md-supplier (C:\Users\COM\.gradle\caches\8.14.3\md-supplier)" [_thread_blocked, id=14568, stack(0x0000004d95f00000,0x0000004d96000000)]
  0x000002469c9b87a0 JavaThread "Cache worker for cache directory md-rule (C:\Users\COM\.gradle\caches\8.14.3\md-rule)" [_thread_blocked, id=14820, stack(0x0000004d96000000,0x0000004d96100000)]
  0x000002469c9b6e50 JavaThread "Unconstrained build operations" [_thread_blocked, id=18512, stack(0x0000004d94d00000,0x0000004d94e00000)]
  0x000002469c9b6430 JavaThread "Unconstrained build operations Thread 2" [_thread_blocked, id=34392, stack(0x0000004d96100000,0x0000004d96200000)]
  0x000002469c9bb530 JavaThread "Unconstrained build operations Thread 3" [_thread_blocked, id=21668, stack(0x0000004d96200000,0x0000004d96300000)]
  0x000002469c9b8cb0 JavaThread "Unconstrained build operations Thread 4" [_thread_blocked, id=27512, stack(0x0000004d96300000,0x0000004d96400000)]
  0x000002469c9b5a10 JavaThread "Unconstrained build operations Thread 5" [_thread_blocked, id=19588, stack(0x0000004d96400000,0x0000004d96500000)]
  0x000002469c9bbf50 JavaThread "Unconstrained build operations Thread 6" [_thread_blocked, id=4372, stack(0x0000004d96500000,0x0000004d96600000)]
  0x000002469c9b8290 JavaThread "Unconstrained build operations Thread 7" [_thread_blocked, id=3776, stack(0x0000004d96600000,0x0000004d96700000)]
  0x000002469c9b9be0 JavaThread "Unconstrained build operations Thread 8" [_thread_blocked, id=22692, stack(0x0000004d96900000,0x0000004d96a00000)]
  0x000002469c9b96d0 JavaThread "Unconstrained build operations Thread 9" [_thread_blocked, id=6056, stack(0x0000004d96a00000,0x0000004d96b00000)]
  0x000002469c9b7870 JavaThread "Unconstrained build operations Thread 10" [_thread_blocked, id=13292, stack(0x0000004d96b00000,0x0000004d96c00000)]
  0x000002469c9ba0f0 JavaThread "Unconstrained build operations Thread 11" [_thread_blocked, id=31640, stack(0x0000004d96c00000,0x0000004d96d00000)]
  0x000002469c9ba600 JavaThread "Unconstrained build operations Thread 12" [_thread_blocked, id=29184, stack(0x0000004d96d00000,0x0000004d96e00000)]
  0x000002469c9bab10 JavaThread "Unconstrained build operations Thread 13" [_thread_blocked, id=28060, stack(0x0000004d96e00000,0x0000004d96f00000)]
  0x000002469c9bc970 JavaThread "Unconstrained build operations Thread 14" [_thread_blocked, id=26492, stack(0x0000004d96f00000,0x0000004d97000000)]
  0x000002469c9b6940 JavaThread "Unconstrained build operations Thread 15" [_thread_blocked, id=3356, stack(0x0000004d92300000,0x0000004d92400000)]
  0x000002469c9b7360 JavaThread "Unconstrained build operations Thread 16" [_thread_blocked, id=13396, stack(0x0000004d92400000,0x0000004d92500000)]
  0x000002469c9bc460 JavaThread "Unconstrained build operations Thread 17" [_thread_blocked, id=28776, stack(0x0000004d92500000,0x0000004d92600000)]
  0x000002469c9bb020 JavaThread "Unconstrained build operations Thread 18" [_thread_blocked, id=2112, stack(0x0000004d97100000,0x0000004d97200000)]
  0x000002469c9bd390 JavaThread "Unconstrained build operations Thread 19" [_thread_blocked, id=12352, stack(0x0000004d97200000,0x0000004d97300000)]
  0x000002469bba63c0 JavaThread "Unconstrained build operations Thread 20" [_thread_blocked, id=12348, stack(0x0000004d97300000,0x0000004d97400000)]
  0x000002469bbac3f0 JavaThread "Unconstrained build operations Thread 21" [_thread_blocked, id=3064, stack(0x0000004d97400000,0x0000004d97500000)]
  0x000002469bbad830 JavaThread "Unconstrained build operations Thread 22" [_thread_blocked, id=15712, stack(0x0000004d97500000,0x0000004d97600000)]
  0x000002469bbab4c0 JavaThread "Unconstrained build operations Thread 23" [_thread_blocked, id=30128, stack(0x0000004d97600000,0x0000004d97700000)]
  0x000002469bbab9d0 JavaThread "Unconstrained build operations Thread 24" [_thread_blocked, id=28032, stack(0x0000004d97700000,0x0000004d97800000)]
  0x00000246ff841970 JavaThread "C2 CompilerThread1" daemon [_thread_in_native, id=16392, stack(0x0000004d97000000,0x0000004d97100000)]
  0x00000246ff078d70 JavaThread "C2 CompilerThread2" daemon [_thread_in_native, id=20056, stack(0x0000004d97800000,0x0000004d97900000)]

Other Threads:
  0x00000246fedb1970 VMThread "VM Thread" [stack: 0x0000004d92c00000,0x0000004d92d00000] [id=4888]
  0x00000246e4231dc0 WatcherThread [stack: 0x0000004d93800000,0x0000004d93900000] [id=17164]
  0x00000246e4260de0 GCTaskThread "GC Thread#0" [stack: 0x0000004d92700000,0x0000004d92800000] [id=26612]
  0x00000246ff14f980 GCTaskThread "GC Thread#1" [stack: 0x0000004d93b00000,0x0000004d93c00000] [id=21208]
  0x00000246ff152080 GCTaskThread "GC Thread#2" [stack: 0x0000004d93c00000,0x0000004d93d00000] [id=29728]
  0x00000246ff152340 GCTaskThread "GC Thread#3" [stack: 0x0000004d93d00000,0x0000004d93e00000] [id=7760]
  0x00000246ff124a80 GCTaskThread "GC Thread#4" [stack: 0x0000004d93e00000,0x0000004d93f00000] [id=2660]
  0x00000246ff124d40 GCTaskThread "GC Thread#5" [stack: 0x0000004d93f00000,0x0000004d94000000] [id=20832]
  0x000002469978bbc0 GCTaskThread "GC Thread#6" [stack: 0x0000004d95000000,0x0000004d95100000] [id=20964]
  0x000002469978a5c0 GCTaskThread "GC Thread#7" [stack: 0x0000004d95100000,0x0000004d95200000] [id=20020]
  0x00000246e4266af0 ConcurrentGCThread "G1 Main Marker" [stack: 0x0000004d92800000,0x0000004d92900000] [id=22420]
  0x00000246e42672c0 ConcurrentGCThread "G1 Conc#0" [stack: 0x0000004d92900000,0x0000004d92a00000] [id=23368]
  0x000002469978a300 ConcurrentGCThread "G1 Conc#1" [stack: 0x0000004d95200000,0x0000004d95300000] [id=10500]
  0x00000246fec740f0 ConcurrentGCThread "G1 Refine#0" [stack: 0x0000004d92a00000,0x0000004d92b00000] [id=18048]
  0x0000024699298d60 ConcurrentGCThread "G1 Refine#1" [stack: 0x0000004d93900000,0x0000004d93a00000] [id=23560]
  0x00000246fec748d0 ConcurrentGCThread "G1 Service" [stack: 0x0000004d92b00000,0x0000004d92c00000] [id=27348]

Threads with active compile tasks:
C2 CompilerThread0    85107 8713       4       groovyjarjarantlr4.v4.runtime.atn.PredictionContext::join (569 bytes)
C2 CompilerThread1    85107 8731       4       groovyjarjarantlr4.v4.runtime.atn.ParserATNSimulator::isConflicted (860 bytes)
C2 CompilerThread2    85108 8750       4       groovyjarjarantlr4.v4.runtime.atn.ParserATNSimulator::closure (784 bytes)

VM state: not at safepoint (normal execution)

VM Mutex/Monitor currently owned by a thread: None

Heap address: 0x00000000e0000000, size: 512 MB, Compressed Oops mode: 32-bit

CDS archive(s) mapped at: [0x0000024680000000-0x0000024680bb0000-0x0000024680bb0000), size 12255232, SharedBaseAddress: 0x0000024680000000, ArchiveRelocationMode: 1.
Compressed class space mapped at: 0x0000024681000000-0x0000024695000000, reserved size: 335544320
Narrow klass base: 0x0000024680000000, Narrow klass shift: 0, Narrow klass range: 0x100000000

GC Precious Log:
 CPUs: 8 total, 8 available
 Memory: 16197M
 Large Page Support: Disabled
 NUMA Support: Disabled
 Compressed Oops: Enabled (32-bit)
 Heap Region Size: 1M
 Heap Min Capacity: 256M
 Heap Initial Capacity: 256M
 Heap Max Capacity: 512M
 Pre-touch: Disabled
 Parallel Workers: 8
 Concurrent Workers: 2
 Concurrent Refinement Workers: 8
 Periodic GC: Disabled

Heap:
 garbage-first heap   total 262144K, used 85310K [0x00000000e0000000, 0x0000000100000000)
  region size 1024K, 21 young (21504K), 12 survivors (12288K)
 Metaspace       used 50846K, committed 51392K, reserved 393216K
  class space    used 7081K, committed 7360K, reserved 327680K

Heap Regions: E=young(eden), S=young(survivor), O=old, HS=humongous(starts), HC=humongous(continues), CS=collection set, F=free, OA=open archive, CA=closed archive, TAMS=top-at-mark-start (previous, next)
|   0|0x00000000e0000000, 0x00000000e0100000, 0x00000000e0100000|100%|HS|  |TAMS 0x00000000e0100000, 0x00000000e0000000| Complete 
|   1|0x00000000e0100000, 0x00000000e0200000, 0x00000000e0200000|100%|HC|  |TAMS 0x00000000e0200000, 0x00000000e0100000| Complete 
|   2|0x00000000e0200000, 0x00000000e0300000, 0x00000000e0300000|100%|HC|  |TAMS 0x00000000e0300000, 0x00000000e0200000| Complete 
|   3|0x00000000e0300000, 0x00000000e0400000, 0x00000000e0400000|100%| O|  |TAMS 0x00000000e0400000, 0x00000000e0300000| Untracked 
|   4|0x00000000e0400000, 0x00000000e0500000, 0x00000000e0500000|100%| O|  |TAMS 0x00000000e0500000, 0x00000000e0400000| Untracked 
|   5|0x00000000e0500000, 0x00000000e0600000, 0x00000000e0600000|100%| O|  |TAMS 0x00000000e0600000, 0x00000000e0500000| Untracked 
|   6|0x00000000e0600000, 0x00000000e0700000, 0x00000000e0700000|100%|HS|  |TAMS 0x00000000e0700000, 0x00000000e0600000| Complete 
|   7|0x00000000e0700000, 0x00000000e0800000, 0x00000000e0800000|100%|HS|  |TAMS 0x00000000e0800000, 0x00000000e0700000| Complete 
|   8|0x00000000e0800000, 0x00000000e0900000, 0x00000000e0900000|100%| O|  |TAMS 0x00000000e0900000, 0x00000000e0800000| Untracked 
|   9|0x00000000e0900000, 0x00000000e0a00000, 0x00000000e0a00000|100%| O|  |TAMS 0x00000000e0a00000, 0x00000000e0900000| Untracked 
|  10|0x00000000e0a00000, 0x00000000e0b00000, 0x00000000e0b00000|100%| O|  |TAMS 0x00000000e0a00000, 0x00000000e0a00000| Untracked 
|  11|0x00000000e0b00000, 0x00000000e0c00000, 0x00000000e0c00000|100%| O|  |TAMS 0x00000000e0c00000, 0x00000000e0b00000| Untracked 
|  12|0x00000000e0c00000, 0x00000000e0d00000, 0x00000000e0d00000|100%| O|  |TAMS 0x00000000e0d00000, 0x00000000e0c00000| Untracked 
|  13|0x00000000e0d00000, 0x00000000e0e00000, 0x00000000e0e00000|100%|HS|  |TAMS 0x00000000e0e00000, 0x00000000e0d00000| Complete 
|  14|0x00000000e0e00000, 0x00000000e0f00000, 0x00000000e0f00000|100%|HC|  |TAMS 0x00000000e0f00000, 0x00000000e0e00000| Complete 
|  15|0x00000000e0f00000, 0x00000000e1000000, 0x00000000e1000000|100%|HC|  |TAMS 0x00000000e1000000, 0x00000000e0f00000| Complete 
|  16|0x00000000e1000000, 0x00000000e1100000, 0x00000000e1100000|100%|HC|  |TAMS 0x00000000e1100000, 0x00000000e1000000| Complete 
|  17|0x00000000e1100000, 0x00000000e1200000, 0x00000000e1200000|100%|HC|  |TAMS 0x00000000e1200000, 0x00000000e1100000| Complete 
|  18|0x00000000e1200000, 0x00000000e1300000, 0x00000000e1300000|100%|HC|  |TAMS 0x00000000e1300000, 0x00000000e1200000| Complete 
|  19|0x00000000e1300000, 0x00000000e1400000, 0x00000000e1400000|100%|HS|  |TAMS 0x00000000e1400000, 0x00000000e1300000| Complete 
|  20|0x00000000e1400000, 0x00000000e1500000, 0x00000000e1500000|100%|HC|  |TAMS 0x00000000e1500000, 0x00000000e1400000| Complete 
|  21|0x00000000e1500000, 0x00000000e1600000, 0x00000000e1600000|100%|HS|  |TAMS 0x00000000e1600000, 0x00000000e1500000| Complete 
|  22|0x00000000e1600000, 0x00000000e1700000, 0x00000000e1700000|100%|HC|  |TAMS 0x00000000e1700000, 0x00000000e1600000| Complete 
|  23|0x00000000e1700000, 0x00000000e1800000, 0x00000000e1800000|100%|HC|  |TAMS 0x00000000e1800000, 0x00000000e1700000| Complete 
|  24|0x00000000e1800000, 0x00000000e1900000, 0x00000000e1900000|100%|HC|  |TAMS 0x00000000e1900000, 0x00000000e1800000| Complete 
|  25|0x00000000e1900000, 0x00000000e1a00000, 0x00000000e1a00000|100%|HC|  |TAMS 0x00000000e1a00000, 0x00000000e1900000| Complete 
|  26|0x00000000e1a00000, 0x00000000e1b00000, 0x00000000e1b00000|100%|HC|  |TAMS 0x00000000e1b00000, 0x00000000e1a00000| Complete 
|  27|0x00000000e1b00000, 0x00000000e1c00000, 0x00000000e1c00000|100%|HS|  |TAMS 0x00000000e1c00000, 0x00000000e1b00000| Complete 
|  28|0x00000000e1c00000, 0x00000000e1d00000, 0x00000000e1d00000|100%|HC|  |TAMS 0x00000000e1d00000, 0x00000000e1c00000| Complete 
|  29|0x00000000e1d00000, 0x00000000e1e00000, 0x00000000e1e00000|100%|HS|  |TAMS 0x00000000e1e00000, 0x00000000e1d00000| Complete 
|  30|0x00000000e1e00000, 0x00000000e1f00000, 0x00000000e1f00000|100%| O|  |TAMS 0x00000000e1f00000, 0x00000000e1e00000| Untracked 
|  31|0x00000000e1f00000, 0x00000000e2000000, 0x00000000e2000000|100%| O|  |TAMS 0x00000000e2000000, 0x00000000e1f00000| Untracked 
|  32|0x00000000e2000000, 0x00000000e2100000, 0x00000000e2100000|100%| O|  |TAMS 0x00000000e2100000, 0x00000000e2000000| Untracked 
|  33|0x00000000e2100000, 0x00000000e2200000, 0x00000000e2200000|100%| O|  |TAMS 0x00000000e2100000, 0x00000000e2100000| Untracked 
|  34|0x00000000e2200000, 0x00000000e2300000, 0x00000000e2300000|100%| O|  |TAMS 0x00000000e2300000, 0x00000000e2200000| Untracked 
|  35|0x00000000e2300000, 0x00000000e2400000, 0x00000000e2400000|100%| O|  |TAMS 0x00000000e2400000, 0x00000000e2300000| Untracked 
|  36|0x00000000e2400000, 0x00000000e2500000, 0x00000000e2500000|100%| O|  |TAMS 0x00000000e2500000, 0x00000000e2400000| Untracked 
|  37|0x00000000e2500000, 0x00000000e2600000, 0x00000000e2600000|100%| O|  |TAMS 0x00000000e2600000, 0x00000000e2500000| Untracked 
|  38|0x00000000e2600000, 0x00000000e2700000, 0x00000000e2700000|100%| O|  |TAMS 0x00000000e2700000, 0x00000000e2600000| Untracked 
|  39|0x00000000e2700000, 0x00000000e2800000, 0x00000000e2800000|100%| O|  |TAMS 0x00000000e2800000, 0x00000000e2700000| Untracked 
|  40|0x00000000e2800000, 0x00000000e2900000, 0x00000000e2900000|100%| O|  |TAMS 0x00000000e2900000, 0x00000000e2800000| Untracked 
|  41|0x00000000e2900000, 0x00000000e2a00000, 0x00000000e2a00000|100%| O|  |TAMS 0x00000000e2a00000, 0x00000000e2900000| Untracked 
|  42|0x00000000e2a00000, 0x00000000e2b00000, 0x00000000e2b00000|100%| O|  |TAMS 0x00000000e2b00000, 0x00000000e2a00000| Untracked 
|  43|0x00000000e2b00000, 0x00000000e2c00000, 0x00000000e2c00000|100%| O|  |TAMS 0x00000000e2c00000, 0x00000000e2b00000| Untracked 
|  44|0x00000000e2c00000, 0x00000000e2d00000, 0x00000000e2d00000|100%| O|  |TAMS 0x00000000e2d00000, 0x00000000e2c00000| Untracked 
|  45|0x00000000e2d00000, 0x00000000e2e00000, 0x00000000e2e00000|100%| O|  |TAMS 0x00000000e2e00000, 0x00000000e2d00000| Untracked 
|  46|0x00000000e2e00000, 0x00000000e2f00000, 0x00000000e2f00000|100%| O|  |TAMS 0x00000000e2f00000, 0x00000000e2e00000| Untracked 
|  47|0x00000000e2f00000, 0x00000000e3000000, 0x00000000e3000000|100%| O|  |TAMS 0x00000000e3000000, 0x00000000e2f00000| Untracked 
|  48|0x00000000e3000000, 0x00000000e3100000, 0x00000000e3100000|100%| O|  |TAMS 0x00000000e3100000, 0x00000000e3000000| Untracked 
|  49|0x00000000e3100000, 0x00000000e3200000, 0x00000000e3200000|100%| O|  |TAMS 0x00000000e3200000, 0x00000000e3100000| Untracked 
|  50|0x00000000e3200000, 0x00000000e3300000, 0x00000000e3300000|100%| O|  |TAMS 0x00000000e3300000, 0x00000000e3200000| Untracked 
|  51|0x00000000e3300000, 0x00000000e3400000, 0x00000000e3400000|100%| O|  |TAMS 0x00000000e33ff000, 0x00000000e3300000| Untracked 
|  52|0x00000000e3400000, 0x00000000e3500000, 0x00000000e3500000|100%| O|  |TAMS 0x00000000e3400000, 0x00000000e3400000| Untracked 
|  53|0x00000000e3500000, 0x00000000e3600000, 0x00000000e3600000|100%| O|  |TAMS 0x00000000e3500000, 0x00000000e3500000| Untracked 
|  54|0x00000000e3600000, 0x00000000e3700000, 0x00000000e3700000|100%| O|  |TAMS 0x00000000e3600000, 0x00000000e3600000| Untracked 
|  55|0x00000000e3700000, 0x00000000e3800000, 0x00000000e3800000|100%| O|  |TAMS 0x00000000e3700000, 0x00000000e3700000| Untracked 
|  56|0x00000000e3800000, 0x00000000e3900000, 0x00000000e3900000|100%| O|  |TAMS 0x00000000e3800000, 0x00000000e3800000| Untracked 
|  57|0x00000000e3900000, 0x00000000e3a00000, 0x00000000e3a00000|100%| O|  |TAMS 0x00000000e3900000, 0x00000000e3900000| Untracked 
|  58|0x00000000e3a00000, 0x00000000e3b00000, 0x00000000e3b00000|100%|HS|  |TAMS 0x00000000e3a00000, 0x00000000e3a00000| Complete 
|  59|0x00000000e3b00000, 0x00000000e3c00000, 0x00000000e3c00000|100%|HC|  |TAMS 0x00000000e3b00000, 0x00000000e3b00000| Complete 
|  60|0x00000000e3c00000, 0x00000000e3d00000, 0x00000000e3d00000|100%| O|  |TAMS 0x00000000e3c00000, 0x00000000e3c00000| Untracked 
|  61|0x00000000e3d00000, 0x00000000e3e00000, 0x00000000e3e00000|100%| O|  |TAMS 0x00000000e3d00000, 0x00000000e3d00000| Untracked 
|  62|0x00000000e3e00000, 0x00000000e3f00000, 0x00000000e3f00000|100%| O|  |TAMS 0x00000000e3e00000, 0x00000000e3e00000| Untracked 
|  63|0x00000000e3f00000, 0x00000000e3fb9000, 0x00000000e4000000| 72%| O|  |TAMS 0x00000000e3f00000, 0x00000000e3f00000| Untracked 
|  64|0x00000000e4000000, 0x00000000e4000000, 0x00000000e4100000|  0%| F|  |TAMS 0x00000000e4000000, 0x00000000e4000000| Untracked 
|  65|0x00000000e4100000, 0x00000000e4100000, 0x00000000e4200000|  0%| F|  |TAMS 0x00000000e4100000, 0x00000000e4100000| Untracked 
|  66|0x00000000e4200000, 0x00000000e4200000, 0x00000000e4300000|  0%| F|  |TAMS 0x00000000e4200000, 0x00000000e4200000| Untracked 
|  67|0x00000000e4300000, 0x00000000e4300000, 0x00000000e4400000|  0%| F|  |TAMS 0x00000000e4300000, 0x00000000e4300000| Untracked 
|  68|0x00000000e4400000, 0x00000000e4400000, 0x00000000e4500000|  0%| F|  |TAMS 0x00000000e4400000, 0x00000000e4400000| Untracked 
|  69|0x00000000e4500000, 0x00000000e4500000, 0x00000000e4600000|  0%| F|  |TAMS 0x00000000e4500000, 0x00000000e4500000| Untracked 
|  70|0x00000000e4600000, 0x00000000e4600000, 0x00000000e4700000|  0%| F|  |TAMS 0x00000000e4600000, 0x00000000e4600000| Untracked 
|  71|0x00000000e4700000, 0x00000000e4700000, 0x00000000e4800000|  0%| F|  |TAMS 0x00000000e4700000, 0x00000000e4700000| Untracked 
|  72|0x00000000e4800000, 0x00000000e4800000, 0x00000000e4900000|  0%| F|  |TAMS 0x00000000e4800000, 0x00000000e4800000| Untracked 
|  73|0x00000000e4900000, 0x00000000e4900000, 0x00000000e4a00000|  0%| F|  |TAMS 0x00000000e4900000, 0x00000000e4900000| Untracked 
|  74|0x00000000e4a00000, 0x00000000e4a00000, 0x00000000e4b00000|  0%| F|  |TAMS 0x00000000e4a00000, 0x00000000e4a00000| Untracked 
|  75|0x00000000e4b00000, 0x00000000e4b00000, 0x00000000e4c00000|  0%| F|  |TAMS 0x00000000e4b00000, 0x00000000e4b00000| Untracked 
|  76|0x00000000e4c00000, 0x00000000e4c00000, 0x00000000e4d00000|  0%| F|  |TAMS 0x00000000e4c00000, 0x00000000e4c00000| Untracked 
|  77|0x00000000e4d00000, 0x00000000e4d00000, 0x00000000e4e00000|  0%| F|  |TAMS 0x00000000e4d00000, 0x00000000e4d00000| Untracked 
|  78|0x00000000e4e00000, 0x00000000e4e00000, 0x00000000e4f00000|  0%| F|  |TAMS 0x00000000e4e00000, 0x00000000e4e00000| Untracked 
|  79|0x00000000e4f00000, 0x00000000e4f00000, 0x00000000e5000000|  0%| F|  |TAMS 0x00000000e4f00000, 0x00000000e4f00000| Untracked 
|  80|0x00000000e5000000, 0x00000000e5000000, 0x00000000e5100000|  0%| F|  |TAMS 0x00000000e5000000, 0x00000000e5000000| Untracked 
|  81|0x00000000e5100000, 0x00000000e5100000, 0x00000000e5200000|  0%| F|  |TAMS 0x00000000e5100000, 0x00000000e5100000| Untracked 
|  82|0x00000000e5200000, 0x00000000e5200000, 0x00000000e5300000|  0%| F|  |TAMS 0x00000000e5200000, 0x00000000e5200000| Untracked 
|  83|0x00000000e5300000, 0x00000000e5300000, 0x00000000e5400000|  0%| F|  |TAMS 0x00000000e5300000, 0x00000000e5300000| Untracked 
|  84|0x00000000e5400000, 0x00000000e5400000, 0x00000000e5500000|  0%| F|  |TAMS 0x00000000e5400000, 0x00000000e5400000| Untracked 
|  85|0x00000000e5500000, 0x00000000e5500000, 0x00000000e5600000|  0%| F|  |TAMS 0x00000000e5500000, 0x00000000e5500000| Untracked 
|  86|0x00000000e5600000, 0x00000000e5600000, 0x00000000e5700000|  0%| F|  |TAMS 0x00000000e5600000, 0x00000000e5600000| Untracked 
|  87|0x00000000e5700000, 0x00000000e5700000, 0x00000000e5800000|  0%| F|  |TAMS 0x00000000e5700000, 0x00000000e5700000| Untracked 
|  88|0x00000000e5800000, 0x00000000e5800000, 0x00000000e5900000|  0%| F|  |TAMS 0x00000000e5800000, 0x00000000e5800000| Untracked 
|  89|0x00000000e5900000, 0x00000000e5900000, 0x00000000e5a00000|  0%| F|  |TAMS 0x00000000e5900000, 0x00000000e5900000| Untracked 
|  90|0x00000000e5a00000, 0x00000000e5a00000, 0x00000000e5b00000|  0%| F|  |TAMS 0x00000000e5a00000, 0x00000000e5a00000| Untracked 
|  91|0x00000000e5b00000, 0x00000000e5b00000, 0x00000000e5c00000|  0%| F|  |TAMS 0x00000000e5b00000, 0x00000000e5b00000| Untracked 
|  92|0x00000000e5c00000, 0x00000000e5c00000, 0x00000000e5d00000|  0%| F|  |TAMS 0x00000000e5c00000, 0x00000000e5c00000| Untracked 
|  93|0x00000000e5d00000, 0x00000000e5d00000, 0x00000000e5e00000|  0%| F|  |TAMS 0x00000000e5d00000, 0x00000000e5d00000| Untracked 
|  94|0x00000000e5e00000, 0x00000000e5e00000, 0x00000000e5f00000|  0%| F|  |TAMS 0x00000000e5e00000, 0x00000000e5e00000| Untracked 
|  95|0x00000000e5f00000, 0x00000000e5f00000, 0x00000000e6000000|  0%| F|  |TAMS 0x00000000e5f00000, 0x00000000e5f00000| Untracked 
|  96|0x00000000e6000000, 0x00000000e6000000, 0x00000000e6100000|  0%| F|  |TAMS 0x00000000e6000000, 0x00000000e6000000| Untracked 
|  97|0x00000000e6100000, 0x00000000e6100000, 0x00000000e6200000|  0%| F|  |TAMS 0x00000000e6100000, 0x00000000e6100000| Untracked 
|  98|0x00000000e6200000, 0x00000000e6200000, 0x00000000e6300000|  0%| F|  |TAMS 0x00000000e6200000, 0x00000000e6200000| Untracked 
|  99|0x00000000e6300000, 0x00000000e6300000, 0x00000000e6400000|  0%| F|  |TAMS 0x00000000e6300000, 0x00000000e6300000| Untracked 
| 100|0x00000000e6400000, 0x00000000e6400000, 0x00000000e6500000|  0%| F|  |TAMS 0x00000000e6400000, 0x00000000e6400000| Untracked 
| 101|0x00000000e6500000, 0x00000000e6500000, 0x00000000e6600000|  0%| F|  |TAMS 0x00000000e6500000, 0x00000000e6500000| Untracked 
| 102|0x00000000e6600000, 0x00000000e6600000, 0x00000000e6700000|  0%| F|  |TAMS 0x00000000e6600000, 0x00000000e6600000| Untracked 
| 103|0x00000000e6700000, 0x00000000e6700000, 0x00000000e6800000|  0%| F|  |TAMS 0x00000000e6700000, 0x00000000e6700000| Untracked 
| 104|0x00000000e6800000, 0x00000000e6800000, 0x00000000e6900000|  0%| F|  |TAMS 0x00000000e6800000, 0x00000000e6800000| Untracked 
| 105|0x00000000e6900000, 0x00000000e6900000, 0x00000000e6a00000|  0%| F|  |TAMS 0x00000000e6900000, 0x00000000e6900000| Untracked 
| 106|0x00000000e6a00000, 0x00000000e6a00000, 0x00000000e6b00000|  0%| F|  |TAMS 0x00000000e6a00000, 0x00000000e6a00000| Untracked 
| 107|0x00000000e6b00000, 0x00000000e6b00000, 0x00000000e6c00000|  0%| F|  |TAMS 0x00000000e6b00000, 0x00000000e6b00000| Untracked 
| 108|0x00000000e6c00000, 0x00000000e6c00000, 0x00000000e6d00000|  0%| F|  |TAMS 0x00000000e6c00000, 0x00000000e6c00000| Untracked 
| 109|0x00000000e6d00000, 0x00000000e6d00000, 0x00000000e6e00000|  0%| F|  |TAMS 0x00000000e6d00000, 0x00000000e6d00000| Untracked 
| 110|0x00000000e6e00000, 0x00000000e6e00000, 0x00000000e6f00000|  0%| F|  |TAMS 0x00000000e6e00000, 0x00000000e6e00000| Untracked 
| 111|0x00000000e6f00000, 0x00000000e6f96850, 0x00000000e7000000| 58%| S|CS|TAMS 0x00000000e6f00000, 0x00000000e6f00000| Complete 
| 112|0x00000000e7000000, 0x00000000e7100000, 0x00000000e7100000|100%| S|CS|TAMS 0x00000000e7000000, 0x00000000e7000000| Complete 
| 113|0x00000000e7100000, 0x00000000e7200000, 0x00000000e7200000|100%| S|CS|TAMS 0x00000000e7100000, 0x00000000e7100000| Complete 
| 114|0x00000000e7200000, 0x00000000e7300000, 0x00000000e7300000|100%| S|CS|TAMS 0x00000000e7200000, 0x00000000e7200000| Complete 
| 115|0x00000000e7300000, 0x00000000e7400000, 0x00000000e7400000|100%| S|CS|TAMS 0x00000000e7300000, 0x00000000e7300000| Complete 
| 116|0x00000000e7400000, 0x00000000e7500000, 0x00000000e7500000|100%| S|CS|TAMS 0x00000000e7400000, 0x00000000e7400000| Complete 
| 117|0x00000000e7500000, 0x00000000e7600000, 0x00000000e7600000|100%| S|CS|TAMS 0x00000000e7500000, 0x00000000e7500000| Complete 
| 118|0x00000000e7600000, 0x00000000e7700000, 0x00000000e7700000|100%| S|CS|TAMS 0x00000000e7600000, 0x00000000e7600000| Complete 
| 119|0x00000000e7700000, 0x00000000e7800000, 0x00000000e7800000|100%| S|CS|TAMS 0x00000000e7700000, 0x00000000e7700000| Complete 
| 120|0x00000000e7800000, 0x00000000e7900000, 0x00000000e7900000|100%| S|CS|TAMS 0x00000000e7800000, 0x00000000e7800000| Complete 
| 121|0x00000000e7900000, 0x00000000e7a00000, 0x00000000e7a00000|100%| S|CS|TAMS 0x00000000e7900000, 0x00000000e7900000| Complete 
| 122|0x00000000e7a00000, 0x00000000e7b00000, 0x00000000e7b00000|100%| S|CS|TAMS 0x00000000e7a00000, 0x00000000e7a00000| Complete 
| 123|0x00000000e7b00000, 0x00000000e7b00000, 0x00000000e7c00000|  0%| F|  |TAMS 0x00000000e7b00000, 0x00000000e7b00000| Untracked 
| 124|0x00000000e7c00000, 0x00000000e7c00000, 0x00000000e7d00000|  0%| F|  |TAMS 0x00000000e7c00000, 0x00000000e7c00000| Untracked 
| 125|0x00000000e7d00000, 0x00000000e7d00000, 0x00000000e7e00000|  0%| F|  |TAMS 0x00000000e7d00000, 0x00000000e7d00000| Untracked 
| 126|0x00000000e7e00000, 0x00000000e7e00000, 0x00000000e7f00000|  0%| F|  |TAMS 0x00000000e7e00000, 0x00000000e7e00000| Untracked 
| 127|0x00000000e7f00000, 0x00000000e7f00000, 0x00000000e8000000|  0%| F|  |TAMS 0x00000000e7f00000, 0x00000000e7f00000| Untracked 
| 128|0x00000000e8000000, 0x00000000e8000000, 0x00000000e8100000|  0%| F|  |TAMS 0x00000000e8000000, 0x00000000e8000000| Untracked 
| 129|0x00000000e8100000, 0x00000000e8100000, 0x00000000e8200000|  0%| F|  |TAMS 0x00000000e8100000, 0x00000000e8100000| Untracked 
| 130|0x00000000e8200000, 0x00000000e8200000, 0x00000000e8300000|  0%| F|  |TAMS 0x00000000e8200000, 0x00000000e8200000| Untracked 
| 131|0x00000000e8300000, 0x00000000e8300000, 0x00000000e8400000|  0%| F|  |TAMS 0x00000000e8300000, 0x00000000e8300000| Untracked 
| 132|0x00000000e8400000, 0x00000000e8400000, 0x00000000e8500000|  0%| F|  |TAMS 0x00000000e8400000, 0x00000000e8400000| Untracked 
| 133|0x00000000e8500000, 0x00000000e8500000, 0x00000000e8600000|  0%| F|  |TAMS 0x00000000e8500000, 0x00000000e8500000| Untracked 
| 134|0x00000000e8600000, 0x00000000e8600000, 0x00000000e8700000|  0%| F|  |TAMS 0x00000000e8600000, 0x00000000e8600000| Untracked 
| 135|0x00000000e8700000, 0x00000000e8700000, 0x00000000e8800000|  0%| F|  |TAMS 0x00000000e8700000, 0x00000000e8700000| Untracked 
| 136|0x00000000e8800000, 0x00000000e8800000, 0x00000000e8900000|  0%| F|  |TAMS 0x00000000e8800000, 0x00000000e8800000| Untracked 
| 137|0x00000000e8900000, 0x00000000e8900000, 0x00000000e8a00000|  0%| F|  |TAMS 0x00000000e8900000, 0x00000000e8900000| Untracked 
| 138|0x00000000e8a00000, 0x00000000e8a00000, 0x00000000e8b00000|  0%| F|  |TAMS 0x00000000e8a00000, 0x00000000e8a00000| Untracked 
| 139|0x00000000e8b00000, 0x00000000e8b00000, 0x00000000e8c00000|  0%| F|  |TAMS 0x00000000e8b00000, 0x00000000e8b00000| Untracked 
| 140|0x00000000e8c00000, 0x00000000e8c00000, 0x00000000e8d00000|  0%| F|  |TAMS 0x00000000e8c00000, 0x00000000e8c00000| Untracked 
| 141|0x00000000e8d00000, 0x00000000e8d00000, 0x00000000e8e00000|  0%| F|  |TAMS 0x00000000e8d00000, 0x00000000e8d00000| Untracked 
| 142|0x00000000e8e00000, 0x00000000e8e00000, 0x00000000e8f00000|  0%| F|  |TAMS 0x00000000e8e00000, 0x00000000e8e00000| Untracked 
| 143|0x00000000e8f00000, 0x00000000e8f00000, 0x00000000e9000000|  0%| F|  |TAMS 0x00000000e8f00000, 0x00000000e8f00000| Untracked 
| 144|0x00000000e9000000, 0x00000000e9000000, 0x00000000e9100000|  0%| F|  |TAMS 0x00000000e9000000, 0x00000000e9000000| Untracked 
| 145|0x00000000e9100000, 0x00000000e9100000, 0x00000000e9200000|  0%| F|  |TAMS 0x00000000e9100000, 0x00000000e9100000| Untracked 
| 146|0x00000000e9200000, 0x00000000e9200000, 0x00000000e9300000|  0%| F|  |TAMS 0x00000000e9200000, 0x00000000e9200000| Untracked 
| 147|0x00000000e9300000, 0x00000000e9300000, 0x00000000e9400000|  0%| F|  |TAMS 0x00000000e9300000, 0x00000000e9300000| Untracked 
| 148|0x00000000e9400000, 0x00000000e9400000, 0x00000000e9500000|  0%| F|  |TAMS 0x00000000e9400000, 0x00000000e9400000| Untracked 
| 149|0x00000000e9500000, 0x00000000e9500000, 0x00000000e9600000|  0%| F|  |TAMS 0x00000000e9500000, 0x00000000e9500000| Untracked 
| 150|0x00000000e9600000, 0x00000000e9600000, 0x00000000e9700000|  0%| F|  |TAMS 0x00000000e9600000, 0x00000000e9600000| Untracked 
| 151|0x00000000e9700000, 0x00000000e9700000, 0x00000000e9800000|  0%| F|  |TAMS 0x00000000e9700000, 0x00000000e9700000| Untracked 
| 152|0x00000000e9800000, 0x00000000e9800000, 0x00000000e9900000|  0%| F|  |TAMS 0x00000000e9800000, 0x00000000e9800000| Untracked 
| 153|0x00000000e9900000, 0x00000000e9900000, 0x00000000e9a00000|  0%| F|  |TAMS 0x00000000e9900000, 0x00000000e9900000| Untracked 
| 154|0x00000000e9a00000, 0x00000000e9a00000, 0x00000000e9b00000|  0%| F|  |TAMS 0x00000000e9a00000, 0x00000000e9a00000| Untracked 
| 155|0x00000000e9b00000, 0x00000000e9b00000, 0x00000000e9c00000|  0%| F|  |TAMS 0x00000000e9b00000, 0x00000000e9b00000| Untracked 
| 156|0x00000000e9c00000, 0x00000000e9c00000, 0x00000000e9d00000|  0%| F|  |TAMS 0x00000000e9c00000, 0x00000000e9c00000| Untracked 
| 157|0x00000000e9d00000, 0x00000000e9d00000, 0x00000000e9e00000|  0%| F|  |TAMS 0x00000000e9d00000, 0x00000000e9d00000| Untracked 
| 158|0x00000000e9e00000, 0x00000000e9e00000, 0x00000000e9f00000|  0%| F|  |TAMS 0x00000000e9e00000, 0x00000000e9e00000| Untracked 
| 159|0x00000000e9f00000, 0x00000000e9f00000, 0x00000000ea000000|  0%| F|  |TAMS 0x00000000e9f00000, 0x00000000e9f00000| Untracked 
| 160|0x00000000ea000000, 0x00000000ea000000, 0x00000000ea100000|  0%| F|  |TAMS 0x00000000ea000000, 0x00000000ea000000| Untracked 
| 161|0x00000000ea100000, 0x00000000ea100000, 0x00000000ea200000|  0%| F|  |TAMS 0x00000000ea100000, 0x00000000ea100000| Untracked 
| 162|0x00000000ea200000, 0x00000000ea200000, 0x00000000ea300000|  0%| F|  |TAMS 0x00000000ea200000, 0x00000000ea200000| Untracked 
| 163|0x00000000ea300000, 0x00000000ea300000, 0x00000000ea400000|  0%| F|  |TAMS 0x00000000ea300000, 0x00000000ea300000| Untracked 
| 164|0x00000000ea400000, 0x00000000ea400000, 0x00000000ea500000|  0%| F|  |TAMS 0x00000000ea400000, 0x00000000ea400000| Untracked 
| 165|0x00000000ea500000, 0x00000000ea500000, 0x00000000ea600000|  0%| F|  |TAMS 0x00000000ea500000, 0x00000000ea500000| Untracked 
| 166|0x00000000ea600000, 0x00000000ea600000, 0x00000000ea700000|  0%| F|  |TAMS 0x00000000ea600000, 0x00000000ea600000| Untracked 
| 167|0x00000000ea700000, 0x00000000ea700000, 0x00000000ea800000|  0%| F|  |TAMS 0x00000000ea700000, 0x00000000ea700000| Untracked 
| 168|0x00000000ea800000, 0x00000000ea800000, 0x00000000ea900000|  0%| F|  |TAMS 0x00000000ea800000, 0x00000000ea800000| Untracked 
| 169|0x00000000ea900000, 0x00000000ea900000, 0x00000000eaa00000|  0%| F|  |TAMS 0x00000000ea900000, 0x00000000ea900000| Untracked 
| 170|0x00000000eaa00000, 0x00000000eaa00000, 0x00000000eab00000|  0%| F|  |TAMS 0x00000000eaa00000, 0x00000000eaa00000| Untracked 
| 171|0x00000000eab00000, 0x00000000eab00000, 0x00000000eac00000|  0%| F|  |TAMS 0x00000000eab00000, 0x00000000eab00000| Untracked 
| 172|0x00000000eac00000, 0x00000000eac00000, 0x00000000ead00000|  0%| F|  |TAMS 0x00000000eac00000, 0x00000000eac00000| Untracked 
| 173|0x00000000ead00000, 0x00000000ead00000, 0x00000000eae00000|  0%| F|  |TAMS 0x00000000ead00000, 0x00000000ead00000| Untracked 
| 174|0x00000000eae00000, 0x00000000eae00000, 0x00000000eaf00000|  0%| F|  |TAMS 0x00000000eae00000, 0x00000000eae00000| Untracked 
| 175|0x00000000eaf00000, 0x00000000eaf00000, 0x00000000eb000000|  0%| F|  |TAMS 0x00000000eaf00000, 0x00000000eaf00000| Untracked 
| 176|0x00000000eb000000, 0x00000000eb000000, 0x00000000eb100000|  0%| F|  |TAMS 0x00000000eb000000, 0x00000000eb000000| Untracked 
| 177|0x00000000eb100000, 0x00000000eb100000, 0x00000000eb200000|  0%| F|  |TAMS 0x00000000eb100000, 0x00000000eb100000| Untracked 
| 178|0x00000000eb200000, 0x00000000eb200000, 0x00000000eb300000|  0%| F|  |TAMS 0x00000000eb200000, 0x00000000eb200000| Untracked 
| 179|0x00000000eb300000, 0x00000000eb300000, 0x00000000eb400000|  0%| F|  |TAMS 0x00000000eb300000, 0x00000000eb300000| Untracked 
| 180|0x00000000eb400000, 0x00000000eb400000, 0x00000000eb500000|  0%| F|  |TAMS 0x00000000eb400000, 0x00000000eb400000| Untracked 
| 181|0x00000000eb500000, 0x00000000eb500000, 0x00000000eb600000|  0%| F|  |TAMS 0x00000000eb500000, 0x00000000eb500000| Untracked 
| 182|0x00000000eb600000, 0x00000000eb600000, 0x00000000eb700000|  0%| F|  |TAMS 0x00000000eb600000, 0x00000000eb600000| Untracked 
| 183|0x00000000eb700000, 0x00000000eb700000, 0x00000000eb800000|  0%| F|  |TAMS 0x00000000eb700000, 0x00000000eb700000| Untracked 
| 184|0x00000000eb800000, 0x00000000eb800000, 0x00000000eb900000|  0%| F|  |TAMS 0x00000000eb800000, 0x00000000eb800000| Untracked 
| 185|0x00000000eb900000, 0x00000000eb900000, 0x00000000eba00000|  0%| F|  |TAMS 0x00000000eb900000, 0x00000000eb900000| Untracked 
| 186|0x00000000eba00000, 0x00000000eba00000, 0x00000000ebb00000|  0%| F|  |TAMS 0x00000000eba00000, 0x00000000eba00000| Untracked 
| 187|0x00000000ebb00000, 0x00000000ebb00000, 0x00000000ebc00000|  0%| F|  |TAMS 0x00000000ebb00000, 0x00000000ebb00000| Untracked 
| 188|0x00000000ebc00000, 0x00000000ebc00000, 0x00000000ebd00000|  0%| F|  |TAMS 0x00000000ebc00000, 0x00000000ebc00000| Untracked 
| 189|0x00000000ebd00000, 0x00000000ebd00000, 0x00000000ebe00000|  0%| F|  |TAMS 0x00000000ebd00000, 0x00000000ebd00000| Untracked 
| 190|0x00000000ebe00000, 0x00000000ebe00000, 0x00000000ebf00000|  0%| F|  |TAMS 0x00000000ebe00000, 0x00000000ebe00000| Untracked 
| 191|0x00000000ebf00000, 0x00000000ebf00000, 0x00000000ec000000|  0%| F|  |TAMS 0x00000000ebf00000, 0x00000000ebf00000| Untracked 
| 192|0x00000000ec000000, 0x00000000ec000000, 0x00000000ec100000|  0%| F|  |TAMS 0x00000000ec000000, 0x00000000ec000000| Untracked 
| 193|0x00000000ec100000, 0x00000000ec100000, 0x00000000ec200000|  0%| F|  |TAMS 0x00000000ec100000, 0x00000000ec100000| Untracked 
| 194|0x00000000ec200000, 0x00000000ec200000, 0x00000000ec300000|  0%| F|  |TAMS 0x00000000ec200000, 0x00000000ec200000| Untracked 
| 195|0x00000000ec300000, 0x00000000ec300000, 0x00000000ec400000|  0%| F|  |TAMS 0x00000000ec300000, 0x00000000ec300000| Untracked 
| 196|0x00000000ec400000, 0x00000000ec400000, 0x00000000ec500000|  0%| F|  |TAMS 0x00000000ec400000, 0x00000000ec400000| Untracked 
| 197|0x00000000ec500000, 0x00000000ec500000, 0x00000000ec600000|  0%| F|  |TAMS 0x00000000ec500000, 0x00000000ec500000| Untracked 
| 198|0x00000000ec600000, 0x00000000ec600000, 0x00000000ec700000|  0%| F|  |TAMS 0x00000000ec600000, 0x00000000ec600000| Untracked 
| 199|0x00000000ec700000, 0x00000000ec700000, 0x00000000ec800000|  0%| F|  |TAMS 0x00000000ec700000, 0x00000000ec700000| Untracked 
| 200|0x00000000ec800000, 0x00000000ec800000, 0x00000000ec900000|  0%| F|  |TAMS 0x00000000ec800000, 0x00000000ec800000| Untracked 
| 201|0x00000000ec900000, 0x00000000ec900000, 0x00000000eca00000|  0%| F|  |TAMS 0x00000000ec900000, 0x00000000ec900000| Untracked 
| 202|0x00000000eca00000, 0x00000000eca00000, 0x00000000ecb00000|  0%| F|  |TAMS 0x00000000eca00000, 0x00000000eca00000| Untracked 
| 203|0x00000000ecb00000, 0x00000000ecb00000, 0x00000000ecc00000|  0%| F|  |TAMS 0x00000000ecb00000, 0x00000000ecb00000| Untracked 
| 204|0x00000000ecc00000, 0x00000000ecc00000, 0x00000000ecd00000|  0%| F|  |TAMS 0x00000000ecc00000, 0x00000000ecc00000| Untracked 
| 205|0x00000000ecd00000, 0x00000000ecd00000, 0x00000000ece00000|  0%| F|  |TAMS 0x00000000ecd00000, 0x00000000ecd00000| Untracked 
| 206|0x00000000ece00000, 0x00000000ece00000, 0x00000000ecf00000|  0%| F|  |TAMS 0x00000000ece00000, 0x00000000ece00000| Untracked 
| 207|0x00000000ecf00000, 0x00000000ecf00000, 0x00000000ed000000|  0%| F|  |TAMS 0x00000000ecf00000, 0x00000000ecf00000| Untracked 
| 208|0x00000000ed000000, 0x00000000ed000000, 0x00000000ed100000|  0%| F|  |TAMS 0x00000000ed000000, 0x00000000ed000000| Untracked 
| 209|0x00000000ed100000, 0x00000000ed100000, 0x00000000ed200000|  0%| F|  |TAMS 0x00000000ed100000, 0x00000000ed100000| Untracked 
| 210|0x00000000ed200000, 0x00000000ed200000, 0x00000000ed300000|  0%| F|  |TAMS 0x00000000ed200000, 0x00000000ed200000| Untracked 
| 211|0x00000000ed300000, 0x00000000ed300000, 0x00000000ed400000|  0%| F|  |TAMS 0x00000000ed300000, 0x00000000ed300000| Untracked 
| 212|0x00000000ed400000, 0x00000000ed400000, 0x00000000ed500000|  0%| F|  |TAMS 0x00000000ed400000, 0x00000000ed400000| Untracked 
| 213|0x00000000ed500000, 0x00000000ed500000, 0x00000000ed600000|  0%| F|  |TAMS 0x00000000ed500000, 0x00000000ed500000| Untracked 
| 214|0x00000000ed600000, 0x00000000ed600000, 0x00000000ed700000|  0%| F|  |TAMS 0x00000000ed600000, 0x00000000ed600000| Untracked 
| 215|0x00000000ed700000, 0x00000000ed700000, 0x00000000ed800000|  0%| F|  |TAMS 0x00000000ed700000, 0x00000000ed700000| Untracked 
| 216|0x00000000ed800000, 0x00000000ed800000, 0x00000000ed900000|  0%| F|  |TAMS 0x00000000ed800000, 0x00000000ed800000| Untracked 
| 217|0x00000000ed900000, 0x00000000ed900000, 0x00000000eda00000|  0%| F|  |TAMS 0x00000000ed900000, 0x00000000ed900000| Untracked 
| 218|0x00000000eda00000, 0x00000000eda00000, 0x00000000edb00000|  0%| F|  |TAMS 0x00000000eda00000, 0x00000000eda00000| Untracked 
| 219|0x00000000edb00000, 0x00000000edb00000, 0x00000000edc00000|  0%| F|  |TAMS 0x00000000edb00000, 0x00000000edb00000| Untracked 
| 220|0x00000000edc00000, 0x00000000edc00000, 0x00000000edd00000|  0%| F|  |TAMS 0x00000000edc00000, 0x00000000edc00000| Untracked 
| 221|0x00000000edd00000, 0x00000000edd00000, 0x00000000ede00000|  0%| F|  |TAMS 0x00000000edd00000, 0x00000000edd00000| Untracked 
| 222|0x00000000ede00000, 0x00000000ede00000, 0x00000000edf00000|  0%| F|  |TAMS 0x00000000ede00000, 0x00000000ede00000| Untracked 
| 223|0x00000000edf00000, 0x00000000edf00000, 0x00000000ee000000|  0%| F|  |TAMS 0x00000000edf00000, 0x00000000edf00000| Untracked 
| 224|0x00000000ee000000, 0x00000000ee000000, 0x00000000ee100000|  0%| F|  |TAMS 0x00000000ee000000, 0x00000000ee000000| Untracked 
| 225|0x00000000ee100000, 0x00000000ee100000, 0x00000000ee200000|  0%| F|  |TAMS 0x00000000ee100000, 0x00000000ee100000| Untracked 
| 226|0x00000000ee200000, 0x00000000ee200000, 0x00000000ee300000|  0%| F|  |TAMS 0x00000000ee200000, 0x00000000ee200000| Untracked 
| 227|0x00000000ee300000, 0x00000000ee300000, 0x00000000ee400000|  0%| F|  |TAMS 0x00000000ee300000, 0x00000000ee300000| Untracked 
| 228|0x00000000ee400000, 0x00000000ee400000, 0x00000000ee500000|  0%| F|  |TAMS 0x00000000ee400000, 0x00000000ee400000| Untracked 
| 229|0x00000000ee500000, 0x00000000ee500000, 0x00000000ee600000|  0%| F|  |TAMS 0x00000000ee500000, 0x00000000ee500000| Untracked 
| 230|0x00000000ee600000, 0x00000000ee600000, 0x00000000ee700000|  0%| F|  |TAMS 0x00000000ee600000, 0x00000000ee600000| Untracked 
| 231|0x00000000ee700000, 0x00000000ee700000, 0x00000000ee800000|  0%| F|  |TAMS 0x00000000ee700000, 0x00000000ee700000| Untracked 
| 232|0x00000000ee800000, 0x00000000ee800000, 0x00000000ee900000|  0%| F|  |TAMS 0x00000000ee800000, 0x00000000ee800000| Untracked 
| 233|0x00000000ee900000, 0x00000000ee900000, 0x00000000eea00000|  0%| F|  |TAMS 0x00000000ee900000, 0x00000000ee900000| Untracked 
| 234|0x00000000eea00000, 0x00000000eea00000, 0x00000000eeb00000|  0%| F|  |TAMS 0x00000000eea00000, 0x00000000eea00000| Untracked 
| 235|0x00000000eeb00000, 0x00000000eeb00000, 0x00000000eec00000|  0%| F|  |TAMS 0x00000000eeb00000, 0x00000000eeb00000| Untracked 
| 236|0x00000000eec00000, 0x00000000eec00000, 0x00000000eed00000|  0%| F|  |TAMS 0x00000000eec00000, 0x00000000eec00000| Untracked 
| 237|0x00000000eed00000, 0x00000000eed00000, 0x00000000eee00000|  0%| F|  |TAMS 0x00000000eed00000, 0x00000000eed00000| Untracked 
| 238|0x00000000eee00000, 0x00000000eee00000, 0x00000000eef00000|  0%| F|  |TAMS 0x00000000eee00000, 0x00000000eee00000| Untracked 
| 239|0x00000000eef00000, 0x00000000eef00000, 0x00000000ef000000|  0%| F|  |TAMS 0x00000000eef00000, 0x00000000eef00000| Untracked 
| 240|0x00000000ef000000, 0x00000000ef000000, 0x00000000ef100000|  0%| F|  |TAMS 0x00000000ef000000, 0x00000000ef000000| Untracked 
| 241|0x00000000ef100000, 0x00000000ef100000, 0x00000000ef200000|  0%| F|  |TAMS 0x00000000ef100000, 0x00000000ef100000| Untracked 
| 242|0x00000000ef200000, 0x00000000ef200000, 0x00000000ef300000|  0%| F|  |TAMS 0x00000000ef200000, 0x00000000ef200000| Untracked 
| 243|0x00000000ef300000, 0x00000000ef300000, 0x00000000ef400000|  0%| F|  |TAMS 0x00000000ef300000, 0x00000000ef300000| Untracked 
| 244|0x00000000ef400000, 0x00000000ef400000, 0x00000000ef500000|  0%| F|  |TAMS 0x00000000ef400000, 0x00000000ef400000| Untracked 
| 245|0x00000000ef500000, 0x00000000ef500000, 0x00000000ef600000|  0%| F|  |TAMS 0x00000000ef500000, 0x00000000ef500000| Untracked 
| 246|0x00000000ef600000, 0x00000000ef700000, 0x00000000ef700000|100%| E|  |TAMS 0x00000000ef600000, 0x00000000ef600000| Complete 
| 247|0x00000000ef700000, 0x00000000ef800000, 0x00000000ef800000|100%| E|CS|TAMS 0x00000000ef700000, 0x00000000ef700000| Complete 
| 248|0x00000000ef800000, 0x00000000ef900000, 0x00000000ef900000|100%| E|CS|TAMS 0x00000000ef800000, 0x00000000ef800000| Complete 
| 249|0x00000000ef900000, 0x00000000efa00000, 0x00000000efa00000|100%| E|CS|TAMS 0x00000000ef900000, 0x00000000ef900000| Complete 
| 250|0x00000000efa00000, 0x00000000efb00000, 0x00000000efb00000|100%| E|CS|TAMS 0x00000000efa00000, 0x00000000efa00000| Complete 
| 251|0x00000000efb00000, 0x00000000efc00000, 0x00000000efc00000|100%| E|CS|TAMS 0x00000000efb00000, 0x00000000efb00000| Complete 
| 252|0x00000000efc00000, 0x00000000efd00000, 0x00000000efd00000|100%| E|CS|TAMS 0x00000000efc00000, 0x00000000efc00000| Complete 
| 253|0x00000000efd00000, 0x00000000efe00000, 0x00000000efe00000|100%| E|CS|TAMS 0x00000000efd00000, 0x00000000efd00000| Complete 
| 254|0x00000000efe00000, 0x00000000eff00000, 0x00000000eff00000|100%| E|CS|TAMS 0x00000000efe00000, 0x00000000efe00000| Complete 
| 255|0x00000000eff00000, 0x00000000f0000000, 0x00000000f0000000|100%| E|CS|TAMS 0x00000000eff00000, 0x00000000eff00000| Complete 

Card table byte_map: [0x00000246fb1a0000,0x00000246fb2a0000] _byte_map_base: 0x00000246faaa0000

Marking Bits (Prev, Next): (CMBitMap*) 0x00000246e42621c0, (CMBitMap*) 0x00000246e4262200
 Prev Bits: [0x00000246fb3a0000, 0x00000246fbba0000)
 Next Bits: [0x00000246fbba0000, 0x00000246fc3a0000)

Polling page: 0x00000246e21d0000

Metaspace:

Usage:
  Non-class:     42.74 MB used.
      Class:      6.92 MB used.
       Both:     49.66 MB used.

Virtual space:
  Non-class space:       64.00 MB reserved,      43.00 MB ( 67%) committed,  1 nodes.
      Class space:      320.00 MB reserved,       7.19 MB (  2%) committed,  1 nodes.
             Both:      384.00 MB reserved,      50.19 MB ( 13%) committed. 

Chunk freelists:
   Non-Class:  4.77 MB
       Class:  8.80 MB
        Both:  13.56 MB

MaxMetaspaceSize: 384.00 MB
CompressedClassSpaceSize: 320.00 MB
Initial GC threshold: 21.00 MB
Current GC threshold: 59.50 MB
CDS: on
MetaspaceReclaimPolicy: balanced
 - commit_granule_bytes: 65536.
 - commit_granule_words: 8192.
 - virtual_space_node_default_size: 8388608.
 - enlarge_chunks_in_place: 1.
 - new_chunks_are_fully_committed: 0.
 - uncommit_free_chunks: 1.
 - use_allocation_guard: 0.
 - handle_deallocations: 1.


Internal statistics:

num_allocs_failed_limit: 9.
num_arena_births: 648.
num_arena_deaths: 0.
num_vsnodes_births: 2.
num_vsnodes_deaths: 0.
num_space_committed: 803.
num_space_uncommitted: 0.
num_chunks_returned_to_freelist: 9.
num_chunks_taken_from_freelist: 2684.
num_chunk_merges: 9.
num_chunk_splits: 1773.
num_chunks_enlarged: 1190.
num_inconsistent_stats: 0.

CodeHeap 'non-profiled nmethods': size=120000Kb used=6173Kb max_used=6576Kb free=113826Kb
 bounds [0x00000246f3840000, 0x00000246f3ec0000, 0x00000246fad70000]
CodeHeap 'profiled nmethods': size=120000Kb used=12521Kb max_used=13556Kb free=107478Kb
 bounds [0x00000246ebd70000, 0x00000246ecab0000, 0x00000246f32a0000]
CodeHeap 'non-nmethods': size=5760Kb used=2332Kb max_used=2485Kb free=3427Kb
 bounds [0x00000246f32a0000, 0x00000246f3540000, 0x00000246f3840000]
 total_blobs=7882 nmethods=7029 adapters=765
 compilation: enabled
              stopped_count=0, restarted_count=0
 full_count=0

Compilation events (20 events):
Event: 84.796 Thread 0x00000246feddef70 8721       3       groovyjarjarantlr4.v4.runtime.misc.IntegerStack::pop (11 bytes)
Event: 84.796 Thread 0x00000246feddef70 nmethod 8721 0x00000246ec432410 code [0x00000246ec4325c0, 0x00000246ec432708]
Event: 84.796 Thread 0x00000246feddef70 8722       3       groovyjarjarantlr4.v4.runtime.misc.IntegerList::removeAt (53 bytes)
Event: 84.797 Thread 0x00000246feddef70 nmethod 8722 0x00000246ec431c90 code [0x00000246ec431e60, 0x00000246ec432258]
Event: 84.799 Thread 0x00000246feddef70 8723       3       org.apache.groovy.parser.antlr4.GroovyLexer::action (265 bytes)
Event: 84.801 Thread 0x00000246feddef70 nmethod 8723 0x00000246ebece510 code [0x00000246ebece8a0, 0x00000246ebecfc38]
Event: 84.813 Thread 0x00000246feddef70 8725       3       groovyjarjarantlr4.v4.runtime.misc.IntegerList::add (43 bytes)
Event: 84.814 Thread 0x00000246feddef70 nmethod 8725 0x00000246ec431810 code [0x00000246ec4319c0, 0x00000246ec431b88]
Event: 84.814 Thread 0x00000246feddef70 8726       3       java.util.concurrent.atomic.AtomicReference::compareAndSet (10 bytes)
Event: 84.816 Thread 0x00000246feddef70 nmethod 8726 0x00000246ebecd210 code [0x00000246ebecd4a0, 0x00000246ebece0b8]
Event: 84.829 Thread 0x00000246feddef70 8728       3       groovyjarjarantlr4.v4.runtime.atn.SemanticContext$OR::<init> (140 bytes)
Event: 84.832 Thread 0x00000246feddef70 nmethod 8728 0x00000246ec646690 code [0x00000246ec646a40, 0x00000246ec648cb8]
Event: 84.888 Thread 0x00000246ff841970 nmethod 8705 0x00000246f3c81a90 code [0x00000246f3c81f20, 0x00000246f3c86bd8]
Event: 84.889 Thread 0x00000246ff841970 8724       4       groovyjarjarantlr4.v4.runtime.atn.PredictionContextCache::join (79 bytes)
Event: 84.957 Thread 0x00000246feddef70 8732       3       java.util.BitSet::<init> (26 bytes)
Event: 84.957 Thread 0x00000246feddef70 nmethod 8732 0x00000246ec431210 code [0x00000246ec4313c0, 0x00000246ec4316f8]
Event: 84.957 Thread 0x00000246feddef70 8729   !   3       org.apache.groovy.parser.antlr4.GroovyParser::nls (193 bytes)
Event: 84.959 Thread 0x00000246feddef70 nmethod 8729 0x00000246ec9a7790 code [0x00000246ec9a7a40, 0x00000246ec9a8d78]
Event: 84.959 Thread 0x00000246feddef70 8730       3       org.apache.groovy.parser.antlr4.GroovyParser$NlsContext::<init> (7 bytes)
Event: 84.959 Thread 0x00000246feddef70 nmethod 8730 0x00000246ebeccc10 code [0x00000246ebeccdc0, 0x00000246ebecd0d8]

GC Heap History (20 events):
Event: 29.395 GC heap before
{Heap before GC invocations=6 (full 0):
 garbage-first heap   total 262144K, used 54417K [0x00000000e0000000, 0x0000000100000000)
  region size 1024K, 20 young (20480K), 19 survivors (19456K)
 Metaspace       used 35782K, committed 36224K, reserved 393216K
  class space    used 4989K, committed 5184K, reserved 327680K
}
Event: 29.412 GC heap after
{Heap after GC invocations=7 (full 0):
 garbage-first heap   total 262144K, used 54602K [0x00000000e0000000, 0x0000000100000000)
  region size 1024K, 3 young (3072K), 3 survivors (3072K)
 Metaspace       used 35782K, committed 36224K, reserved 393216K
  class space    used 4989K, committed 5184K, reserved 327680K
}
Event: 29.437 GC heap before
{Heap before GC invocations=7 (full 0):
 garbage-first heap   total 262144K, used 54602K [0x00000000e0000000, 0x0000000100000000)
  region size 1024K, 5 young (5120K), 3 survivors (3072K)
 Metaspace       used 35997K, committed 36416K, reserved 393216K
  class space    used 4992K, committed 5184K, reserved 327680K
}
Event: 29.439 GC heap after
{Heap after GC invocations=8 (full 0):
 garbage-first heap   total 262144K, used 53044K [0x00000000e0000000, 0x0000000100000000)
  region size 1024K, 1 young (1024K), 1 survivors (1024K)
 Metaspace       used 35997K, committed 36416K, reserved 393216K
  class space    used 4992K, committed 5184K, reserved 327680K
}
Event: 36.434 GC heap before
{Heap before GC invocations=9 (full 0):
 garbage-first heap   total 262144K, used 172852K [0x00000000e0000000, 0x0000000100000000)
  region size 1024K, 119 young (121856K), 1 survivors (1024K)
 Metaspace       used 47571K, committed 48192K, reserved 393216K
  class space    used 6752K, committed 7040K, reserved 327680K
}
Event: 36.444 GC heap after
{Heap after GC invocations=10 (full 0):
 garbage-first heap   total 262144K, used 58393K [0x00000000e0000000, 0x0000000100000000)
  region size 1024K, 7 young (7168K), 7 survivors (7168K)
 Metaspace       used 47571K, committed 48192K, reserved 393216K
  class space    used 6752K, committed 7040K, reserved 327680K
}
Event: 36.701 GC heap before
{Heap before GC invocations=10 (full 0):
 garbage-first heap   total 262144K, used 63513K [0x00000000e0000000, 0x0000000100000000)
  region size 1024K, 12 young (12288K), 7 survivors (7168K)
 Metaspace       used 47981K, committed 48576K, reserved 393216K
  class space    used 6828K, committed 7104K, reserved 327680K
}
Event: 36.714 GC heap after
{Heap after GC invocations=11 (full 0):
 garbage-first heap   total 262144K, used 58888K [0x00000000e0000000, 0x0000000100000000)
  region size 1024K, 1 young (1024K), 1 survivors (1024K)
 Metaspace       used 47981K, committed 48576K, reserved 393216K
  class space    used 6828K, committed 7104K, reserved 327680K
}
Event: 60.615 GC heap before
{Heap before GC invocations=11 (full 0):
 garbage-first heap   total 262144K, used 183816K [0x00000000e0000000, 0x0000000100000000)
  region size 1024K, 123 young (125952K), 1 survivors (1024K)
 Metaspace       used 49659K, committed 50240K, reserved 393216K
  class space    used 7019K, committed 7296K, reserved 327680K
}
Event: 60.625 GC heap after
{Heap after GC invocations=12 (full 0):
 garbage-first heap   total 262144K, used 62344K [0x00000000e0000000, 0x0000000100000000)
  region size 1024K, 5 young (5120K), 5 survivors (5120K)
 Metaspace       used 49659K, committed 50240K, reserved 393216K
  class space    used 7019K, committed 7296K, reserved 327680K
}
Event: 64.740 GC heap before
{Heap before GC invocations=12 (full 0):
 garbage-first heap   total 262144K, used 192392K [0x00000000e0000000, 0x0000000100000000)
  region size 1024K, 131 young (134144K), 5 survivors (5120K)
 Metaspace       used 49836K, committed 50432K, reserved 393216K
  class space    used 7020K, committed 7296K, reserved 327680K
}
Event: 64.747 GC heap after
{Heap after GC invocations=13 (full 0):
 garbage-first heap   total 262144K, used 63606K [0x00000000e0000000, 0x0000000100000000)
  region size 1024K, 6 young (6144K), 6 survivors (6144K)
 Metaspace       used 49836K, committed 50432K, reserved 393216K
  class space    used 7020K, committed 7296K, reserved 327680K
}
Event: 66.564 GC heap before
{Heap before GC invocations=13 (full 0):
 garbage-first heap   total 262144K, used 200822K [0x00000000e0000000, 0x0000000100000000)
  region size 1024K, 140 young (143360K), 6 survivors (6144K)
 Metaspace       used 49867K, committed 50432K, reserved 393216K
  class space    used 7021K, committed 7296K, reserved 327680K
}
Event: 66.576 GC heap after
{Heap after GC invocations=14 (full 0):
 garbage-first heap   total 262144K, used 64611K [0x00000000e0000000, 0x0000000100000000)
  region size 1024K, 7 young (7168K), 7 survivors (7168K)
 Metaspace       used 49867K, committed 50432K, reserved 393216K
  class space    used 7021K, committed 7296K, reserved 327680K
}
Event: 68.935 GC heap before
{Heap before GC invocations=14 (full 0):
 garbage-first heap   total 262144K, used 206947K [0x00000000e0000000, 0x0000000100000000)
  region size 1024K, 146 young (149504K), 7 survivors (7168K)
 Metaspace       used 49955K, committed 50496K, reserved 393216K
  class space    used 7021K, committed 7296K, reserved 327680K
}
Event: 68.945 GC heap after
{Heap after GC invocations=15 (full 0):
 garbage-first heap   total 262144K, used 66975K [0x00000000e0000000, 0x0000000100000000)
  region size 1024K, 9 young (9216K), 9 survivors (9216K)
 Metaspace       used 49955K, committed 50496K, reserved 393216K
  class space    used 7021K, committed 7296K, reserved 327680K
}
Event: 77.244 GC heap before
{Heap before GC invocations=15 (full 0):
 garbage-first heap   total 262144K, used 214431K [0x00000000e0000000, 0x0000000100000000)
  region size 1024K, 151 young (154624K), 9 survivors (9216K)
 Metaspace       used 50295K, committed 50816K, reserved 393216K
  class space    used 7059K, committed 7296K, reserved 327680K
}
Event: 77.251 GC heap after
{Heap after GC invocations=16 (full 0):
 garbage-first heap   total 262144K, used 66007K [0x00000000e0000000, 0x0000000100000000)
  region size 1024K, 6 young (6144K), 6 survivors (6144K)
 Metaspace       used 50295K, committed 50816K, reserved 393216K
  class space    used 7059K, committed 7296K, reserved 327680K
}
Event: 79.783 GC heap before
{Heap before GC invocations=16 (full 0):
 garbage-first heap   total 262144K, used 214487K [0x00000000e0000000, 0x0000000100000000)
  region size 1024K, 152 young (155648K), 6 survivors (6144K)
 Metaspace       used 50687K, committed 51200K, reserved 393216K
  class space    used 7070K, committed 7296K, reserved 327680K
}
Event: 79.799 GC heap after
{Heap after GC invocations=17 (full 0):
 garbage-first heap   total 262144K, used 75562K [0x00000000e0000000, 0x0000000100000000)
  region size 1024K, 16 young (16384K), 16 survivors (16384K)
 Metaspace       used 50687K, committed 51200K, reserved 393216K
  class space    used 7070K, committed 7296K, reserved 327680K
}

Dll operation events (15 events):
Event: 0.047 Loaded shared library C:\Users\COM\.jdks\corretto-17.0.13\bin\java.dll
Event: 0.253 Loaded shared library C:\Users\COM\.jdks\corretto-17.0.13\bin\jsvml.dll
Event: 1.364 Loaded shared library C:\Users\COM\.jdks\corretto-17.0.13\bin\zip.dll
Event: 1.380 Loaded shared library C:\Users\COM\.jdks\corretto-17.0.13\bin\instrument.dll
Event: 1.391 Loaded shared library C:\Users\COM\.jdks\corretto-17.0.13\bin\net.dll
Event: 1.396 Loaded shared library C:\Users\COM\.jdks\corretto-17.0.13\bin\nio.dll
Event: 1.461 Loaded shared library C:\Users\COM\.jdks\corretto-17.0.13\bin\zip.dll
Event: 6.722 Loaded shared library C:\Users\COM\.jdks\corretto-17.0.13\bin\jimage.dll
Event: 7.669 Loaded shared library C:\Users\COM\.jdks\corretto-17.0.13\bin\verify.dll
Event: 7.959 Loaded shared library C:\Users\COM\.gradle\native\1def1411415f61bf3af743bc5b6707747c0891f09f0c88961ee8f79bc544acac\windows-amd64\native-platform.dll
Event: 7.988 Loaded shared library C:\Users\COM\.gradle\native\0.2.7\x86_64-windows-gnu\gradle-fileevents.dll
Event: 12.450 Loaded shared library C:\Users\COM\.jdks\corretto-17.0.13\bin\management.dll
Event: 12.456 Loaded shared library C:\Users\COM\.jdks\corretto-17.0.13\bin\management_ext.dll
Event: 13.392 Loaded shared library C:\Users\COM\.jdks\corretto-17.0.13\bin\extnet.dll
Event: 13.810 Loaded shared library C:\Users\COM\.jdks\corretto-17.0.13\bin\sunmscapi.dll

Deoptimization events (20 events):
Event: 84.917 Thread 0x0000024699724210 DEOPT PACKING pc=0x00000246ec6aa2ed sp=0x0000004d945f5150
Event: 84.917 Thread 0x0000024699724210 DEOPT UNPACKING pc=0x00000246f32f7143 sp=0x0000004d945f46a8 mode 0
Event: 84.938 Thread 0x0000024699724210 Uncommon trap: trap_request=0xffffffc6 fr.pc=0x00000246f3c85e4c relative=0x0000000000003f2c
Event: 84.938 Thread 0x0000024699724210 Uncommon trap: reason=bimorphic_or_optimized_type_check action=maybe_recompile pc=0x00000246f3c85e4c method=groovyjarjarantlr4.v4.runtime.atn.ParserATNSimulator.isConflicted(Lgroovyjarjarantlr4/v4/runtime/atn/ATNConfigSet;Lgroovyjarjarantlr4/v4/runtime/at
Event: 84.938 Thread 0x0000024699724210 DEOPT PACKING pc=0x00000246f3c85e4c sp=0x0000004d945f4e60
Event: 84.938 Thread 0x0000024699724210 DEOPT UNPACKING pc=0x00000246f32f69a3 sp=0x0000004d945f4e08 mode 2
Event: 84.938 Thread 0x0000024699724210 Uncommon trap: trap_request=0xffffffc6 fr.pc=0x00000246f3c85e4c relative=0x0000000000003f2c
Event: 84.939 Thread 0x0000024699724210 Uncommon trap: reason=bimorphic_or_optimized_type_check action=maybe_recompile pc=0x00000246f3c85e4c method=groovyjarjarantlr4.v4.runtime.atn.ParserATNSimulator.isConflicted(Lgroovyjarjarantlr4/v4/runtime/atn/ATNConfigSet;Lgroovyjarjarantlr4/v4/runtime/at
Event: 84.939 Thread 0x0000024699724210 DEOPT PACKING pc=0x00000246f3c85e4c sp=0x0000004d945f4e60
Event: 84.939 Thread 0x0000024699724210 DEOPT UNPACKING pc=0x00000246f32f69a3 sp=0x0000004d945f4e08 mode 2
Event: 84.939 Thread 0x0000024699724210 Uncommon trap: trap_request=0xffffffc6 fr.pc=0x00000246f3c85e4c relative=0x0000000000003f2c
Event: 84.939 Thread 0x0000024699724210 Uncommon trap: reason=bimorphic_or_optimized_type_check action=maybe_recompile pc=0x00000246f3c85e4c method=groovyjarjarantlr4.v4.runtime.atn.ParserATNSimulator.isConflicted(Lgroovyjarjarantlr4/v4/runtime/atn/ATNConfigSet;Lgroovyjarjarantlr4/v4/runtime/at
Event: 84.939 Thread 0x0000024699724210 DEOPT PACKING pc=0x00000246f3c85e4c sp=0x0000004d945f4e60
Event: 84.939 Thread 0x0000024699724210 DEOPT UNPACKING pc=0x00000246f32f69a3 sp=0x0000004d945f4e08 mode 2
Event: 84.944 Thread 0x0000024699724210 Uncommon trap: trap_request=0xffffffc6 fr.pc=0x00000246f3c85e4c relative=0x0000000000003f2c
Event: 84.944 Thread 0x0000024699724210 Uncommon trap: reason=bimorphic_or_optimized_type_check action=maybe_recompile pc=0x00000246f3c85e4c method=groovyjarjarantlr4.v4.runtime.atn.ParserATNSimulator.isConflicted(Lgroovyjarjarantlr4/v4/runtime/atn/ATNConfigSet;Lgroovyjarjarantlr4/v4/runtime/at
Event: 84.944 Thread 0x0000024699724210 DEOPT PACKING pc=0x00000246f3c85e4c sp=0x0000004d945f4e60
Event: 84.944 Thread 0x0000024699724210 DEOPT UNPACKING pc=0x00000246f32f69a3 sp=0x0000004d945f4e08 mode 2
Event: 84.950 Thread 0x0000024699724210 DEOPT PACKING pc=0x00000246ec6aa2cc sp=0x0000004d945f4b50
Event: 84.950 Thread 0x0000024699724210 DEOPT UNPACKING pc=0x00000246f32f7143 sp=0x0000004d945f40a8 mode 0

Classes loaded (20 events):
Event: 59.180 Loading class java/util/zip/Deflater
Event: 59.181 Loading class java/util/zip/Deflater done
Event: 59.183 Loading class java/util/zip/Deflater$DeflaterZStreamRef
Event: 59.183 Loading class java/util/zip/Deflater$DeflaterZStreamRef done
Event: 59.227 Loading class java/nio/StringCharBuffer
Event: 59.228 Loading class java/nio/StringCharBuffer done
Event: 59.233 Loading class java/security/Key
Event: 59.233 Loading class java/security/Key done
Event: 60.065 Loading class jdk/internal/access/foreign/MemorySegmentProxy
Event: 60.066 Loading class jdk/internal/access/foreign/MemorySegmentProxy done
Event: 76.860 Loading class java/util/stream/SortedOps$OfRef
Event: 76.860 Loading class java/util/stream/SortedOps$OfRef done
Event: 76.862 Loading class java/util/stream/SortedOps$SizedRefSortingSink
Event: 76.862 Loading class java/util/stream/SortedOps$AbstractRefSortingSink
Event: 76.862 Loading class java/util/stream/SortedOps$AbstractRefSortingSink done
Event: 76.862 Loading class java/util/stream/SortedOps$SizedRefSortingSink done
Event: 77.070 Loading class sun/misc/SharedSecrets
Event: 77.070 Loading class sun/misc/SharedSecrets done
Event: 80.199 Loading class jdk/internal/misc/ScopedMemoryAccess$Scope$Handle
Event: 80.199 Loading class jdk/internal/misc/ScopedMemoryAccess$Scope$Handle done

Classes unloaded (0 events):
No events

Classes redefined (0 events):
No events

Internal exceptions (20 events):
Event: 59.151 Thread 0x000002469c9b9be0 Exception <a 'sun/nio/fs/WindowsException'{0x00000000e94069c8}> (0x00000000e94069c8) 
thrown [s\src\hotspot\share\prims\jni.cpp, line 516]
Event: 67.604 Thread 0x000002469c9b9be0 Implicit null exception at 0x00000246f3d11397 to 0x00000246f3d11570
Event: 75.097 Thread 0x000002469c9b9be0 Exception <a 'sun/nio/fs/WindowsException'{0x00000000e7bdfc80}> (0x00000000e7bdfc80) 
thrown [s\src\hotspot\share\prims\jni.cpp, line 516]
Event: 77.020 Thread 0x0000024699724210 Exception <a 'java/lang/ClassNotFoundException'{0x00000000e78e9e28}: ijIdeaPluginConfigurator1_bcd5a1gsmxupdp3h0zqb7j5wwBeanInfo> (0x00000000e78e9e28) 
thrown [s\src\hotspot\share\classfile\systemDictionary.cpp, line 256]
Event: 77.021 Thread 0x0000024699724210 Exception <a 'java/lang/ClassNotFoundException'{0x00000000e78f2238}: ijIdeaPluginConfigurator1_bcd5a1gsmxupdp3h0zqb7j5wwCustomizer> (0x00000000e78f2238) 
thrown [s\src\hotspot\share\classfile\systemDictionary.cpp, line 256]
Event: 77.070 Thread 0x0000024699724210 Exception <a 'java/lang/ClassNotFoundException'{0x00000000e77fcb08}: sun/misc/SharedSecrets> (0x00000000e77fcb08) 
thrown [s\src\hotspot\share\classfile\systemDictionary.cpp, line 256]
Event: 77.070 Thread 0x0000024699724210 Exception <a 'java/lang/ClassNotFoundException'{0x00000000e7619cd0}: com/intellij/gradle/toolingExtension/impl/initScript/util/GradleLifecycleUtilBeanInfo> (0x00000000e7619cd0) 
thrown [s\src\hotspot\share\classfile\systemDictionary.cpp, line 256]
Event: 77.071 Thread 0x0000024699724210 Exception <a 'java/lang/ClassNotFoundException'{0x00000000e7622af0}: com/intellij/gradle/toolingExtension/impl/initScript/util/GradleLifecycleUtilCustomizer> (0x00000000e7622af0) 
thrown [s\src\hotspot\share\classfile\systemDictionary.cpp, line 256]
Event: 77.137 Thread 0x0000024699724210 Exception <a 'java/lang/ClassNotFoundException'{0x00000000e75aa728}: ijInit1_eg2l8q7alps59eqxl7960n9alBeanInfo> (0x00000000e75aa728) 
thrown [s\src\hotspot\share\classfile\systemDictionary.cpp, line 256]
Event: 77.138 Thread 0x0000024699724210 Exception <a 'java/lang/ClassNotFoundException'{0x00000000e75b2480}: ijInit1_eg2l8q7alps59eqxl7960n9alCustomizer> (0x00000000e75b2480) 
thrown [s\src\hotspot\share\classfile\systemDictionary.cpp, line 256]
Event: 77.158 Thread 0x0000024699724210 Exception <a 'java/lang/ClassNotFoundException'{0x00000000e7301d80}: ijInit1_eg2l8q7alps59eqxl7960n9al$_run_closure1BeanInfo> (0x00000000e7301d80) 
thrown [s\src\hotspot\share\classfile\systemDictionary.cpp, line 256]
Event: 77.158 Thread 0x0000024699724210 Exception <a 'java/lang/ClassNotFoundException'{0x00000000e730a0e8}: ijInit1_eg2l8q7alps59eqxl7960n9al$_run_closure1Customizer> (0x00000000e730a0e8) 
thrown [s\src\hotspot\share\classfile\systemDictionary.cpp, line 256]
Event: 78.833 Thread 0x000002469bbac3f0 Exception <a 'sun/nio/fs/WindowsException'{0x00000000eb003270}> (0x00000000eb003270) 
thrown [s\src\hotspot\share\prims\jni.cpp, line 516]
Event: 79.196 Thread 0x000002469bbab9d0 Exception <a 'sun/nio/fs/WindowsException'{0x00000000ea946048}> (0x00000000ea946048) 
thrown [s\src\hotspot\share\prims\jni.cpp, line 516]
Event: 79.630 Thread 0x000002469bbab9d0 Exception <a 'sun/nio/fs/WindowsException'{0x00000000e9b44258}> (0x00000000e9b44258) 
thrown [s\src\hotspot\share\prims\jni.cpp, line 516]
Event: 79.743 Thread 0x000002469bba63c0 Exception <a 'sun/nio/fs/WindowsException'{0x00000000e92ac290}> (0x00000000e92ac290) 
thrown [s\src\hotspot\share\prims\jni.cpp, line 516]
Event: 79.802 Thread 0x000002469bba63c0 Exception <a 'sun/nio/fs/WindowsException'{0x00000000eff50a48}> (0x00000000eff50a48) 
thrown [s\src\hotspot\share\prims\jni.cpp, line 516]
Event: 80.445 Thread 0x000002469bbac3f0 Implicit null exception at 0x00000246f3e5dccc to 0x00000246f3e5dd20
Event: 82.133 Thread 0x000002469bbac3f0 Exception <a 'sun/nio/fs/WindowsException'{0x00000000eb3c6ba8}> (0x00000000eb3c6ba8) 
thrown [s\src\hotspot\share\prims\jni.cpp, line 516]
Event: 82.437 Thread 0x000002469bbac3f0 Exception <a 'sun/nio/fs/WindowsException'{0x00000000eb3f1cd8}> (0x00000000eb3f1cd8) 
thrown [s\src\hotspot\share\prims\jni.cpp, line 516]

VM Operations (20 events):
Event: 78.256 Executing VM operation: Cleanup
Event: 78.256 Executing VM operation: Cleanup done
Event: 79.207 Executing VM operation: HandshakeAllThreads
Event: 79.271 Executing VM operation: HandshakeAllThreads done
Event: 79.271 Executing VM operation: Cleanup
Event: 79.286 Executing VM operation: Cleanup done
Event: 79.593 Executing VM operation: HandshakeAllThreads
Event: 79.593 Executing VM operation: HandshakeAllThreads done
Event: 79.721 Executing VM operation: HandshakeAllThreads
Event: 79.721 Executing VM operation: HandshakeAllThreads done
Event: 79.783 Executing VM operation: G1CollectForAllocation
Event: 79.799 Executing VM operation: G1CollectForAllocation done
Event: 80.812 Executing VM operation: Cleanup
Event: 80.828 Executing VM operation: Cleanup done
Event: 81.840 Executing VM operation: Cleanup
Event: 81.840 Executing VM operation: Cleanup done
Event: 82.850 Executing VM operation: Cleanup
Event: 82.944 Executing VM operation: Cleanup done
Event: 83.948 Executing VM operation: Cleanup
Event: 83.979 Executing VM operation: Cleanup done

Memory protections (0 events):
No events

Nmethod flushes (20 events):
Event: 79.739 Thread 0x00000246feddf880 flushing  nmethod 0x00000246ec950f90
Event: 79.739 Thread 0x00000246feddf880 flushing  nmethod 0x00000246ec953a10
Event: 79.739 Thread 0x00000246feddf880 flushing  nmethod 0x00000246ec954090
Event: 79.739 Thread 0x00000246feddf880 flushing  nmethod 0x00000246ec959b90
Event: 79.739 Thread 0x00000246feddf880 flushing  nmethod 0x00000246ec96b290
Event: 79.739 Thread 0x00000246feddf880 flushing  nmethod 0x00000246ec96c990
Event: 79.739 Thread 0x00000246feddf880 flushing  nmethod 0x00000246ec96d410
Event: 79.739 Thread 0x00000246feddf880 flushing  nmethod 0x00000246ec96da90
Event: 79.739 Thread 0x00000246feddf880 flushing  nmethod 0x00000246ec971910
Event: 79.739 Thread 0x00000246feddf880 flushing  nmethod 0x00000246ec976990
Event: 79.739 Thread 0x00000246feddf880 flushing  nmethod 0x00000246ec978210
Event: 79.739 Thread 0x00000246feddf880 flushing  nmethod 0x00000246ec97ba90
Event: 79.739 Thread 0x00000246feddf880 flushing  nmethod 0x00000246ec9a5690
Event: 79.739 Thread 0x00000246feddf880 flushing  nmethod 0x00000246ec9b2c10
Event: 79.739 Thread 0x00000246feddf880 flushing  nmethod 0x00000246ec9cc010
Event: 79.739 Thread 0x00000246feddf880 flushing  nmethod 0x00000246ec9cd310
Event: 79.739 Thread 0x00000246feddf880 flushing  nmethod 0x00000246ec9cd690
Event: 79.739 Thread 0x00000246feddf880 flushing  nmethod 0x00000246ec9f6890
Event: 79.739 Thread 0x00000246feddf880 flushing  nmethod 0x00000246eca0df90
Event: 79.739 Thread 0x00000246feddf880 flushing  nmethod 0x00000246eca64290

Events (20 events):
Event: 77.205 Thread 0x0000024699724210 Thread added: 0x000002469c9bc460
Event: 77.252 Thread 0x00000246fedde5b0 Thread added: 0x0000024699047aa0
Event: 77.253 Thread 0x00000246fedde5b0 Thread added: 0x00000246ff078d70
Event: 77.573 Thread 0x00000246ff078d70 Thread exited: 0x00000246ff078d70
Event: 77.650 Thread 0x0000024699724210 Thread added: 0x000002469c9bb020
Event: 77.652 Thread 0x0000024699724210 Thread added: 0x000002469c9bd390
Event: 77.653 Thread 0x0000024699724210 Thread added: 0x000002469bba63c0
Event: 77.654 Thread 0x0000024699724210 Thread added: 0x000002469bbac3f0
Event: 77.656 Thread 0x0000024699724210 Thread added: 0x000002469bbad830
Event: 77.768 Thread 0x0000024699724210 Thread added: 0x000002469bbab4c0
Event: 77.770 Thread 0x0000024699724210 Thread added: 0x000002469bbab9d0
Event: 77.771 Thread 0x0000024699047aa0 Thread exited: 0x0000024699047aa0
Event: 77.929 Thread 0x00000246feddef70 Thread added: 0x0000024699047aa0
Event: 77.968 Thread 0x0000024699047aa0 Thread added: 0x00000246ff078d70
Event: 80.572 Thread 0x00000246ff078d70 Thread exited: 0x00000246ff078d70
Event: 80.572 Thread 0x0000024699047aa0 Thread exited: 0x0000024699047aa0
Event: 83.728 Thread 0x00000246feddef70 Thread added: 0x00000246ff841970
Event: 83.743 Thread 0x00000246ff841970 Thread added: 0x00000246ff078d70
Event: 84.035 Thread 0x00000246ff078d70 Thread exited: 0x00000246ff078d70
Event: 84.628 Thread 0x00000246fedde5b0 Thread added: 0x00000246ff078d70


Dynamic libraries:
0x00007ff6910b0000 - 0x00007ff6910be000 	C:\Users\COM\.jdks\corretto-17.0.13\bin\java.exe
0x00007ffcfe7f0000 - 0x00007ffcfe9e8000 	C:\Windows\SYSTEM32\ntdll.dll
0x00007ffcfd100000 - 0x00007ffcfd1c2000 	C:\Windows\System32\KERNEL32.DLL
0x00007ffcfc050000 - 0x00007ffcfc346000 	C:\Windows\System32\KERNELBASE.dll
0x00007ffcfc420000 - 0x00007ffcfc520000 	C:\Windows\System32\ucrtbase.dll
0x00007ffce6cb0000 - 0x00007ffce6ccb000 	C:\Users\COM\.jdks\corretto-17.0.13\bin\VCRUNTIME140.dll
0x00007ffce1510000 - 0x00007ffce1527000 	C:\Users\COM\.jdks\corretto-17.0.13\bin\jli.dll
0x00007ffcfd8e0000 - 0x00007ffcfda81000 	C:\Windows\System32\USER32.dll
0x00007ffcfc020000 - 0x00007ffcfc042000 	C:\Windows\System32\win32u.dll
0x00007ffcfe700000 - 0x00007ffcfe72b000 	C:\Windows\System32\GDI32.dll
0x00007ffcfbf00000 - 0x00007ffcfc019000 	C:\Windows\System32\gdi32full.dll
0x00007ffcfc350000 - 0x00007ffcfc3ed000 	C:\Windows\System32\msvcp_win.dll
0x00007ffcefd00000 - 0x00007ffceff9b000 	C:\Windows\WinSxS\amd64_microsoft.windows.common-controls_6595b64144ccf1df_6.0.19041.6456_none_60b8a6cb71f64256\COMCTL32.dll
0x00007ffcfe540000 - 0x00007ffcfe5de000 	C:\Windows\System32\msvcrt.dll
0x00007ffcfd4d0000 - 0x00007ffcfd4ff000 	C:\Windows\System32\IMM32.DLL
0x00007ffcf0370000 - 0x00007ffcf037c000 	C:\Users\COM\.jdks\corretto-17.0.13\bin\vcruntime140_1.dll
0x00007ffcdd190000 - 0x00007ffcdd21d000 	C:\Users\COM\.jdks\corretto-17.0.13\bin\msvcp140.dll
0x00007ffcb4550000 - 0x00007ffcb51bc000 	C:\Users\COM\.jdks\corretto-17.0.13\bin\server\jvm.dll
0x00007ffcfda90000 - 0x00007ffcfdb41000 	C:\Windows\System32\ADVAPI32.dll
0x00007ffcfd660000 - 0x00007ffcfd6ff000 	C:\Windows\System32\sechost.dll
0x00007ffcfe5e0000 - 0x00007ffcfe700000 	C:\Windows\System32\RPCRT4.dll
0x00007ffcfc3f0000 - 0x00007ffcfc417000 	C:\Windows\System32\bcrypt.dll
0x00007ffcfd1d0000 - 0x00007ffcfd23b000 	C:\Windows\System32\WS2_32.dll
0x00007ffcfb380000 - 0x00007ffcfb3cb000 	C:\Windows\SYSTEM32\POWRPROF.dll
0x00007ffce66a0000 - 0x00007ffce66c7000 	C:\Windows\SYSTEM32\WINMM.dll
0x00007ffcef6c0000 - 0x00007ffcef6ca000 	C:\Windows\SYSTEM32\VERSION.dll
0x00007ffcfb240000 - 0x00007ffcfb252000 	C:\Windows\SYSTEM32\UMPDC.dll
0x00007ffcfa650000 - 0x00007ffcfa662000 	C:\Windows\SYSTEM32\kernel.appcore.dll
0x00007ffcf0140000 - 0x00007ffcf014a000 	C:\Users\COM\.jdks\corretto-17.0.13\bin\jimage.dll
0x00007ffcf9b80000 - 0x00007ffcf9d81000 	C:\Windows\SYSTEM32\DBGHELP.DLL
0x00007ffcf17b0000 - 0x00007ffcf17e4000 	C:\Windows\SYSTEM32\dbgcore.DLL
0x00007ffcfc680000 - 0x00007ffcfc702000 	C:\Windows\System32\bcryptPrimitives.dll
0x00007ffcf0000000 - 0x00007ffcf000e000 	C:\Users\COM\.jdks\corretto-17.0.13\bin\instrument.dll
0x00007ffcde1c0000 - 0x00007ffcde1e5000 	C:\Users\COM\.jdks\corretto-17.0.13\bin\java.dll
0x00007ffcc8a20000 - 0x00007ffcc8af7000 	C:\Users\COM\.jdks\corretto-17.0.13\bin\jsvml.dll
0x00007ffcfc990000 - 0x00007ffcfd100000 	C:\Windows\System32\SHELL32.dll
0x00007ffcf9e90000 - 0x00007ffcfa635000 	C:\Windows\SYSTEM32\windows.storage.dll
0x00007ffcfdb60000 - 0x00007ffcfdeb4000 	C:\Windows\System32\combase.dll
0x00007ffcfb7d0000 - 0x00007ffcfb7fb000 	C:\Windows\SYSTEM32\Wldp.dll
0x00007ffcfe470000 - 0x00007ffcfe53d000 	C:\Windows\System32\OLEAUT32.dll
0x00007ffcfd5b0000 - 0x00007ffcfd65d000 	C:\Windows\System32\SHCORE.dll
0x00007ffcfe730000 - 0x00007ffcfe78b000 	C:\Windows\System32\shlwapi.dll
0x00007ffcfbdb0000 - 0x00007ffcfbdd4000 	C:\Windows\SYSTEM32\profapi.dll
0x00007ffcde220000 - 0x00007ffcde238000 	C:\Users\COM\.jdks\corretto-17.0.13\bin\zip.dll
0x00007ffcdd6c0000 - 0x00007ffcdd6d9000 	C:\Users\COM\.jdks\corretto-17.0.13\bin\net.dll
0x00007ffcf2660000 - 0x00007ffcf276a000 	C:\Windows\SYSTEM32\WINHTTP.dll
0x00007ffcfb5b0000 - 0x00007ffcfb61a000 	C:\Windows\system32\mswsock.dll
0x00007ffcdcbb0000 - 0x00007ffcdcbc6000 	C:\Users\COM\.jdks\corretto-17.0.13\bin\nio.dll
0x00007ffceffd0000 - 0x00007ffceffe0000 	C:\Users\COM\.jdks\corretto-17.0.13\bin\verify.dll
0x00007ffcde2e0000 - 0x00007ffcde307000 	C:\Users\COM\.gradle\native\1def1411415f61bf3af743bc5b6707747c0891f09f0c88961ee8f79bc544acac\windows-amd64\native-platform.dll
0x00007ffcc9130000 - 0x00007ffcc91a8000 	C:\Users\COM\.gradle\native\0.2.7\x86_64-windows-gnu\gradle-fileevents.dll
0x00007ffce78d0000 - 0x00007ffce78d9000 	C:\Users\COM\.jdks\corretto-17.0.13\bin\management.dll
0x00007ffce76d0000 - 0x00007ffce76db000 	C:\Users\COM\.jdks\corretto-17.0.13\bin\management_ext.dll
0x00007ffcfdb50000 - 0x00007ffcfdb58000 	C:\Windows\System32\PSAPI.DLL
0x00007ffcfb260000 - 0x00007ffcfb29b000 	C:\Windows\SYSTEM32\IPHLPAPI.DLL
0x00007ffcfe460000 - 0x00007ffcfe468000 	C:\Windows\System32\NSI.dll
0x00007ffcf3b90000 - 0x00007ffcf3ba7000 	C:\Windows\SYSTEM32\dhcpcsvc6.DLL
0x00007ffcf3ac0000 - 0x00007ffcf3add000 	C:\Windows\SYSTEM32\dhcpcsvc.DLL
0x00007ffcfb2b0000 - 0x00007ffcfb37a000 	C:\Windows\SYSTEM32\DNSAPI.dll
0x00007ffcf0990000 - 0x00007ffcf0999000 	C:\Users\COM\.jdks\corretto-17.0.13\bin\extnet.dll
0x00007ffcfb810000 - 0x00007ffcfb828000 	C:\Windows\SYSTEM32\CRYPTSP.dll
0x00007ffcfae80000 - 0x00007ffcfaeb8000 	C:\Windows\system32\rsaenh.dll
0x00007ffcfbd30000 - 0x00007ffcfbd5e000 	C:\Windows\SYSTEM32\USERENV.dll
0x00007ffcfb740000 - 0x00007ffcfb74c000 	C:\Windows\SYSTEM32\CRYPTBASE.dll
0x00007ffce75f0000 - 0x00007ffce75fe000 	C:\Users\COM\.jdks\corretto-17.0.13\bin\sunmscapi.dll
0x00007ffcfc520000 - 0x00007ffcfc67d000 	C:\Windows\System32\CRYPT32.dll
0x00007ffcfb920000 - 0x00007ffcfb947000 	C:\Windows\SYSTEM32\ncrypt.dll
0x00007ffcfb8e0000 - 0x00007ffcfb91b000 	C:\Windows\SYSTEM32\NTASN1.dll
0x00007ffcf01e0000 - 0x00007ffcf01e7000 	C:\Windows\system32\wshunix.dll
0x00007ffcfb0d0000 - 0x00007ffcfb103000 	C:\Windows\SYSTEM32\ntmarta.dll

dbghelp: loaded successfully - version: 4.0.5 - missing functions: none
symbol engine: initialized successfully - sym options: 0x614 - pdb path: .;C:\Users\COM\.jdks\corretto-17.0.13\bin;C:\Windows\SYSTEM32;C:\Windows\WinSxS\amd64_microsoft.windows.common-controls_6595b64144ccf1df_6.0.19041.6456_none_60b8a6cb71f64256;C:\Users\COM\.jdks\corretto-17.0.13\bin\server;C:\Users\COM\.gradle\native\1def1411415f61bf3af743bc5b6707747c0891f09f0c88961ee8f79bc544acac\windows-amd64;C:\Users\COM\.gradle\native\0.2.7\x86_64-windows-gnu

VM Arguments:
jvm_args: --add-opens=java.base/java.lang=ALL-UNNAMED --add-opens=java.base/java.lang.invoke=ALL-UNNAMED --add-opens=java.base/java.util=ALL-UNNAMED --add-opens=java.prefs/java.util.prefs=ALL-UNNAMED --add-exports=jdk.compiler/com.sun.tools.javac.api=ALL-UNNAMED --add-exports=jdk.compiler/com.sun.tools.javac.util=ALL-UNNAMED --add-opens=java.base/java.util=ALL-UNNAMED --add-opens=java.prefs/java.util.prefs=ALL-UNNAMED --add-opens=java.base/java.nio.charset=ALL-UNNAMED --add-opens=java.base/java.net=ALL-UNNAMED --add-opens=java.base/java.util.concurrent.atomic=ALL-UNNAMED --add-opens=java.xml/javax.xml.namespace=ALL-UNNAMED -XX:MaxMetaspaceSize=384m -XX:+HeapDumpOnOutOfMemoryError -Xms256m -Xmx512m -Dfile.encoding=UTF-8 -Duser.country=KR -Duser.language=ko -Duser.variant -javaagent:C:\Users\COM\.gradle\wrapper\dists\gradle-8.14.3-bin\cv11ve7ro1n3o1j4so8xd9n66\gradle-8.14.3\lib\agents\gradle-instrumentation-agent-8.14.3.jar 
java_command: org.gradle.launcher.daemon.bootstrap.GradleDaemon 8.14.3
java_class_path (initial): C:\Users\COM\.gradle\wrapper\dists\gradle-8.14.3-bin\cv11ve7ro1n3o1j4so8xd9n66\gradle-8.14.3\lib\gradle-daemon-main-8.14.3.jar
Launcher Type: SUN_STANDARD

[Global flags]
     intx CICompilerCount                          = 4                                         {product} {ergonomic}
   size_t CompressedClassSpaceSize                 = 335544320                                 {product} {ergonomic}
     uint ConcGCThreads                            = 2                                         {product} {ergonomic}
     uint G1ConcRefinementThreads                  = 8                                         {product} {ergonomic}
   size_t G1HeapRegionSize                         = 1048576                                   {product} {ergonomic}
    uintx GCDrainStackTargetSize                   = 64                                        {product} {ergonomic}
     bool HeapDumpOnOutOfMemoryError               = true                                   {manageable} {command line}
   size_t InitialHeapSize                          = 268435456                                 {product} {command line}
   size_t MarkStackSize                            = 4194304                                   {product} {ergonomic}
   size_t MaxHeapSize                              = 536870912                                 {product} {command line}
   size_t MaxMetaspaceSize                         = 402653184                                 {product} {command line}
   size_t MaxNewSize                               = 321912832                                 {product} {ergonomic}
   size_t MinHeapDeltaBytes                        = 1048576                                   {product} {ergonomic}
   size_t MinHeapSize                              = 268435456                                 {product} {command line}
    uintx NonNMethodCodeHeapSize                   = 5839372                                {pd product} {ergonomic}
    uintx NonProfiledCodeHeapSize                  = 122909434                              {pd product} {ergonomic}
    uintx ProfiledCodeHeapSize                     = 122909434                              {pd product} {ergonomic}
    uintx ReservedCodeCacheSize                    = 251658240                              {pd product} {ergonomic}
     bool SegmentedCodeCache                       = true                                      {product} {ergonomic}
   size_t SoftMaxHeapSize                          = 536870912                              {manageable} {ergonomic}
     bool UseCompressedClassPointers               = true                           {product lp64_product} {ergonomic}
     bool UseCompressedOops                        = true                           {product lp64_product} {ergonomic}
     bool UseG1GC                                  = true                                      {product} {ergonomic}
     bool UseLargePagesIndividualAllocation        = false                                  {pd product} {ergonomic}

Logging:
Log output configuration:
 #0: stdout all=warning uptime,level,tags
 #1: stderr all=off uptime,level,tags

Environment Variables:
PATH=c:\Users\COM\AppData\Local\Programs\cursor\resources\app\bin;C:\Program Files\Google\Chrome\Application;C:\Program Files\Common Files\Oracle\Java\javapath;C:\Program Files (x86)\VMware\VMware Player\bin\;C:\Windows\system32;C:\Windows;C:\Windows\System32\Wbem;C:\Windows\System32\WindowsPowerShell\v1.0\;C:\Windows\System32\OpenSSH\;C:\Program Files\Git\cmd;C:\Program Files\MariaDB 11.5\bin;C:\Program Files\Java\jdk-17\bin;;C:\Users\COM\AppData\Local\Programs\Python\Launcher\;C:\Users\COM\AppData\Local\Microsoft\WindowsApps;C:\Users\COM\AppData\Local\Markdown Monster;C:\Users\COM\AppData\Roaming\npm;c:\Users\COM\AppData\Local\Programs\cursor\resources\app\bin;C:\Program Files\Docker\Docker\resources\bin;C:\Program Files\nodejs\;C:\Users\COM\AppData\Local\Programs\Python\Launcher\;C:\Users\COM\AppData\Local\Microsoft\WindowsApps;C:\Users\COM\AppData\Local\Programs\Microsoft VS Code\bin;C:\Users\COM\AppData\Local\Markdown Monster;C:\Users\COM\AppData\Local\Programs\cursor\resources\app\bin;C:\Users\COM\AppData\Roaming\npm
USERNAME=COM
OS=Windows_NT
PROCESSOR_IDENTIFIER=Intel64 Family 6 Model 142 Stepping 12, GenuineIntel
TMP=C:\Users\COM\AppData\Local\Temp
TEMP=C:\Users\COM\AppData\Local\Temp



Periodic native trim disabled


---------------  S Y S T E M  ---------------

OS:
 Windows 10 , 64 bit Build 19041 (10.0.19041.5915)
OS uptime: 78 days 0:54 hours
Hyper-V role detected

CPU: total 8 (initial active 8) (4 cores per cpu, 2 threads per core) family 6 model 142 stepping 12 microcode 0xca, cx8, cmov, fxsr, ht, mmx, 3dnowpref, sse, sse2, sse3, ssse3, sse4.1, sse4.2, popcnt, lzcnt, tsc, tscinvbit, avx, avx2, aes, erms, clmul, bmi1, bmi2, adx, fma, vzeroupper, clflush, clflushopt, hv
Processor Information for all 8 processors :
  Max Mhz: 2304, Current Mhz: 1803, Mhz Limit: 1797

Memory: 4k page, system-wide physical 16197M (1662M free)
TotalPageFile size 17733M (AvailPageFile size 0M)
current process WorkingSet (physical memory assigned to process): 424M, peak: 433M
current process commit charge ("private bytes"): 498M, peak: 522M

vm_info: OpenJDK 64-Bit Server VM (17.0.13+11-LTS) for windows-amd64 JRE (17.0.13+11-LTS), built on Oct 10 2024 19:51:30 by "Administrator" with MS VC++ 16.10 / 16.11 (VS2019)

END.
