#
# There is insufficient memory for the Java Runtime Environment to continue.
# Native memory allocation (malloc) failed to allocate 919056 bytes. Error detail: Chunk::new
# Possible reasons:
#   The system is out of physical RAM or swap space
#   This process is running with CompressedOops enabled, and the Java Heap may be blocking the growth of the native heap
# Possible solutions:
#   Reduce memory load on the system
#   Increase physical memory or swap space
#   Check if swap backing store is full
#   Decrease Java heap size (-Xmx/-Xms)
#   Decrease number of Java threads
#   Decrease Java thread stack sizes (-Xss)
#   Set larger code cache with -XX:ReservedCodeCacheSize=
#   JVM is running with Unscaled Compressed Oops mode in which the Java heap is
#     placed in the first 4GB address space. The Java Heap base address is the
#     maximum limit for the native heap growth. Please use -XX:HeapBaseMinAddress
#     to set the Java Heap base and to place the Java Heap above 4GB virtual address.
# This output file may be truncated or incomplete.
#
#  Out of Memory Error (arena.cpp:191), pid=22516, tid=7804
#
# JRE version: OpenJDK Runtime Environment Corretto-17.0.13.11.1 (17.0.13+11) (build 17.0.13+11-LTS)
# Java VM: OpenJDK 64-Bit Server VM Corretto-17.0.13.11.1 (17.0.13+11-LTS, mixed mode, sharing, tiered, compressed oops, compressed class ptrs, g1 gc, windows-amd64)
# No core dump will be written. Minidumps are not enabled by default on client versions of Windows
#

---------------  S U M M A R Y ------------

Command Line: --add-opens=java.base/java.lang=ALL-UNNAMED --add-opens=java.base/java.lang.invoke=ALL-UNNAMED --add-opens=java.base/java.util=ALL-UNNAMED --add-opens=java.prefs/java.util.prefs=ALL-UNNAMED --add-exports=jdk.compiler/com.sun.tools.javac.api=ALL-UNNAMED --add-exports=jdk.compiler/com.sun.tools.javac.util=ALL-UNNAMED --add-opens=java.base/java.util=ALL-UNNAMED --add-opens=java.prefs/java.util.prefs=ALL-UNNAMED --add-opens=java.base/java.nio.charset=ALL-UNNAMED --add-opens=java.base/java.net=ALL-UNNAMED --add-opens=java.base/java.util.concurrent.atomic=ALL-UNNAMED --add-opens=java.xml/javax.xml.namespace=ALL-UNNAMED -XX:MaxMetaspaceSize=384m -XX:+HeapDumpOnOutOfMemoryError -Xms256m -Xmx512m -Dfile.encoding=UTF-8 -Duser.country=KR -Duser.language=ko -Duser.variant -javaagent:C:\Users\COM\.gradle\wrapper\dists\gradle-8.14.3-bin\cv11ve7ro1n3o1j4so8xd9n66\gradle-8.14.3\lib\agents\gradle-instrumentation-agent-8.14.3.jar org.gradle.launcher.daemon.bootstrap.GradleDaemon 8.14.3

Host: Intel(R) Core(TM) i7-10510U CPU @ 1.80GHz, 8 cores, 15G,  Windows 10 , 64 bit Build 19041 (10.0.19041.5915)
Time: Sat Feb 14 03:46:06 2026  Windows 10 , 64 bit Build 19041 (10.0.19041.5915) elapsed time: 40.963765 seconds (0d 0h 0m 40s)

---------------  T H R E A D  ---------------

Current thread (0x00000250770d24c0):  JavaThread "C2 CompilerThread0" daemon [_thread_in_native, id=7804, stack(0x000000b744100000,0x000000b744200000)]


Current CompileTask:
C2:  40964 7843   !   4       java.lang.reflect.Executable::sharedToGenericString (255 bytes)

Stack: [0x000000b744100000,0x000000b744200000]
Native frames: (J=compiled Java code, j=interpreted, Vv=VM code, C=native code)
V  [jvm.dll+0x680c19]
V  [jvm.dll+0x83888a]
V  [jvm.dll+0x83a34e]
V  [jvm.dll+0x83a9b3]
V  [jvm.dll+0x2481af]
V  [jvm.dll+0xac9f4]
V  [jvm.dll+0xad03c]
V  [jvm.dll+0x2af7df]
V  [jvm.dll+0x587047]
V  [jvm.dll+0x223012]
V  [jvm.dll+0x21bf0d]
V  [jvm.dll+0x219a31]
V  [jvm.dll+0x1a58ed]
V  [jvm.dll+0x22988d]
V  [jvm.dll+0x227a1c]
V  [jvm.dll+0x7ed737]
V  [jvm.dll+0x7e7b2c]
V  [jvm.dll+0x67fae7]
C  [ucrtbase.dll+0x21bb2]
C  [KERNEL32.DLL+0x17374]
C  [ntdll.dll+0x4cc91]


---------------  P R O C E S S  ---------------

Threads class SMR info:
_java_thread_list=0x00000250774c3760, length=111, elements={
0x000002505c51dfb0, 0x00000250770b4520, 0x00000250770b62c0, 0x00000250770cac10,
0x00000250770ce660, 0x00000250770cef30, 0x00000250770d1810, 0x00000250770d24c0,
0x00000250770d3490, 0x00000250770d41b0, 0x00000250771deed0, 0x0000025077298860,
0x00000250777d9ea0, 0x00000250774c3f50, 0x000002507718a380, 0x000002507726de00,
0x000002507726e6b0, 0x000002507cdfb0a0, 0x000002507cdfbfd0, 0x000002507cdfc9f0,
0x000002507cdfe340, 0x000002507cdfb5b0, 0x000002507cdfcf00, 0x000002507cdfd920,
0x000002507cdfd410, 0x000002507cdfc4e0, 0x000002507cdfe850, 0x000002507cdfbac0,
0x0000025015344bb0, 0x0000025015342330, 0x0000025015341e20, 0x0000025015342840,
0x0000025015342d50, 0x00000250153450c0, 0x00000250153404d0, 0x000002501533ffc0,
0x0000025015345ae0, 0x000002501533f5a0, 0x0000025015343770, 0x0000025015343c80,
0x0000025015344190, 0x0000025015341400, 0x0000025015341910, 0x00000250153446a0,
0x00000250153455d0, 0x0000025015346500, 0x000002501533f090, 0x0000025015346a10,
0x000002501533fab0, 0x00000250153409e0, 0x000002507ce524e0, 0x000002507ce4f240,
0x000002507ce4ced0, 0x000002507ce4bfa0, 0x000002507ce4e310, 0x000002507ce50170,
0x000002507ce4e820, 0x000002507ce4ed30, 0x000002507ce4d8f0, 0x000002507ce53410,
0x000002507ce50680, 0x000002507ce53920, 0x000002507ce52f00, 0x000002507ce515b0,
0x000002507ce4f750, 0x000002507ce50b90, 0x000002507ce51ac0, 0x000002507ce4de00,
0x000002507ce4fc60, 0x000002507ce510a0, 0x000002507ce51fd0, 0x000002507ce529f0,
0x000002507ce4c4b0, 0x000002507ce4c9c0, 0x000002507d386b80, 0x000002507d384300,
0x000002507d386670, 0x000002507d381f90, 0x000002507d3884d0, 0x000002507d383df0,
0x000002507d3875a0, 0x000002507d387090, 0x000002507d381060, 0x000002507d387fc0,
0x000002507d3889e0, 0x000002507d382ec0, 0x000002507d384810, 0x000002507d386160,
0x000002507d384d20, 0x000002507d385230, 0x000002507d3838e0, 0x000002507d381570,
0x000002507d387ab0, 0x000002507d385c50, 0x000002507d381a80, 0x000002507d3824a0,
0x000002507d3829b0, 0x000002507d385740, 0x000002507d3833d0, 0x000002507ee67ee0,
0x0000025015e95de0, 0x000002507f02d770, 0x000002507f02fae0, 0x000002507f029090,
0x000002507f02a4d0, 0x000002507f02aef0, 0x000002507f029fc0, 0x000002507f02a9e0,
0x000002507f02b400, 0x000002507f02b910, 0x000002507f030500
}

Java Threads: ( => current thread )
  0x000002505c51dfb0 JavaThread "main" [_thread_blocked, id=31340, stack(0x000000b743300000,0x000000b743400000)]
  0x00000250770b4520 JavaThread "Reference Handler" daemon [_thread_blocked, id=23228, stack(0x000000b743b00000,0x000000b743c00000)]
  0x00000250770b62c0 JavaThread "Finalizer" daemon [_thread_blocked, id=18680, stack(0x000000b743c00000,0x000000b743d00000)]
  0x00000250770cac10 JavaThread "Signal Dispatcher" daemon [_thread_blocked, id=26360, stack(0x000000b743d00000,0x000000b743e00000)]
  0x00000250770ce660 JavaThread "Attach Listener" daemon [_thread_blocked, id=29124, stack(0x000000b743e00000,0x000000b743f00000)]
  0x00000250770cef30 JavaThread "Service Thread" daemon [_thread_blocked, id=29652, stack(0x000000b743f00000,0x000000b744000000)]
  0x00000250770d1810 JavaThread "Monitor Deflation Thread" daemon [_thread_blocked, id=23984, stack(0x000000b744000000,0x000000b744100000)]
=>0x00000250770d24c0 JavaThread "C2 CompilerThread0" daemon [_thread_in_native, id=7804, stack(0x000000b744100000,0x000000b744200000)]
  0x00000250770d3490 JavaThread "C1 CompilerThread0" daemon [_thread_blocked, id=13048, stack(0x000000b744200000,0x000000b744300000)]
  0x00000250770d41b0 JavaThread "Sweeper thread" daemon [_thread_blocked, id=8692, stack(0x000000b744300000,0x000000b744400000)]
  0x00000250771deed0 JavaThread "Common-Cleaner" daemon [_thread_blocked, id=16888, stack(0x000000b744400000,0x000000b744500000)]
  0x0000025077298860 JavaThread "Notification Thread" daemon [_thread_blocked, id=24844, stack(0x000000b744500000,0x000000b744600000)]
  0x00000250777d9ea0 JavaThread "Daemon health stats" [_thread_blocked, id=32780, stack(0x000000b744700000,0x000000b744800000)]
  0x00000250774c3f50 JavaThread "Incoming local TCP Connector on port 2960" [_thread_in_native, id=30612, stack(0x000000b744800000,0x000000b744900000)]
  0x000002507718a380 JavaThread "Daemon periodic checks" [_thread_blocked, id=5280, stack(0x000000b744e00000,0x000000b744f00000)]
  0x000002507726de00 JavaThread "Daemon" [_thread_blocked, id=34764, stack(0x000000b744f00000,0x000000b745000000)]
  0x000002507726e6b0 JavaThread "Handler for socket connection from /127.0.0.1:2960 to /127.0.0.1:2962" [_thread_in_native, id=28428, stack(0x000000b745000000,0x000000b745100000)]
  0x000002507cdfb0a0 JavaThread "Cancel handler" [_thread_blocked, id=29000, stack(0x000000b745100000,0x000000b745200000)]
  0x000002507cdfbfd0 JavaThread "Daemon worker" [_thread_blocked, id=29012, stack(0x000000b745200000,0x000000b745300000)]
  0x000002507cdfc9f0 JavaThread "Asynchronous log dispatcher for DefaultDaemonConnection: socket connection from /127.0.0.1:2960 to /127.0.0.1:2962" [_thread_blocked, id=27604, stack(0x000000b745300000,0x000000b745400000)]
  0x000002507cdfe340 JavaThread "Stdin handler" [_thread_blocked, id=6644, stack(0x000000b745400000,0x000000b745500000)]
  0x000002507cdfb5b0 JavaThread "Daemon client event forwarder" [_thread_blocked, id=28316, stack(0x000000b745500000,0x000000b745600000)]
  0x000002507cdfcf00 JavaThread "Cache worker for journal cache (C:\Users\COM\.gradle\caches\journal-1)" [_thread_blocked, id=30528, stack(0x000000b745600000,0x000000b745700000)]
  0x000002507cdfd920 JavaThread "File lock request listener" [_thread_in_native, id=11180, stack(0x000000b745700000,0x000000b745800000)]
  0x000002507cdfd410 JavaThread "Cache worker for file hash cache (C:\Users\COM\.gradle\caches\8.14.3\fileHashes)" [_thread_blocked, id=18752, stack(0x000000b745900000,0x000000b745a00000)]
  0x000002507cdfc4e0 JavaThread "Cache worker for file hash cache (C:\Users\COM\Desktop\kakaoClone\services\chat\.gradle\8.14.3\fileHashes)" [_thread_blocked, id=24504, stack(0x000000b745a00000,0x000000b745b00000)]
  0x000002507cdfe850 JavaThread "Cache worker for Build Output Cleanup Cache (C:\Users\COM\Desktop\kakaoClone\services\chat\.gradle\buildOutputCleanup)" [_thread_blocked, id=28388, stack(0x000000b745b00000,0x000000b745c00000)]
  0x000002507cdfbac0 JavaThread "File lock release action executor" [_thread_blocked, id=19640, stack(0x000000b745e00000,0x000000b745f00000)]
  0x0000025015344bb0 JavaThread "File watcher server" daemon [_thread_in_native, id=26728, stack(0x000000b746100000,0x000000b746200000)]
  0x0000025015342330 JavaThread "File watcher consumer" daemon [_thread_blocked, id=21736, stack(0x000000b746200000,0x000000b746300000)]
  0x0000025015341e20 JavaThread "jar transforms" [_thread_blocked, id=7640, stack(0x000000b746000000,0x000000b746100000)]
  0x0000025015342840 JavaThread "jar transforms Thread 2" [_thread_blocked, id=33000, stack(0x000000b746300000,0x000000b746400000)]
  0x0000025015342d50 JavaThread "jar transforms Thread 3" [_thread_blocked, id=20732, stack(0x000000b746400000,0x000000b746500000)]
  0x00000250153450c0 JavaThread "jar transforms Thread 4" [_thread_blocked, id=28344, stack(0x000000b746500000,0x000000b746600000)]
  0x00000250153404d0 JavaThread "jar transforms Thread 5" [_thread_blocked, id=14452, stack(0x000000b746600000,0x000000b746700000)]
  0x000002501533ffc0 JavaThread "jar transforms Thread 6" [_thread_blocked, id=25696, stack(0x000000b746700000,0x000000b746800000)]
  0x0000025015345ae0 JavaThread "jar transforms Thread 7" [_thread_blocked, id=24452, stack(0x000000b746800000,0x000000b746900000)]
  0x000002501533f5a0 JavaThread "jar transforms Thread 8" [_thread_blocked, id=28840, stack(0x000000b746900000,0x000000b746a00000)]
  0x0000025015343770 JavaThread "Cache worker for checksums cache (C:\Users\COM\Desktop\kakaoClone\services\chat\.gradle\8.14.3\checksums)" [_thread_blocked, id=31360, stack(0x000000b746a00000,0x000000b746b00000)]
  0x0000025015343c80 JavaThread "Cache worker for file content cache (C:\Users\COM\.gradle\caches\8.14.3\fileContent)" [_thread_blocked, id=34240, stack(0x000000b746b00000,0x000000b746c00000)]
  0x0000025015344190 JavaThread "Cache worker for cache directory md-supplier (C:\Users\COM\.gradle\caches\8.14.3\md-supplier)" [_thread_blocked, id=12368, stack(0x000000b745f00000,0x000000b746000000)]
  0x0000025015341400 JavaThread "Cache worker for cache directory md-rule (C:\Users\COM\.gradle\caches\8.14.3\md-rule)" [_thread_blocked, id=9048, stack(0x000000b746c00000,0x000000b746d00000)]
  0x0000025015341910 JavaThread "Unconstrained build operations" [_thread_blocked, id=8548, stack(0x000000b746d00000,0x000000b746e00000)]
  0x00000250153446a0 JavaThread "Unconstrained build operations Thread 2" [_thread_blocked, id=31760, stack(0x000000b746e00000,0x000000b746f00000)]
  0x00000250153455d0 JavaThread "Unconstrained build operations Thread 3" [_thread_blocked, id=12444, stack(0x000000b746f00000,0x000000b747000000)]
  0x0000025015346500 JavaThread "Unconstrained build operations Thread 4" [_thread_blocked, id=2940, stack(0x000000b747000000,0x000000b747100000)]
  0x000002501533f090 JavaThread "Unconstrained build operations Thread 5" [_thread_blocked, id=29628, stack(0x000000b747100000,0x000000b747200000)]
  0x0000025015346a10 JavaThread "Unconstrained build operations Thread 6" [_thread_blocked, id=26488, stack(0x000000b747200000,0x000000b747300000)]
  0x000002501533fab0 JavaThread "Unconstrained build operations Thread 7" [_thread_blocked, id=11768, stack(0x000000b747300000,0x000000b747400000)]
  0x00000250153409e0 JavaThread "Unconstrained build operations Thread 8" [_thread_blocked, id=28052, stack(0x000000b747500000,0x000000b747600000)]
  0x000002507ce524e0 JavaThread "Unconstrained build operations Thread 9" [_thread_blocked, id=13448, stack(0x000000b747600000,0x000000b747700000)]
  0x000002507ce4f240 JavaThread "Unconstrained build operations Thread 10" [_thread_blocked, id=19212, stack(0x000000b747700000,0x000000b747800000)]
  0x000002507ce4ced0 JavaThread "Unconstrained build operations Thread 11" [_thread_blocked, id=29564, stack(0x000000b747800000,0x000000b747900000)]
  0x000002507ce4bfa0 JavaThread "Unconstrained build operations Thread 12" [_thread_blocked, id=15916, stack(0x000000b747900000,0x000000b747a00000)]
  0x000002507ce4e310 JavaThread "Unconstrained build operations Thread 13" [_thread_blocked, id=22692, stack(0x000000b747b00000,0x000000b747c00000)]
  0x000002507ce50170 JavaThread "Unconstrained build operations Thread 14" [_thread_blocked, id=13728, stack(0x000000b747c00000,0x000000b747d00000)]
  0x000002507ce4e820 JavaThread "Unconstrained build operations Thread 15" [_thread_blocked, id=16160, stack(0x000000b747d00000,0x000000b747e00000)]
  0x000002507ce4ed30 JavaThread "Unconstrained build operations Thread 16" [_thread_blocked, id=24116, stack(0x000000b747e00000,0x000000b747f00000)]
  0x000002507ce4d8f0 JavaThread "Unconstrained build operations Thread 17" [_thread_blocked, id=29520, stack(0x000000b747f00000,0x000000b748000000)]
  0x000002507ce53410 JavaThread "Unconstrained build operations Thread 18" [_thread_blocked, id=31856, stack(0x000000b748000000,0x000000b748100000)]
  0x000002507ce50680 JavaThread "Unconstrained build operations Thread 19" [_thread_blocked, id=32952, stack(0x000000b748100000,0x000000b748200000)]
  0x000002507ce53920 JavaThread "Unconstrained build operations Thread 20" [_thread_blocked, id=33120, stack(0x000000b748200000,0x000000b748300000)]
  0x000002507ce52f00 JavaThread "Unconstrained build operations Thread 21" [_thread_blocked, id=22744, stack(0x000000b748300000,0x000000b748400000)]
  0x000002507ce515b0 JavaThread "Unconstrained build operations Thread 22" [_thread_blocked, id=28904, stack(0x000000b748400000,0x000000b748500000)]
  0x000002507ce4f750 JavaThread "Unconstrained build operations Thread 23" [_thread_blocked, id=9924, stack(0x000000b748500000,0x000000b748600000)]
  0x000002507ce50b90 JavaThread "Unconstrained build operations Thread 24" [_thread_blocked, id=28312, stack(0x000000b748600000,0x000000b748700000)]
  0x000002507ce51ac0 JavaThread "Unconstrained build operations Thread 25" [_thread_blocked, id=5252, stack(0x000000b748700000,0x000000b748800000)]
  0x000002507ce4de00 JavaThread "Unconstrained build operations Thread 26" [_thread_blocked, id=26288, stack(0x000000b748900000,0x000000b748a00000)]
  0x000002507ce4fc60 JavaThread "Unconstrained build operations Thread 27" [_thread_blocked, id=17652, stack(0x000000b748a00000,0x000000b748b00000)]
  0x000002507ce510a0 JavaThread "Unconstrained build operations Thread 28" [_thread_blocked, id=20708, stack(0x000000b748b00000,0x000000b748c00000)]
  0x000002507ce51fd0 JavaThread "Unconstrained build operations Thread 29" [_thread_blocked, id=27892, stack(0x000000b748c00000,0x000000b748d00000)]
  0x000002507ce529f0 JavaThread "Unconstrained build operations Thread 30" [_thread_blocked, id=33012, stack(0x000000b748d00000,0x000000b748e00000)]
  0x000002507ce4c4b0 JavaThread "Unconstrained build operations Thread 31" [_thread_blocked, id=17528, stack(0x000000b748e00000,0x000000b748f00000)]
  0x000002507ce4c9c0 JavaThread "Unconstrained build operations Thread 32" [_thread_blocked, id=13224, stack(0x000000b748f00000,0x000000b749000000)]
  0x000002507d386b80 JavaThread "Unconstrained build operations Thread 33" [_thread_blocked, id=27248, stack(0x000000b749000000,0x000000b749100000)]
  0x000002507d384300 JavaThread "Unconstrained build operations Thread 34" [_thread_blocked, id=29588, stack(0x000000b749100000,0x000000b749200000)]
  0x000002507d386670 JavaThread "Unconstrained build operations Thread 35" [_thread_blocked, id=32296, stack(0x000000b749200000,0x000000b749300000)]
  0x000002507d381f90 JavaThread "Unconstrained build operations Thread 36" [_thread_blocked, id=9984, stack(0x000000b749300000,0x000000b749400000)]
  0x000002507d3884d0 JavaThread "Unconstrained build operations Thread 37" [_thread_blocked, id=20392, stack(0x000000b749400000,0x000000b749500000)]
  0x000002507d383df0 JavaThread "Unconstrained build operations Thread 38" [_thread_blocked, id=1396, stack(0x000000b749500000,0x000000b749600000)]
  0x000002507d3875a0 JavaThread "Unconstrained build operations Thread 39" [_thread_blocked, id=23032, stack(0x000000b749600000,0x000000b749700000)]
  0x000002507d387090 JavaThread "Unconstrained build operations Thread 40" [_thread_blocked, id=21204, stack(0x000000b749700000,0x000000b749800000)]
  0x000002507d381060 JavaThread "Unconstrained build operations Thread 41" [_thread_blocked, id=17452, stack(0x000000b749800000,0x000000b749900000)]
  0x000002507d387fc0 JavaThread "Unconstrained build operations Thread 42" [_thread_blocked, id=2184, stack(0x000000b749900000,0x000000b749a00000)]
  0x000002507d3889e0 JavaThread "Unconstrained build operations Thread 43" [_thread_blocked, id=24672, stack(0x000000b749a00000,0x000000b749b00000)]
  0x000002507d382ec0 JavaThread "Unconstrained build operations Thread 44" [_thread_blocked, id=5684, stack(0x000000b749b00000,0x000000b749c00000)]
  0x000002507d384810 JavaThread "Unconstrained build operations Thread 45" [_thread_blocked, id=17672, stack(0x000000b749c00000,0x000000b749d00000)]
  0x000002507d386160 JavaThread "Unconstrained build operations Thread 46" [_thread_blocked, id=30888, stack(0x000000b749d00000,0x000000b749e00000)]
  0x000002507d384d20 JavaThread "Memory manager" [_thread_blocked, id=1284, stack(0x000000b749f00000,0x000000b74a000000)]
  0x000002507d385230 JavaThread "included builds" [_thread_blocked, id=22416, stack(0x000000b749e00000,0x000000b749f00000)]
  0x000002507d3838e0 JavaThread "Execution worker" [_thread_blocked, id=15908, stack(0x000000b74a000000,0x000000b74a100000)]
  0x000002507d381570 JavaThread "Execution worker Thread 2" [_thread_blocked, id=12944, stack(0x000000b74a100000,0x000000b74a200000)]
  0x000002507d387ab0 JavaThread "Execution worker Thread 3" [_thread_blocked, id=18632, stack(0x000000b74a200000,0x000000b74a300000)]
  0x000002507d385c50 JavaThread "Execution worker Thread 4" [_thread_blocked, id=21144, stack(0x000000b74a300000,0x000000b74a400000)]
  0x000002507d381a80 JavaThread "Execution worker Thread 5" [_thread_blocked, id=27236, stack(0x000000b74a400000,0x000000b74a500000)]
  0x000002507d3824a0 JavaThread "Execution worker Thread 6" [_thread_blocked, id=32116, stack(0x000000b74a500000,0x000000b74a600000)]
  0x000002507d3829b0 JavaThread "Execution worker Thread 7" [_thread_blocked, id=31812, stack(0x000000b74a600000,0x000000b74a700000)]
  0x000002507d385740 JavaThread "Cache worker for execution history cache (C:\Users\COM\Desktop\kakaoClone\services\chat\.gradle\8.14.3\executionHistory)" [_thread_blocked, id=10272, stack(0x000000b74a700000,0x000000b74a800000)]
  0x000002507d3833d0 JavaThread "idea-tooling-model-converter" [_thread_blocked, id=26376, stack(0x000000b74a800000,0x000000b74a900000)]
  0x000002507ee67ee0 JavaThread "C2 CompilerThread1" daemon [_thread_blocked, id=6864, stack(0x000000b74a900000,0x000000b74aa00000)]
  0x0000025015e95de0 JavaThread "C2 CompilerThread2" daemon [_thread_blocked, id=28844, stack(0x000000b74aa00000,0x000000b74ab00000)]
  0x000002507f02d770 JavaThread "ForkJoinPool.commonPool-worker-1" daemon [_thread_blocked, id=18452, stack(0x000000b74ad00000,0x000000b74ae00000)]
  0x000002507f02fae0 JavaThread "ForkJoinPool.commonPool-worker-2" daemon [_thread_blocked, id=8400, stack(0x000000b74ae00000,0x000000b74af00000)]
  0x000002507f029090 JavaThread "ForkJoinPool.commonPool-worker-3" daemon [_thread_blocked, id=20040, stack(0x000000b74af00000,0x000000b74b000000)]
  0x000002507f02a4d0 JavaThread "ForkJoinPool.commonPool-worker-4" daemon [_thread_blocked, id=30216, stack(0x000000b74b000000,0x000000b74b100000)]
  0x000002507f02aef0 JavaThread "ForkJoinPool.commonPool-worker-5" daemon [_thread_blocked, id=27412, stack(0x000000b74b100000,0x000000b74b200000)]
  0x000002507f029fc0 JavaThread "ForkJoinPool.commonPool-worker-6" daemon [_thread_blocked, id=29416, stack(0x000000b74b200000,0x000000b74b300000)]
  0x000002507f02a9e0 JavaThread "Exec process" daemon [_thread_in_native, id=10488, stack(0x000000b74b300000,0x000000b74b400000)]
  0x000002507f02b400 JavaThread "ForkJoinPool.commonPool-worker-7" daemon [_thread_blocked, id=18024, stack(0x000000b74b400000,0x000000b74b500000)]
  0x000002507f02b910 JavaThread "Exec process Thread 2" daemon [_thread_blocked, id=34232, stack(0x000000b74b500000,0x000000b74b600000)]
  0x000002507f030500 JavaThread "Exec process Thread 3" daemon [_thread_blocked, id=31552, stack(0x000000b74b600000,0x000000b74b700000)]

Other Threads:
  0x00000250770af4e0 VMThread "VM Thread" [stack: 0x000000b743a00000,0x000000b743b00000] [id=26720]
  0x000002505c51ee80 WatcherThread [stack: 0x000000b744600000,0x000000b744700000] [id=29184]
  0x000002505c54c990 GCTaskThread "GC Thread#0" [stack: 0x000000b743500000,0x000000b743600000] [id=12984]
  0x0000025077808700 GCTaskThread "GC Thread#1" [stack: 0x000000b744900000,0x000000b744a00000] [id=29716]
  0x00000250778089c0 GCTaskThread "GC Thread#2" [stack: 0x000000b744a00000,0x000000b744b00000] [id=26680]
  0x0000025077808c80 GCTaskThread "GC Thread#3" [stack: 0x000000b744b00000,0x000000b744c00000] [id=25104]
  0x00000250776832f0 GCTaskThread "GC Thread#4" [stack: 0x000000b744c00000,0x000000b744d00000] [id=16052]
  0x00000250776835b0 GCTaskThread "GC Thread#5" [stack: 0x000000b744d00000,0x000000b744e00000] [id=8216]
  0x00000250157c7c70 GCTaskThread "GC Thread#6" [stack: 0x000000b745800000,0x000000b745900000] [id=27124]
  0x000002507e682370 GCTaskThread "GC Thread#7" [stack: 0x000000b745c00000,0x000000b745d00000] [id=20212]
  0x000002505c552800 ConcurrentGCThread "G1 Main Marker" [stack: 0x000000b743600000,0x000000b743700000] [id=4664]
  0x000002505c553130 ConcurrentGCThread "G1 Conc#0" [stack: 0x000000b743700000,0x000000b743800000] [id=1084]
  0x0000025015645fa0 ConcurrentGCThread "G1 Conc#1" [stack: 0x000000b745d00000,0x000000b745e00000] [id=15228]
  0x000002505c5de870 ConcurrentGCThread "G1 Refine#0" [stack: 0x000000b743800000,0x000000b743900000] [id=3812]
  0x000002507c78e4e0 ConcurrentGCThread "G1 Refine#1" [stack: 0x000000b747400000,0x000000b747500000] [id=26748]
  0x000002507c78e7d0 ConcurrentGCThread "G1 Refine#2" [stack: 0x000000b747a00000,0x000000b747b00000] [id=3740]
  0x000002507c78d920 ConcurrentGCThread "G1 Refine#3" [stack: 0x000000b748800000,0x000000b748900000] [id=10748]
  0x0000025076f70390 ConcurrentGCThread "G1 Service" [stack: 0x000000b743900000,0x000000b743a00000] [id=30328]

Threads with active compile tasks:
C2 CompilerThread0    41042 7843   !   4       java.lang.reflect.Executable::sharedToGenericString (255 bytes)

VM state: not at safepoint (normal execution)

VM Mutex/Monitor currently owned by a thread: None

Heap address: 0x00000000e0000000, size: 512 MB, Compressed Oops mode: 32-bit

CDS archive(s) mapped at: [0x0000025000000000-0x0000025000bb0000-0x0000025000bb0000), size 12255232, SharedBaseAddress: 0x0000025000000000, ArchiveRelocationMode: 1.
Compressed class space mapped at: 0x0000025001000000-0x0000025015000000, reserved size: 335544320
Narrow klass base: 0x0000025000000000, Narrow klass shift: 0, Narrow klass range: 0x100000000

GC Precious Log:
 CPUs: 8 total, 8 available
 Memory: 16197M
 Large Page Support: Disabled
 NUMA Support: Disabled
 Compressed Oops: Enabled (32-bit)
 Heap Region Size: 1M
 Heap Min Capacity: 256M
 Heap Initial Capacity: 256M
 Heap Max Capacity: 512M
 Pre-touch: Disabled
 Parallel Workers: 8
 Concurrent Workers: 2
 Concurrent Refinement Workers: 8
 Periodic GC: Disabled

Heap:
 garbage-first heap   total 262144K, used 134674K [0x00000000e0000000, 0x0000000100000000)
  region size 1024K, 61 young (62464K), 3 survivors (3072K)
 Metaspace       used 62996K, committed 63744K, reserved 393216K
  class space    used 9029K, committed 9408K, reserved 327680K

Heap Regions: E=young(eden), S=young(survivor), O=old, HS=humongous(starts), HC=humongous(continues), CS=collection set, F=free, OA=open archive, CA=closed archive, TAMS=top-at-mark-start (previous, next)
|   0|0x00000000e0000000, 0x00000000e0100000, 0x00000000e0100000|100%|HS|  |TAMS 0x00000000e0100000, 0x00000000e0000000| Complete 
|   1|0x00000000e0100000, 0x00000000e0200000, 0x00000000e0200000|100%|HC|  |TAMS 0x00000000e0200000, 0x00000000e0100000| Complete 
|   2|0x00000000e0200000, 0x00000000e0300000, 0x00000000e0300000|100%|HC|  |TAMS 0x00000000e0300000, 0x00000000e0200000| Complete 
|   3|0x00000000e0300000, 0x00000000e0400000, 0x00000000e0400000|100%| O|  |TAMS 0x00000000e0400000, 0x00000000e0300000| Untracked 
|   4|0x00000000e0400000, 0x00000000e0500000, 0x00000000e0500000|100%| O|  |TAMS 0x00000000e0500000, 0x00000000e0400000| Untracked 
|   5|0x00000000e0500000, 0x00000000e0600000, 0x00000000e0600000|100%| O|  |TAMS 0x00000000e0600000, 0x00000000e0500000| Untracked 
|   6|0x00000000e0600000, 0x00000000e0700000, 0x00000000e0700000|100%|HS|  |TAMS 0x00000000e0700000, 0x00000000e0600000| Complete 
|   7|0x00000000e0700000, 0x00000000e0800000, 0x00000000e0800000|100%|HS|  |TAMS 0x00000000e0800000, 0x00000000e0700000| Complete 
|   8|0x00000000e0800000, 0x00000000e0900000, 0x00000000e0900000|100%| O|  |TAMS 0x00000000e0900000, 0x00000000e0800000| Untracked 
|   9|0x00000000e0900000, 0x00000000e0a00000, 0x00000000e0a00000|100%| O|  |TAMS 0x00000000e0a00000, 0x00000000e0900000| Untracked 
|  10|0x00000000e0a00000, 0x00000000e0b00000, 0x00000000e0b00000|100%| O|  |TAMS 0x00000000e0b00000, 0x00000000e0a00000| Untracked 
|  11|0x00000000e0b00000, 0x00000000e0c00000, 0x00000000e0c00000|100%| O|  |TAMS 0x00000000e0c00000, 0x00000000e0b00000| Untracked 
|  12|0x00000000e0c00000, 0x00000000e0d00000, 0x00000000e0d00000|100%| O|  |TAMS 0x00000000e0d00000, 0x00000000e0c00000| Untracked 
|  13|0x00000000e0d00000, 0x00000000e0e00000, 0x00000000e0e00000|100%|HS|  |TAMS 0x00000000e0e00000, 0x00000000e0d00000| Complete 
|  14|0x00000000e0e00000, 0x00000000e0f00000, 0x00000000e0f00000|100%|HC|  |TAMS 0x00000000e0f00000, 0x00000000e0e00000| Complete 
|  15|0x00000000e0f00000, 0x00000000e1000000, 0x00000000e1000000|100%|HC|  |TAMS 0x00000000e1000000, 0x00000000e0f00000| Complete 
|  16|0x00000000e1000000, 0x00000000e1100000, 0x00000000e1100000|100%|HC|  |TAMS 0x00000000e1100000, 0x00000000e1000000| Complete 
|  17|0x00000000e1100000, 0x00000000e1200000, 0x00000000e1200000|100%|HC|  |TAMS 0x00000000e1200000, 0x00000000e1100000| Complete 
|  18|0x00000000e1200000, 0x00000000e1300000, 0x00000000e1300000|100%|HC|  |TAMS 0x00000000e1300000, 0x00000000e1200000| Complete 
|  19|0x00000000e1300000, 0x00000000e1400000, 0x00000000e1400000|100%|HS|  |TAMS 0x00000000e1400000, 0x00000000e1300000| Complete 
|  20|0x00000000e1400000, 0x00000000e1500000, 0x00000000e1500000|100%|HC|  |TAMS 0x00000000e1500000, 0x00000000e1400000| Complete 
|  21|0x00000000e1500000, 0x00000000e1600000, 0x00000000e1600000|100%|HS|  |TAMS 0x00000000e1600000, 0x00000000e1500000| Complete 
|  22|0x00000000e1600000, 0x00000000e1700000, 0x00000000e1700000|100%|HC|  |TAMS 0x00000000e1700000, 0x00000000e1600000| Complete 
|  23|0x00000000e1700000, 0x00000000e1800000, 0x00000000e1800000|100%|HC|  |TAMS 0x00000000e1800000, 0x00000000e1700000| Complete 
|  24|0x00000000e1800000, 0x00000000e1900000, 0x00000000e1900000|100%|HC|  |TAMS 0x00000000e1900000, 0x00000000e1800000| Complete 
|  25|0x00000000e1900000, 0x00000000e1a00000, 0x00000000e1a00000|100%|HC|  |TAMS 0x00000000e1a00000, 0x00000000e1900000| Complete 
|  26|0x00000000e1a00000, 0x00000000e1b00000, 0x00000000e1b00000|100%|HC|  |TAMS 0x00000000e1b00000, 0x00000000e1a00000| Complete 
|  27|0x00000000e1b00000, 0x00000000e1c00000, 0x00000000e1c00000|100%|HS|  |TAMS 0x00000000e1c00000, 0x00000000e1b00000| Complete 
|  28|0x00000000e1c00000, 0x00000000e1d00000, 0x00000000e1d00000|100%|HC|  |TAMS 0x00000000e1d00000, 0x00000000e1c00000| Complete 
|  29|0x00000000e1d00000, 0x00000000e1e00000, 0x00000000e1e00000|100%|HS|  |TAMS 0x00000000e1e00000, 0x00000000e1d00000| Complete 
|  30|0x00000000e1e00000, 0x00000000e1f00000, 0x00000000e1f00000|100%|HS|  |TAMS 0x00000000e1f00000, 0x00000000e1e00000| Complete 
|  31|0x00000000e1f00000, 0x00000000e2000000, 0x00000000e2000000|100%|HC|  |TAMS 0x00000000e2000000, 0x00000000e1f00000| Complete 
|  32|0x00000000e2000000, 0x00000000e2100000, 0x00000000e2100000|100%|HS|  |TAMS 0x00000000e2100000, 0x00000000e2000000| Complete 
|  33|0x00000000e2100000, 0x00000000e2200000, 0x00000000e2200000|100%|HC|  |TAMS 0x00000000e2200000, 0x00000000e2100000| Complete 
|  34|0x00000000e2200000, 0x00000000e2300000, 0x00000000e2300000|100%| O|  |TAMS 0x00000000e2300000, 0x00000000e2200000| Untracked 
|  35|0x00000000e2300000, 0x00000000e2400000, 0x00000000e2400000|100%| O|  |TAMS 0x00000000e2400000, 0x00000000e2300000| Untracked 
|  36|0x00000000e2400000, 0x00000000e2500000, 0x00000000e2500000|100%| O|  |TAMS 0x00000000e2500000, 0x00000000e2400000| Untracked 
|  37|0x00000000e2500000, 0x00000000e2600000, 0x00000000e2600000|100%| O|  |TAMS 0x00000000e2600000, 0x00000000e2500000| Untracked 
|  38|0x00000000e2600000, 0x00000000e2700000, 0x00000000e2700000|100%| O|  |TAMS 0x00000000e2700000, 0x00000000e2600000| Untracked 
|  39|0x00000000e2700000, 0x00000000e2800000, 0x00000000e2800000|100%| O|  |TAMS 0x00000000e2800000, 0x00000000e2700000| Untracked 
|  40|0x00000000e2800000, 0x00000000e2900000, 0x00000000e2900000|100%| O|  |TAMS 0x00000000e2900000, 0x00000000e2800000| Untracked 
|  41|0x00000000e2900000, 0x00000000e2a00000, 0x00000000e2a00000|100%| O|  |TAMS 0x00000000e2a00000, 0x00000000e2900000| Untracked 
|  42|0x00000000e2a00000, 0x00000000e2b00000, 0x00000000e2b00000|100%| O|  |TAMS 0x00000000e2b00000, 0x00000000e2a00000| Untracked 
|  43|0x00000000e2b00000, 0x00000000e2c00000, 0x00000000e2c00000|100%| O|  |TAMS 0x00000000e2c00000, 0x00000000e2b00000| Untracked 
|  44|0x00000000e2c00000, 0x00000000e2d00000, 0x00000000e2d00000|100%| O|  |TAMS 0x00000000e2d00000, 0x00000000e2c00000| Untracked 
|  45|0x00000000e2d00000, 0x00000000e2e00000, 0x00000000e2e00000|100%| O|  |TAMS 0x00000000e2e00000, 0x00000000e2d00000| Untracked 
|  46|0x00000000e2e00000, 0x00000000e2f00000, 0x00000000e2f00000|100%| O|  |TAMS 0x00000000e2f00000, 0x00000000e2e00000| Untracked 
|  47|0x00000000e2f00000, 0x00000000e3000000, 0x00000000e3000000|100%| O|  |TAMS 0x00000000e3000000, 0x00000000e2f00000| Untracked 
|  48|0x00000000e3000000, 0x00000000e3100000, 0x00000000e3100000|100%| O|  |TAMS 0x00000000e3100000, 0x00000000e3000000| Untracked 
|  49|0x00000000e3100000, 0x00000000e3200000, 0x00000000e3200000|100%| O|  |TAMS 0x00000000e3200000, 0x00000000e3100000| Untracked 
|  50|0x00000000e3200000, 0x00000000e3300000, 0x00000000e3300000|100%| O|  |TAMS 0x00000000e3300000, 0x00000000e3200000| Untracked 
|  51|0x00000000e3300000, 0x00000000e3400000, 0x00000000e3400000|100%| O|  |TAMS 0x00000000e3400000, 0x00000000e3300000| Untracked 
|  52|0x00000000e3400000, 0x00000000e3500000, 0x00000000e3500000|100%| O|  |TAMS 0x00000000e3500000, 0x00000000e3400000| Untracked 
|  53|0x00000000e3500000, 0x00000000e3600000, 0x00000000e3600000|100%| O|  |TAMS 0x00000000e3600000, 0x00000000e3500000| Untracked 
|  54|0x00000000e3600000, 0x00000000e3700000, 0x00000000e3700000|100%| O|  |TAMS 0x00000000e3700000, 0x00000000e3600000| Untracked 
|  55|0x00000000e3700000, 0x00000000e3800000, 0x00000000e3800000|100%| O|  |TAMS 0x00000000e3738000, 0x00000000e3700000| Untracked 
|  56|0x00000000e3800000, 0x00000000e3900000, 0x00000000e3900000|100%| O|  |TAMS 0x00000000e3800000, 0x00000000e3800000| Untracked 
|  57|0x00000000e3900000, 0x00000000e3a00000, 0x00000000e3a00000|100%| O|  |TAMS 0x00000000e3900000, 0x00000000e3900000| Untracked 
|  58|0x00000000e3a00000, 0x00000000e3b00000, 0x00000000e3b00000|100%| O|  |TAMS 0x00000000e3a00000, 0x00000000e3a00000| Untracked 
|  59|0x00000000e3b00000, 0x00000000e3c00000, 0x00000000e3c00000|100%| O|  |TAMS 0x00000000e3b00000, 0x00000000e3b00000| Untracked 
|  60|0x00000000e3c00000, 0x00000000e3d00000, 0x00000000e3d00000|100%| O|  |TAMS 0x00000000e3c00000, 0x00000000e3c00000| Untracked 
|  61|0x00000000e3d00000, 0x00000000e3e00000, 0x00000000e3e00000|100%| O|  |TAMS 0x00000000e3d00000, 0x00000000e3d00000| Untracked 
|  62|0x00000000e3e00000, 0x00000000e3f00000, 0x00000000e3f00000|100%| O|  |TAMS 0x00000000e3e00000, 0x00000000e3e00000| Untracked 
|  63|0x00000000e3f00000, 0x00000000e4000000, 0x00000000e4000000|100%| O|  |TAMS 0x00000000e3f00000, 0x00000000e3f00000| Untracked 
|  64|0x00000000e4000000, 0x00000000e4100000, 0x00000000e4100000|100%| O|  |TAMS 0x00000000e4000000, 0x00000000e4000000| Untracked 
|  65|0x00000000e4100000, 0x00000000e4200000, 0x00000000e4200000|100%| O|  |TAMS 0x00000000e4100000, 0x00000000e4100000| Untracked 
|  66|0x00000000e4200000, 0x00000000e4300000, 0x00000000e4300000|100%| O|  |TAMS 0x00000000e4200000, 0x00000000e4200000| Untracked 
|  67|0x00000000e4300000, 0x00000000e4400000, 0x00000000e4400000|100%| O|  |TAMS 0x00000000e4300000, 0x00000000e4300000| Untracked 
|  68|0x00000000e4400000, 0x00000000e4500000, 0x00000000e4500000|100%| O|  |TAMS 0x00000000e4400000, 0x00000000e4400000| Untracked 
|  69|0x00000000e4500000, 0x00000000e4600000, 0x00000000e4600000|100%| O|  |TAMS 0x00000000e4500000, 0x00000000e4500000| Untracked 
|  70|0x00000000e4600000, 0x00000000e4700000, 0x00000000e4700000|100%| O|  |TAMS 0x00000000e4600000, 0x00000000e4600000| Untracked 
|  71|0x00000000e4700000, 0x00000000e47dd800, 0x00000000e4800000| 86%| O|  |TAMS 0x00000000e4700000, 0x00000000e4700000| Untracked 
|  72|0x00000000e4800000, 0x00000000e4800000, 0x00000000e4900000|  0%| F|  |TAMS 0x00000000e4800000, 0x00000000e4800000| Untracked 
|  73|0x00000000e4900000, 0x00000000e4900000, 0x00000000e4a00000|  0%| F|  |TAMS 0x00000000e4900000, 0x00000000e4900000| Untracked 
|  74|0x00000000e4a00000, 0x00000000e4a00000, 0x00000000e4b00000|  0%| F|  |TAMS 0x00000000e4a00000, 0x00000000e4a00000| Untracked 
|  75|0x00000000e4b00000, 0x00000000e4b00000, 0x00000000e4c00000|  0%| F|  |TAMS 0x00000000e4b00000, 0x00000000e4b00000| Untracked 
|  76|0x00000000e4c00000, 0x00000000e4c00000, 0x00000000e4d00000|  0%| F|  |TAMS 0x00000000e4c00000, 0x00000000e4c00000| Untracked 
|  77|0x00000000e4d00000, 0x00000000e4d00000, 0x00000000e4e00000|  0%| F|  |TAMS 0x00000000e4d00000, 0x00000000e4d00000| Untracked 
|  78|0x00000000e4e00000, 0x00000000e4e00000, 0x00000000e4f00000|  0%| F|  |TAMS 0x00000000e4e00000, 0x00000000e4e00000| Untracked 
|  79|0x00000000e4f00000, 0x00000000e4f00000, 0x00000000e5000000|  0%| F|  |TAMS 0x00000000e4f00000, 0x00000000e4f00000| Untracked 
|  80|0x00000000e5000000, 0x00000000e5000000, 0x00000000e5100000|  0%| F|  |TAMS 0x00000000e5000000, 0x00000000e5000000| Untracked 
|  81|0x00000000e5100000, 0x00000000e5100000, 0x00000000e5200000|  0%| F|  |TAMS 0x00000000e5100000, 0x00000000e5100000| Untracked 
|  82|0x00000000e5200000, 0x00000000e5200000, 0x00000000e5300000|  0%| F|  |TAMS 0x00000000e5200000, 0x00000000e5200000| Untracked 
|  83|0x00000000e5300000, 0x00000000e5300000, 0x00000000e5400000|  0%| F|  |TAMS 0x00000000e5300000, 0x00000000e5300000| Untracked 
|  84|0x00000000e5400000, 0x00000000e5400000, 0x00000000e5500000|  0%| F|  |TAMS 0x00000000e5400000, 0x00000000e5400000| Untracked 
|  85|0x00000000e5500000, 0x00000000e5500000, 0x00000000e5600000|  0%| F|  |TAMS 0x00000000e5500000, 0x00000000e5500000| Untracked 
|  86|0x00000000e5600000, 0x00000000e5600000, 0x00000000e5700000|  0%| F|  |TAMS 0x00000000e5600000, 0x00000000e5600000| Untracked 
|  87|0x00000000e5700000, 0x00000000e5700000, 0x00000000e5800000|  0%| F|  |TAMS 0x00000000e5700000, 0x00000000e5700000| Untracked 
|  88|0x00000000e5800000, 0x00000000e5800000, 0x00000000e5900000|  0%| F|  |TAMS 0x00000000e5800000, 0x00000000e5800000| Untracked 
|  89|0x00000000e5900000, 0x00000000e5900000, 0x00000000e5a00000|  0%| F|  |TAMS 0x00000000e5900000, 0x00000000e5900000| Untracked 
|  90|0x00000000e5a00000, 0x00000000e5a00000, 0x00000000e5b00000|  0%| F|  |TAMS 0x00000000e5a00000, 0x00000000e5a00000| Untracked 
|  91|0x00000000e5b00000, 0x00000000e5b00000, 0x00000000e5c00000|  0%| F|  |TAMS 0x00000000e5b00000, 0x00000000e5b00000| Untracked 
|  92|0x00000000e5c00000, 0x00000000e5c00000, 0x00000000e5d00000|  0%| F|  |TAMS 0x00000000e5c00000, 0x00000000e5c00000| Untracked 
|  93|0x00000000e5d00000, 0x00000000e5d00000, 0x00000000e5e00000|  0%| F|  |TAMS 0x00000000e5d00000, 0x00000000e5d00000| Untracked 
|  94|0x00000000e5e00000, 0x00000000e5e00000, 0x00000000e5f00000|  0%| F|  |TAMS 0x00000000e5e00000, 0x00000000e5e00000| Untracked 
|  95|0x00000000e5f00000, 0x00000000e5f00000, 0x00000000e6000000|  0%| F|  |TAMS 0x00000000e5f00000, 0x00000000e5f00000| Untracked 
|  96|0x00000000e6000000, 0x00000000e6000000, 0x00000000e6100000|  0%| F|  |TAMS 0x00000000e6000000, 0x00000000e6000000| Untracked 
|  97|0x00000000e6100000, 0x00000000e6100000, 0x00000000e6200000|  0%| F|  |TAMS 0x00000000e6100000, 0x00000000e6100000| Untracked 
|  98|0x00000000e6200000, 0x00000000e6200000, 0x00000000e6300000|  0%| F|  |TAMS 0x00000000e6200000, 0x00000000e6200000| Untracked 
|  99|0x00000000e6300000, 0x00000000e6300000, 0x00000000e6400000|  0%| F|  |TAMS 0x00000000e6300000, 0x00000000e6300000| Untracked 
| 100|0x00000000e6400000, 0x00000000e6400000, 0x00000000e6500000|  0%| F|  |TAMS 0x00000000e6400000, 0x00000000e6400000| Untracked 
| 101|0x00000000e6500000, 0x00000000e6500000, 0x00000000e6600000|  0%| F|  |TAMS 0x00000000e6500000, 0x00000000e6500000| Untracked 
| 102|0x00000000e6600000, 0x00000000e6600000, 0x00000000e6700000|  0%| F|  |TAMS 0x00000000e6600000, 0x00000000e6600000| Untracked 
| 103|0x00000000e6700000, 0x00000000e6700000, 0x00000000e6800000|  0%| F|  |TAMS 0x00000000e6700000, 0x00000000e6700000| Untracked 
| 104|0x00000000e6800000, 0x00000000e6800000, 0x00000000e6900000|  0%| F|  |TAMS 0x00000000e6800000, 0x00000000e6800000| Untracked 
| 105|0x00000000e6900000, 0x00000000e6900000, 0x00000000e6a00000|  0%| F|  |TAMS 0x00000000e6900000, 0x00000000e6900000| Untracked 
| 106|0x00000000e6a00000, 0x00000000e6a00000, 0x00000000e6b00000|  0%| F|  |TAMS 0x00000000e6a00000, 0x00000000e6a00000| Untracked 
| 107|0x00000000e6b00000, 0x00000000e6b00000, 0x00000000e6c00000|  0%| F|  |TAMS 0x00000000e6b00000, 0x00000000e6b00000| Untracked 
| 108|0x00000000e6c00000, 0x00000000e6c00000, 0x00000000e6d00000|  0%| F|  |TAMS 0x00000000e6c00000, 0x00000000e6c00000| Untracked 
| 109|0x00000000e6d00000, 0x00000000e6d00000, 0x00000000e6e00000|  0%| F|  |TAMS 0x00000000e6d00000, 0x00000000e6d00000| Untracked 
| 110|0x00000000e6e00000, 0x00000000e6e00000, 0x00000000e6f00000|  0%| F|  |TAMS 0x00000000e6e00000, 0x00000000e6e00000| Untracked 
| 111|0x00000000e6f00000, 0x00000000e6f00000, 0x00000000e7000000|  0%| F|  |TAMS 0x00000000e6f00000, 0x00000000e6f00000| Untracked 
| 112|0x00000000e7000000, 0x00000000e7000000, 0x00000000e7100000|  0%| F|  |TAMS 0x00000000e7000000, 0x00000000e7000000| Untracked 
| 113|0x00000000e7100000, 0x00000000e7100000, 0x00000000e7200000|  0%| F|  |TAMS 0x00000000e7100000, 0x00000000e7100000| Untracked 
| 114|0x00000000e7200000, 0x00000000e7200000, 0x00000000e7300000|  0%| F|  |TAMS 0x00000000e7200000, 0x00000000e7200000| Untracked 
| 115|0x00000000e7300000, 0x00000000e7300000, 0x00000000e7400000|  0%| F|  |TAMS 0x00000000e7300000, 0x00000000e7300000| Untracked 
| 116|0x00000000e7400000, 0x00000000e7400000, 0x00000000e7500000|  0%| F|  |TAMS 0x00000000e7400000, 0x00000000e7400000| Untracked 
| 117|0x00000000e7500000, 0x00000000e7500000, 0x00000000e7600000|  0%| F|  |TAMS 0x00000000e7500000, 0x00000000e7500000| Untracked 
| 118|0x00000000e7600000, 0x00000000e7600000, 0x00000000e7700000|  0%| F|  |TAMS 0x00000000e7600000, 0x00000000e7600000| Untracked 
| 119|0x00000000e7700000, 0x00000000e7700000, 0x00000000e7800000|  0%| F|  |TAMS 0x00000000e7700000, 0x00000000e7700000| Untracked 
| 120|0x00000000e7800000, 0x00000000e7800000, 0x00000000e7900000|  0%| F|  |TAMS 0x00000000e7800000, 0x00000000e7800000| Untracked 
| 121|0x00000000e7900000, 0x00000000e7900000, 0x00000000e7a00000|  0%| F|  |TAMS 0x00000000e7900000, 0x00000000e7900000| Untracked 
| 122|0x00000000e7a00000, 0x00000000e7a00000, 0x00000000e7b00000|  0%| F|  |TAMS 0x00000000e7a00000, 0x00000000e7a00000| Untracked 
| 123|0x00000000e7b00000, 0x00000000e7b00000, 0x00000000e7c00000|  0%| F|  |TAMS 0x00000000e7b00000, 0x00000000e7b00000| Untracked 
| 124|0x00000000e7c00000, 0x00000000e7c00000, 0x00000000e7d00000|  0%| F|  |TAMS 0x00000000e7c00000, 0x00000000e7c00000| Untracked 
| 125|0x00000000e7d00000, 0x00000000e7d00000, 0x00000000e7e00000|  0%| F|  |TAMS 0x00000000e7d00000, 0x00000000e7d00000| Untracked 
| 126|0x00000000e7e00000, 0x00000000e7e00000, 0x00000000e7f00000|  0%| F|  |TAMS 0x00000000e7e00000, 0x00000000e7e00000| Untracked 
| 127|0x00000000e7f00000, 0x00000000e7f00000, 0x00000000e8000000|  0%| F|  |TAMS 0x00000000e7f00000, 0x00000000e7f00000| Untracked 
| 128|0x00000000e8000000, 0x00000000e8000000, 0x00000000e8100000|  0%| F|  |TAMS 0x00000000e8000000, 0x00000000e8000000| Untracked 
| 129|0x00000000e8100000, 0x00000000e8100000, 0x00000000e8200000|  0%| F|  |TAMS 0x00000000e8100000, 0x00000000e8100000| Untracked 
| 130|0x00000000e8200000, 0x00000000e8200000, 0x00000000e8300000|  0%| F|  |TAMS 0x00000000e8200000, 0x00000000e8200000| Untracked 
| 131|0x00000000e8300000, 0x00000000e8300000, 0x00000000e8400000|  0%| F|  |TAMS 0x00000000e8300000, 0x00000000e8300000| Untracked 
| 132|0x00000000e8400000, 0x00000000e8400000, 0x00000000e8500000|  0%| F|  |TAMS 0x00000000e8400000, 0x00000000e8400000| Untracked 
| 133|0x00000000e8500000, 0x00000000e8500000, 0x00000000e8600000|  0%| F|  |TAMS 0x00000000e8500000, 0x00000000e8500000| Untracked 
| 134|0x00000000e8600000, 0x00000000e8600000, 0x00000000e8700000|  0%| F|  |TAMS 0x00000000e8600000, 0x00000000e8600000| Untracked 
| 135|0x00000000e8700000, 0x00000000e8700000, 0x00000000e8800000|  0%| F|  |TAMS 0x00000000e8700000, 0x00000000e8700000| Untracked 
| 136|0x00000000e8800000, 0x00000000e8800000, 0x00000000e8900000|  0%| F|  |TAMS 0x00000000e8800000, 0x00000000e8800000| Untracked 
| 137|0x00000000e8900000, 0x00000000e8900000, 0x00000000e8a00000|  0%| F|  |TAMS 0x00000000e8900000, 0x00000000e8900000| Untracked 
| 138|0x00000000e8a00000, 0x00000000e8a00000, 0x00000000e8b00000|  0%| F|  |TAMS 0x00000000e8a00000, 0x00000000e8a00000| Untracked 
| 139|0x00000000e8b00000, 0x00000000e8b00000, 0x00000000e8c00000|  0%| F|  |TAMS 0x00000000e8b00000, 0x00000000e8b00000| Untracked 
| 140|0x00000000e8c00000, 0x00000000e8c00000, 0x00000000e8d00000|  0%| F|  |TAMS 0x00000000e8c00000, 0x00000000e8c00000| Untracked 
| 141|0x00000000e8d00000, 0x00000000e8d00000, 0x00000000e8e00000|  0%| F|  |TAMS 0x00000000e8d00000, 0x00000000e8d00000| Untracked 
| 142|0x00000000e8e00000, 0x00000000e8e00000, 0x00000000e8f00000|  0%| F|  |TAMS 0x00000000e8e00000, 0x00000000e8e00000| Untracked 
| 143|0x00000000e8f00000, 0x00000000e8f00000, 0x00000000e9000000|  0%| F|  |TAMS 0x00000000e8f00000, 0x00000000e8f00000| Untracked 
| 144|0x00000000e9000000, 0x00000000e9000000, 0x00000000e9100000|  0%| F|  |TAMS 0x00000000e9000000, 0x00000000e9000000| Untracked 
| 145|0x00000000e9100000, 0x00000000e9100000, 0x00000000e9200000|  0%| F|  |TAMS 0x00000000e9100000, 0x00000000e9100000| Untracked 
| 146|0x00000000e9200000, 0x00000000e9200000, 0x00000000e9300000|  0%| F|  |TAMS 0x00000000e9200000, 0x00000000e9200000| Untracked 
| 147|0x00000000e9300000, 0x00000000e9300000, 0x00000000e9400000|  0%| F|  |TAMS 0x00000000e9300000, 0x00000000e9300000| Untracked 
| 148|0x00000000e9400000, 0x00000000e9400000, 0x00000000e9500000|  0%| F|  |TAMS 0x00000000e9400000, 0x00000000e9400000| Untracked 
| 149|0x00000000e9500000, 0x00000000e9500000, 0x00000000e9600000|  0%| F|  |TAMS 0x00000000e9500000, 0x00000000e9500000| Untracked 
| 150|0x00000000e9600000, 0x00000000e9600000, 0x00000000e9700000|  0%| F|  |TAMS 0x00000000e9600000, 0x00000000e9600000| Untracked 
| 151|0x00000000e9700000, 0x00000000e9700000, 0x00000000e9800000|  0%| F|  |TAMS 0x00000000e9700000, 0x00000000e9700000| Untracked 
| 152|0x00000000e9800000, 0x00000000e9800000, 0x00000000e9900000|  0%| F|  |TAMS 0x00000000e9800000, 0x00000000e9800000| Untracked 
| 153|0x00000000e9900000, 0x00000000e9900000, 0x00000000e9a00000|  0%| F|  |TAMS 0x00000000e9900000, 0x00000000e9900000| Untracked 
| 154|0x00000000e9a00000, 0x00000000e9a00000, 0x00000000e9b00000|  0%| F|  |TAMS 0x00000000e9a00000, 0x00000000e9a00000| Untracked 
| 155|0x00000000e9b00000, 0x00000000e9b00000, 0x00000000e9c00000|  0%| F|  |TAMS 0x00000000e9b00000, 0x00000000e9b00000| Untracked 
| 156|0x00000000e9c00000, 0x00000000e9c00000, 0x00000000e9d00000|  0%| F|  |TAMS 0x00000000e9c00000, 0x00000000e9c00000| Untracked 
| 157|0x00000000e9d00000, 0x00000000e9d00000, 0x00000000e9e00000|  0%| F|  |TAMS 0x00000000e9d00000, 0x00000000e9d00000| Untracked 
| 158|0x00000000e9e00000, 0x00000000e9e00000, 0x00000000e9f00000|  0%| F|  |TAMS 0x00000000e9e00000, 0x00000000e9e00000| Untracked 
| 159|0x00000000e9f00000, 0x00000000e9f00000, 0x00000000ea000000|  0%| F|  |TAMS 0x00000000e9f00000, 0x00000000e9f00000| Untracked 
| 160|0x00000000ea000000, 0x00000000ea000000, 0x00000000ea100000|  0%| F|  |TAMS 0x00000000ea000000, 0x00000000ea000000| Untracked 
| 161|0x00000000ea100000, 0x00000000ea100000, 0x00000000ea200000|  0%| F|  |TAMS 0x00000000ea100000, 0x00000000ea100000| Untracked 
| 162|0x00000000ea200000, 0x00000000ea200000, 0x00000000ea300000|  0%| F|  |TAMS 0x00000000ea200000, 0x00000000ea200000| Untracked 
| 163|0x00000000ea300000, 0x00000000ea300000, 0x00000000ea400000|  0%| F|  |TAMS 0x00000000ea300000, 0x00000000ea300000| Untracked 
| 164|0x00000000ea400000, 0x00000000ea400000, 0x00000000ea500000|  0%| F|  |TAMS 0x00000000ea400000, 0x00000000ea400000| Untracked 
| 165|0x00000000ea500000, 0x00000000ea500000, 0x00000000ea600000|  0%| F|  |TAMS 0x00000000ea500000, 0x00000000ea500000| Untracked 
| 166|0x00000000ea600000, 0x00000000ea600000, 0x00000000ea700000|  0%| F|  |TAMS 0x00000000ea600000, 0x00000000ea600000| Untracked 
| 167|0x00000000ea700000, 0x00000000ea700000, 0x00000000ea800000|  0%| F|  |TAMS 0x00000000ea700000, 0x00000000ea700000| Untracked 
| 168|0x00000000ea800000, 0x00000000ea800000, 0x00000000ea900000|  0%| F|  |TAMS 0x00000000ea800000, 0x00000000ea800000| Untracked 
| 169|0x00000000ea900000, 0x00000000ea900000, 0x00000000eaa00000|  0%| F|  |TAMS 0x00000000ea900000, 0x00000000ea900000| Untracked 
| 170|0x00000000eaa00000, 0x00000000eaa00000, 0x00000000eab00000|  0%| F|  |TAMS 0x00000000eaa00000, 0x00000000eaa00000| Untracked 
| 171|0x00000000eab00000, 0x00000000eab00000, 0x00000000eac00000|  0%| F|  |TAMS 0x00000000eab00000, 0x00000000eab00000| Untracked 
| 172|0x00000000eac00000, 0x00000000eac00000, 0x00000000ead00000|  0%| F|  |TAMS 0x00000000eac00000, 0x00000000eac00000| Untracked 
| 173|0x00000000ead00000, 0x00000000ead00000, 0x00000000eae00000|  0%| F|  |TAMS 0x00000000ead00000, 0x00000000ead00000| Untracked 
| 174|0x00000000eae00000, 0x00000000eae00000, 0x00000000eaf00000|  0%| F|  |TAMS 0x00000000eae00000, 0x00000000eae00000| Untracked 
| 175|0x00000000eaf00000, 0x00000000eaf00000, 0x00000000eb000000|  0%| F|  |TAMS 0x00000000eaf00000, 0x00000000eaf00000| Untracked 
| 176|0x00000000eb000000, 0x00000000eb000000, 0x00000000eb100000|  0%| F|  |TAMS 0x00000000eb000000, 0x00000000eb000000| Untracked 
| 177|0x00000000eb100000, 0x00000000eb100000, 0x00000000eb200000|  0%| F|  |TAMS 0x00000000eb100000, 0x00000000eb100000| Untracked 
| 178|0x00000000eb200000, 0x00000000eb200000, 0x00000000eb300000|  0%| F|  |TAMS 0x00000000eb200000, 0x00000000eb200000| Untracked 
| 179|0x00000000eb300000, 0x00000000eb300000, 0x00000000eb400000|  0%| F|  |TAMS 0x00000000eb300000, 0x00000000eb300000| Untracked 
| 180|0x00000000eb400000, 0x00000000eb400000, 0x00000000eb500000|  0%| F|  |TAMS 0x00000000eb400000, 0x00000000eb400000| Untracked 
| 181|0x00000000eb500000, 0x00000000eb500000, 0x00000000eb600000|  0%| F|  |TAMS 0x00000000eb500000, 0x00000000eb500000| Untracked 
| 182|0x00000000eb600000, 0x00000000eb600000, 0x00000000eb700000|  0%| F|  |TAMS 0x00000000eb600000, 0x00000000eb600000| Untracked 
| 183|0x00000000eb700000, 0x00000000eb700000, 0x00000000eb800000|  0%| F|  |TAMS 0x00000000eb700000, 0x00000000eb700000| Untracked 
| 184|0x00000000eb800000, 0x00000000eb800000, 0x00000000eb900000|  0%| F|  |TAMS 0x00000000eb800000, 0x00000000eb800000| Untracked 
| 185|0x00000000eb900000, 0x00000000eb900000, 0x00000000eba00000|  0%| F|  |TAMS 0x00000000eb900000, 0x00000000eb900000| Untracked 
| 186|0x00000000eba00000, 0x00000000eba00000, 0x00000000ebb00000|  0%| F|  |TAMS 0x00000000eba00000, 0x00000000eba00000| Untracked 
| 187|0x00000000ebb00000, 0x00000000ebb00000, 0x00000000ebc00000|  0%| F|  |TAMS 0x00000000ebb00000, 0x00000000ebb00000| Untracked 
| 188|0x00000000ebc00000, 0x00000000ebc00000, 0x00000000ebd00000|  0%| F|  |TAMS 0x00000000ebc00000, 0x00000000ebc00000| Untracked 
| 189|0x00000000ebd00000, 0x00000000ebd00000, 0x00000000ebe00000|  0%| F|  |TAMS 0x00000000ebd00000, 0x00000000ebd00000| Untracked 
| 190|0x00000000ebe00000, 0x00000000ebe00000, 0x00000000ebf00000|  0%| F|  |TAMS 0x00000000ebe00000, 0x00000000ebe00000| Untracked 
| 191|0x00000000ebf00000, 0x00000000ebf00000, 0x00000000ec000000|  0%| F|  |TAMS 0x00000000ebf00000, 0x00000000ebf00000| Untracked 
| 192|0x00000000ec000000, 0x00000000ec000000, 0x00000000ec100000|  0%| F|  |TAMS 0x00000000ec000000, 0x00000000ec000000| Untracked 
| 193|0x00000000ec100000, 0x00000000ec100000, 0x00000000ec200000|  0%| F|  |TAMS 0x00000000ec100000, 0x00000000ec100000| Untracked 
| 194|0x00000000ec200000, 0x00000000ec200000, 0x00000000ec300000|  0%| F|  |TAMS 0x00000000ec200000, 0x00000000ec200000| Untracked 
| 195|0x00000000ec300000, 0x00000000ec3b2560, 0x00000000ec400000| 69%| E|  |TAMS 0x00000000ec300000, 0x00000000ec300000| Complete 
| 196|0x00000000ec400000, 0x00000000ec500000, 0x00000000ec500000|100%| E|CS|TAMS 0x00000000ec400000, 0x00000000ec400000| Complete 
| 197|0x00000000ec500000, 0x00000000ec600000, 0x00000000ec600000|100%| E|CS|TAMS 0x00000000ec500000, 0x00000000ec500000| Complete 
| 198|0x00000000ec600000, 0x00000000ec700000, 0x00000000ec700000|100%| E|CS|TAMS 0x00000000ec600000, 0x00000000ec600000| Complete 
| 199|0x00000000ec700000, 0x00000000ec800000, 0x00000000ec800000|100%| E|CS|TAMS 0x00000000ec700000, 0x00000000ec700000| Complete 
| 200|0x00000000ec800000, 0x00000000ec900000, 0x00000000ec900000|100%| E|CS|TAMS 0x00000000ec800000, 0x00000000ec800000| Complete 
| 201|0x00000000ec900000, 0x00000000eca00000, 0x00000000eca00000|100%| E|CS|TAMS 0x00000000ec900000, 0x00000000ec900000| Complete 
| 202|0x00000000eca00000, 0x00000000ecb00000, 0x00000000ecb00000|100%| E|CS|TAMS 0x00000000eca00000, 0x00000000eca00000| Complete 
| 203|0x00000000ecb00000, 0x00000000ecc00000, 0x00000000ecc00000|100%| E|CS|TAMS 0x00000000ecb00000, 0x00000000ecb00000| Complete 
| 204|0x00000000ecc00000, 0x00000000ecd00000, 0x00000000ecd00000|100%| E|CS|TAMS 0x00000000ecc00000, 0x00000000ecc00000| Complete 
| 205|0x00000000ecd00000, 0x00000000ece00000, 0x00000000ece00000|100%| E|CS|TAMS 0x00000000ecd00000, 0x00000000ecd00000| Complete 
| 206|0x00000000ece00000, 0x00000000ecf00000, 0x00000000ecf00000|100%| E|CS|TAMS 0x00000000ece00000, 0x00000000ece00000| Complete 
| 207|0x00000000ecf00000, 0x00000000ed000000, 0x00000000ed000000|100%| E|CS|TAMS 0x00000000ecf00000, 0x00000000ecf00000| Complete 
| 208|0x00000000ed000000, 0x00000000ed100000, 0x00000000ed100000|100%| E|CS|TAMS 0x00000000ed000000, 0x00000000ed000000| Complete 
| 209|0x00000000ed100000, 0x00000000ed200000, 0x00000000ed200000|100%| E|CS|TAMS 0x00000000ed100000, 0x00000000ed100000| Complete 
| 210|0x00000000ed200000, 0x00000000ed300000, 0x00000000ed300000|100%| E|CS|TAMS 0x00000000ed200000, 0x00000000ed200000| Complete 
| 211|0x00000000ed300000, 0x00000000ed400000, 0x00000000ed400000|100%| E|CS|TAMS 0x00000000ed300000, 0x00000000ed300000| Complete 
| 212|0x00000000ed400000, 0x00000000ed500000, 0x00000000ed500000|100%| E|CS|TAMS 0x00000000ed400000, 0x00000000ed400000| Complete 
| 213|0x00000000ed500000, 0x00000000ed600000, 0x00000000ed600000|100%| E|CS|TAMS 0x00000000ed500000, 0x00000000ed500000| Complete 
| 214|0x00000000ed600000, 0x00000000ed700000, 0x00000000ed700000|100%| E|CS|TAMS 0x00000000ed600000, 0x00000000ed600000| Complete 
| 215|0x00000000ed700000, 0x00000000ed800000, 0x00000000ed800000|100%| E|CS|TAMS 0x00000000ed700000, 0x00000000ed700000| Complete 
| 216|0x00000000ed800000, 0x00000000ed900000, 0x00000000ed900000|100%| E|CS|TAMS 0x00000000ed800000, 0x00000000ed800000| Complete 
| 217|0x00000000ed900000, 0x00000000eda00000, 0x00000000eda00000|100%| E|CS|TAMS 0x00000000ed900000, 0x00000000ed900000| Complete 
| 218|0x00000000eda00000, 0x00000000edb00000, 0x00000000edb00000|100%| E|CS|TAMS 0x00000000eda00000, 0x00000000eda00000| Complete 
| 219|0x00000000edb00000, 0x00000000edc00000, 0x00000000edc00000|100%| E|CS|TAMS 0x00000000edb00000, 0x00000000edb00000| Complete 
| 220|0x00000000edc00000, 0x00000000edd00000, 0x00000000edd00000|100%| E|CS|TAMS 0x00000000edc00000, 0x00000000edc00000| Complete 
| 221|0x00000000edd00000, 0x00000000ede00000, 0x00000000ede00000|100%| E|CS|TAMS 0x00000000edd00000, 0x00000000edd00000| Complete 
| 222|0x00000000ede00000, 0x00000000edf00000, 0x00000000edf00000|100%| E|CS|TAMS 0x00000000ede00000, 0x00000000ede00000| Complete 
| 223|0x00000000edf00000, 0x00000000ee000000, 0x00000000ee000000|100%| E|CS|TAMS 0x00000000edf00000, 0x00000000edf00000| Complete 
| 224|0x00000000ee000000, 0x00000000ee100000, 0x00000000ee100000|100%| E|CS|TAMS 0x00000000ee000000, 0x00000000ee000000| Complete 
| 225|0x00000000ee100000, 0x00000000ee200000, 0x00000000ee200000|100%| E|CS|TAMS 0x00000000ee100000, 0x00000000ee100000| Complete 
| 226|0x00000000ee200000, 0x00000000ee300000, 0x00000000ee300000|100%| E|CS|TAMS 0x00000000ee200000, 0x00000000ee200000| Complete 
| 227|0x00000000ee300000, 0x00000000ee400000, 0x00000000ee400000|100%| E|CS|TAMS 0x00000000ee300000, 0x00000000ee300000| Complete 
| 228|0x00000000ee400000, 0x00000000ee500000, 0x00000000ee500000|100%| E|CS|TAMS 0x00000000ee400000, 0x00000000ee400000| Complete 
| 229|0x00000000ee500000, 0x00000000ee600000, 0x00000000ee600000|100%| E|CS|TAMS 0x00000000ee500000, 0x00000000ee500000| Complete 
| 230|0x00000000ee600000, 0x00000000ee700000, 0x00000000ee700000|100%| E|CS|TAMS 0x00000000ee600000, 0x00000000ee600000| Complete 
| 231|0x00000000ee700000, 0x00000000ee7a7330, 0x00000000ee800000| 65%| S|CS|TAMS 0x00000000ee700000, 0x00000000ee700000| Complete 
| 232|0x00000000ee800000, 0x00000000ee900000, 0x00000000ee900000|100%| S|CS|TAMS 0x00000000ee800000, 0x00000000ee800000| Complete 
| 233|0x00000000ee900000, 0x00000000eea00000, 0x00000000eea00000|100%| S|CS|TAMS 0x00000000ee900000, 0x00000000ee900000| Complete 
| 234|0x00000000eea00000, 0x00000000eeb00000, 0x00000000eeb00000|100%| E|CS|TAMS 0x00000000eea00000, 0x00000000eea00000| Complete 
| 235|0x00000000eeb00000, 0x00000000eec00000, 0x00000000eec00000|100%| E|CS|TAMS 0x00000000eeb00000, 0x00000000eeb00000| Complete 
| 236|0x00000000eec00000, 0x00000000eed00000, 0x00000000eed00000|100%| E|CS|TAMS 0x00000000eec00000, 0x00000000eec00000| Complete 
| 237|0x00000000eed00000, 0x00000000eee00000, 0x00000000eee00000|100%| E|CS|TAMS 0x00000000eed00000, 0x00000000eed00000| Complete 
| 238|0x00000000eee00000, 0x00000000eef00000, 0x00000000eef00000|100%| E|CS|TAMS 0x00000000eee00000, 0x00000000eee00000| Complete 
| 239|0x00000000eef00000, 0x00000000ef000000, 0x00000000ef000000|100%| E|CS|TAMS 0x00000000eef00000, 0x00000000eef00000| Complete 
| 240|0x00000000ef000000, 0x00000000ef100000, 0x00000000ef100000|100%| E|CS|TAMS 0x00000000ef000000, 0x00000000ef000000| Complete 
| 241|0x00000000ef100000, 0x00000000ef200000, 0x00000000ef200000|100%| E|CS|TAMS 0x00000000ef100000, 0x00000000ef100000| Complete 
| 242|0x00000000ef200000, 0x00000000ef300000, 0x00000000ef300000|100%| E|CS|TAMS 0x00000000ef200000, 0x00000000ef200000| Complete 
| 243|0x00000000ef300000, 0x00000000ef400000, 0x00000000ef400000|100%| E|CS|TAMS 0x00000000ef300000, 0x00000000ef300000| Complete 
| 244|0x00000000ef400000, 0x00000000ef500000, 0x00000000ef500000|100%| E|CS|TAMS 0x00000000ef400000, 0x00000000ef400000| Complete 
| 245|0x00000000ef500000, 0x00000000ef600000, 0x00000000ef600000|100%| E|CS|TAMS 0x00000000ef500000, 0x00000000ef500000| Complete 
| 246|0x00000000ef600000, 0x00000000ef700000, 0x00000000ef700000|100%| E|CS|TAMS 0x00000000ef600000, 0x00000000ef600000| Complete 
| 247|0x00000000ef700000, 0x00000000ef800000, 0x00000000ef800000|100%| E|CS|TAMS 0x00000000ef700000, 0x00000000ef700000| Complete 
| 248|0x00000000ef800000, 0x00000000ef900000, 0x00000000ef900000|100%| E|CS|TAMS 0x00000000ef800000, 0x00000000ef800000| Complete 
| 249|0x00000000ef900000, 0x00000000efa00000, 0x00000000efa00000|100%| E|CS|TAMS 0x00000000ef900000, 0x00000000ef900000| Complete 
| 250|0x00000000efa00000, 0x00000000efb00000, 0x00000000efb00000|100%| E|CS|TAMS 0x00000000efa00000, 0x00000000efa00000| Complete 
| 251|0x00000000efb00000, 0x00000000efc00000, 0x00000000efc00000|100%| E|CS|TAMS 0x00000000efb00000, 0x00000000efb00000| Complete 
| 252|0x00000000efc00000, 0x00000000efd00000, 0x00000000efd00000|100%| E|CS|TAMS 0x00000000efc00000, 0x00000000efc00000| Complete 
| 253|0x00000000efd00000, 0x00000000efe00000, 0x00000000efe00000|100%| E|CS|TAMS 0x00000000efd00000, 0x00000000efd00000| Complete 
| 254|0x00000000efe00000, 0x00000000eff00000, 0x00000000eff00000|100%| E|CS|TAMS 0x00000000efe00000, 0x00000000efe00000| Complete 
| 255|0x00000000eff00000, 0x00000000f0000000, 0x00000000f0000000|100%| E|CS|TAMS 0x00000000eff00000, 0x00000000eff00000| Complete 

Card table byte_map: [0x00000250734a0000,0x00000250735a0000] _byte_map_base: 0x0000025072da0000

Marking Bits (Prev, Next): (CMBitMap*) 0x000002505c54df10, (CMBitMap*) 0x000002505c54ded0
 Prev Bits: [0x0000025073ea0000, 0x00000250746a0000)
 Next Bits: [0x00000250736a0000, 0x0000025073ea0000)

Polling page: 0x000002505a500000

Metaspace:

Usage:
  Non-class:     52.83 MB used.
      Class:      8.83 MB used.
       Both:     61.66 MB used.

Virtual space:
  Non-class space:       64.00 MB reserved,      53.25 MB ( 83%) committed,  1 nodes.
      Class space:      320.00 MB reserved,       9.19 MB (  3%) committed,  1 nodes.
             Both:      384.00 MB reserved,      62.44 MB ( 16%) committed. 

Chunk freelists:
   Non-Class:  10.61 MB
       Class:  6.79 MB
        Both:  17.40 MB

MaxMetaspaceSize: 384.00 MB
CompressedClassSpaceSize: 320.00 MB
Initial GC threshold: 21.00 MB
Current GC threshold: 98.75 MB
CDS: on
MetaspaceReclaimPolicy: balanced
 - commit_granule_bytes: 65536.
 - commit_granule_words: 8192.
 - virtual_space_node_default_size: 8388608.
 - enlarge_chunks_in_place: 1.
 - new_chunks_are_fully_committed: 0.
 - uncommit_free_chunks: 1.
 - use_allocation_guard: 0.
 - handle_deallocations: 1.


Internal statistics:

num_allocs_failed_limit: 9.
num_arena_births: 852.
num_arena_deaths: 0.
num_vsnodes_births: 2.
num_vsnodes_deaths: 0.
num_space_committed: 999.
num_space_uncommitted: 0.
num_chunks_returned_to_freelist: 9.
num_chunks_taken_from_freelist: 3658.
num_chunk_merges: 6.
num_chunk_splits: 2308.
num_chunks_enlarged: 1429.
num_inconsistent_stats: 0.

CodeHeap 'non-profiled nmethods': size=120000Kb used=4698Kb max_used=4698Kb free=115301Kb
 bounds [0x000002506bb30000, 0x000002506bfd0000, 0x0000025073060000]
CodeHeap 'profiled nmethods': size=120000Kb used=14032Kb max_used=14032Kb free=105967Kb
 bounds [0x0000025064060000, 0x0000025064e20000, 0x000002506b590000]
CodeHeap 'non-nmethods': size=5760Kb used=2348Kb max_used=2441Kb free=3412Kb
 bounds [0x000002506b590000, 0x000002506b810000, 0x000002506bb30000]
 total_blobs=7919 nmethods=7048 adapters=783
 compilation: enabled
              stopped_count=0, restarted_count=0
 full_count=0

Compilation events (20 events):
Event: 40.699 Thread 0x00000250770d3490 7862       3       sun.nio.ch.IOUtil::bufferAddress (10 bytes)
Event: 40.699 Thread 0x00000250770d3490 nmethod 7862 0x0000025064e0af90 code [0x0000025064e0b120, 0x0000025064e0b278]
Event: 40.699 Thread 0x00000250770d3490 7863       3       java.nio.Buffer$1::getBufferAddress (5 bytes)
Event: 40.699 Thread 0x00000250770d3490 nmethod 7863 0x0000025064e0b390 code [0x0000025064e0b520, 0x0000025064e0b638]
Event: 40.703 Thread 0x00000250770d3490 7864       1       java.util.Formatter$FixedString::index (3 bytes)
Event: 40.703 Thread 0x00000250770d3490 nmethod 7864 0x000002506bfa0d90 code [0x000002506bfa0f20, 0x000002506bfa0ff8]
Event: 40.708 Thread 0x00000250770d3490 7865   !   3       org.gradle.internal.event.AbstractBroadcastDispatch::dispatch (194 bytes)
Event: 40.710 Thread 0x00000250770d3490 nmethod 7865 0x0000025064e0b710 code [0x0000025064e0ba80, 0x0000025064e0d6a8]
Event: 40.710 Thread 0x00000250770d3490 7866       3       sun.security.provider.SHA2::implCompress0 (490 bytes)
Event: 40.711 Thread 0x00000250770d3490 nmethod 7866 0x0000025064e0de10 code [0x0000025064e0e000, 0x0000025064e0e888]
Event: 40.711 Thread 0x00000250770d3490 7867       3       sun.security.provider.ByteArrayAccess::i2bBig4 (10 bytes)
Event: 40.712 Thread 0x00000250770d3490 nmethod 7867 0x0000025064e0ed10 code [0x0000025064e0ef40, 0x0000025064e0f6b8]
Event: 40.784 Thread 0x00000250770d3490 7868       3       java.lang.ProcessEnvironment$CheckedEntry::getKey (5 bytes)
Event: 40.785 Thread 0x00000250770d3490 nmethod 7868 0x0000025064e0fa10 code [0x0000025064e0fbc0, 0x0000025064e0ff08]
Event: 40.853 Thread 0x00000250770d24c0 nmethod 7779 0x000002506bfa1990 code [0x000002506bfa2b40, 0x000002506bfaa6c0]
Event: 40.853 Thread 0x00000250770d24c0 7843   !   4       java.lang.reflect.Executable::sharedToGenericString (255 bytes)
Event: 40.911 Thread 0x0000025015e95de0 nmethod 7842 0x000002506bfae990 code [0x000002506bfaed80, 0x000002506bfb28b8]
Event: 40.911 Thread 0x0000025015e95de0 7845       4       org.codehaus.groovy.reflection.CachedClass::hashCode (33 bytes)
Event: 40.913 Thread 0x0000025015e95de0 nmethod 7845 0x000002506bfb4690 code [0x000002506bfb4820, 0x000002506bfb4908]
Event: 40.937 Thread 0x000002507ee67ee0 nmethod 7754 0x000002506bfb4a10 code [0x000002506bfb5560, 0x000002506bfc0960]

GC Heap History (16 events):
Event: 2.760 GC heap before
{Heap before GC invocations=0 (full 0):
 garbage-first heap   total 262144K, used 22528K [0x00000000e0000000, 0x0000000100000000)
  region size 1024K, 23 young (23552K), 0 survivors (0K)
 Metaspace       used 1113K, committed 1280K, reserved 393216K
  class space    used 78K, committed 128K, reserved 327680K
}
Event: 2.821 GC heap after
{Heap after GC invocations=1 (full 0):
 garbage-first heap   total 262144K, used 2389K [0x00000000e0000000, 0x0000000100000000)
  region size 1024K, 3 young (3072K), 3 survivors (3072K)
 Metaspace       used 1113K, committed 1280K, reserved 393216K
  class space    used 78K, committed 128K, reserved 327680K
}
Event: 5.340 GC heap before
{Heap before GC invocations=1 (full 0):
 garbage-first heap   total 262144K, used 38229K [0x00000000e0000000, 0x0000000100000000)
  region size 1024K, 36 young (36864K), 3 survivors (3072K)
 Metaspace       used 4411K, committed 4608K, reserved 393216K
  class space    used 551K, committed 640K, reserved 327680K
}
Event: 5.348 GC heap after
{Heap after GC invocations=2 (full 0):
 garbage-first heap   total 262144K, used 10805K [0x00000000e0000000, 0x0000000100000000)
  region size 1024K, 5 young (5120K), 5 survivors (5120K)
 Metaspace       used 4411K, committed 4608K, reserved 393216K
  class space    used 551K, committed 640K, reserved 327680K
}
Event: 7.094 GC heap before
{Heap before GC invocations=2 (full 0):
 garbage-first heap   total 262144K, used 56885K [0x00000000e0000000, 0x0000000100000000)
  region size 1024K, 48 young (49152K), 5 survivors (5120K)
 Metaspace       used 4500K, committed 4672K, reserved 393216K
  class space    used 553K, committed 640K, reserved 327680K
}
Event: 7.106 GC heap after
{Heap after GC invocations=3 (full 0):
 garbage-first heap   total 262144K, used 15914K [0x00000000e0000000, 0x0000000100000000)
  region size 1024K, 4 young (4096K), 4 survivors (4096K)
 Metaspace       used 4500K, committed 4672K, reserved 393216K
  class space    used 553K, committed 640K, reserved 327680K
}
Event: 15.638 GC heap before
{Heap before GC invocations=3 (full 0):
 garbage-first heap   total 262144K, used 129578K [0x00000000e0000000, 0x0000000100000000)
  region size 1024K, 116 young (118784K), 4 survivors (4096K)
 Metaspace       used 21194K, committed 21504K, reserved 393216K
  class space    used 3090K, committed 3264K, reserved 327680K
}
Event: 15.670 GC heap after
{Heap after GC invocations=4 (full 0):
 garbage-first heap   total 262144K, used 23950K [0x00000000e0000000, 0x0000000100000000)
  region size 1024K, 12 young (12288K), 12 survivors (12288K)
 Metaspace       used 21194K, committed 21504K, reserved 393216K
  class space    used 3090K, committed 3264K, reserved 327680K
}
Event: 24.810 GC heap before
{Heap before GC invocations=5 (full 0):
 garbage-first heap   total 262144K, used 172430K [0x00000000e0000000, 0x0000000100000000)
  region size 1024K, 136 young (139264K), 12 survivors (12288K)
 Metaspace       used 35738K, committed 36096K, reserved 393216K
  class space    used 4941K, committed 5120K, reserved 327680K
}
Event: 24.837 GC heap after
{Heap after GC invocations=6 (full 0):
 garbage-first heap   total 262144K, used 53756K [0x00000000e0000000, 0x0000000100000000)
  region size 1024K, 19 young (19456K), 19 survivors (19456K)
 Metaspace       used 35738K, committed 36096K, reserved 393216K
  class space    used 4941K, committed 5120K, reserved 327680K
}
Event: 30.848 GC heap before
{Heap before GC invocations=7 (full 0):
 garbage-first heap   total 262144K, used 194044K [0x00000000e0000000, 0x0000000100000000)
  region size 1024K, 153 young (156672K), 19 survivors (19456K)
 Metaspace       used 47887K, committed 48512K, reserved 393216K
  class space    used 6689K, committed 6976K, reserved 327680K
}
Event: 30.896 GC heap after
{Heap after GC invocations=8 (full 0):
 garbage-first heap   total 262144K, used 62360K [0x00000000e0000000, 0x0000000100000000)
  region size 1024K, 8 young (8192K), 8 survivors (8192K)
 Metaspace       used 47887K, committed 48512K, reserved 393216K
  class space    used 6689K, committed 6976K, reserved 327680K
}
Event: 36.659 GC heap before
{Heap before GC invocations=8 (full 0):
 garbage-first heap   total 262144K, used 200600K [0x00000000e0000000, 0x0000000100000000)
  region size 1024K, 142 young (145408K), 8 survivors (8192K)
 Metaspace       used 57000K, committed 57664K, reserved 393216K
  class space    used 8070K, committed 8384K, reserved 327680K
}
Event: 36.676 GC heap after
{Heap after GC invocations=9 (full 0):
 garbage-first heap   total 262144K, used 74161K [0x00000000e0000000, 0x0000000100000000)
  region size 1024K, 18 young (18432K), 18 survivors (18432K)
 Metaspace       used 57000K, committed 57664K, reserved 393216K
  class space    used 8070K, committed 8384K, reserved 327680K
}
Event: 37.706 GC heap before
{Heap before GC invocations=9 (full 0):
 garbage-first heap   total 262144K, used 94641K [0x00000000e0000000, 0x0000000100000000)
  region size 1024K, 40 young (40960K), 18 survivors (18432K)
 Metaspace       used 59704K, committed 60416K, reserved 393216K
  class space    used 8483K, committed 8832K, reserved 327680K
}
Event: 37.734 GC heap after
{Heap after GC invocations=10 (full 0):
 garbage-first heap   total 262144K, used 76306K [0x00000000e0000000, 0x0000000100000000)
  region size 1024K, 3 young (3072K), 3 survivors (3072K)
 Metaspace       used 59704K, committed 60416K, reserved 393216K
  class space    used 8483K, committed 8832K, reserved 327680K
}

Dll operation events (15 events):
Event: 0.034 Loaded shared library C:\Users\COM\.jdks\corretto-17.0.13\bin\java.dll
Event: 0.116 Loaded shared library C:\Users\COM\.jdks\corretto-17.0.13\bin\jsvml.dll
Event: 0.427 Loaded shared library C:\Users\COM\.jdks\corretto-17.0.13\bin\zip.dll
Event: 0.440 Loaded shared library C:\Users\COM\.jdks\corretto-17.0.13\bin\instrument.dll
Event: 0.449 Loaded shared library C:\Users\COM\.jdks\corretto-17.0.13\bin\net.dll
Event: 0.458 Loaded shared library C:\Users\COM\.jdks\corretto-17.0.13\bin\nio.dll
Event: 0.465 Loaded shared library C:\Users\COM\.jdks\corretto-17.0.13\bin\zip.dll
Event: 2.547 Loaded shared library C:\Users\COM\.jdks\corretto-17.0.13\bin\jimage.dll
Event: 3.153 Loaded shared library C:\Users\COM\.jdks\corretto-17.0.13\bin\verify.dll
Event: 3.750 Loaded shared library C:\Users\COM\.gradle\native\1def1411415f61bf3af743bc5b6707747c0891f09f0c88961ee8f79bc544acac\windows-amd64\native-platform.dll
Event: 3.892 Loaded shared library C:\Users\COM\.gradle\native\0.2.7\x86_64-windows-gnu\gradle-fileevents.dll
Event: 7.800 Loaded shared library C:\Users\COM\.jdks\corretto-17.0.13\bin\management.dll
Event: 7.805 Loaded shared library C:\Users\COM\.jdks\corretto-17.0.13\bin\management_ext.dll
Event: 9.376 Loaded shared library C:\Users\COM\.jdks\corretto-17.0.13\bin\extnet.dll
Event: 10.275 Loaded shared library C:\Users\COM\.jdks\corretto-17.0.13\bin\sunmscapi.dll

Deoptimization events (20 events):
Event: 40.708 Thread 0x000002507cdfbfd0 Uncommon trap: trap_request=0xffffff45 fr.pc=0x000002506bdd0ae0 relative=0x0000000000000060
Event: 40.708 Thread 0x000002507cdfbfd0 Uncommon trap: reason=unstable_if action=reinterpret pc=0x000002506bdd0ae0 method=java.util.HashMap$KeySpliterator.characteristics()I @ 4 c2
Event: 40.708 Thread 0x000002507cdfbfd0 DEOPT PACKING pc=0x000002506bdd0ae0 sp=0x000000b7452f8820
Event: 40.708 Thread 0x000002507cdfbfd0 DEOPT UNPACKING pc=0x000002506b5e69a3 sp=0x000000b7452f87b8 mode 2
Event: 40.716 Thread 0x000002507f02aef0 Uncommon trap: trap_request=0xffffff45 fr.pc=0x000002506bf6fe94 relative=0x0000000000002554
Event: 40.716 Thread 0x000002507f02aef0 Uncommon trap: reason=unstable_if action=reinterpret pc=0x000002506bf6fe94 method=org.objectweb.asm.MethodWriter.putMethodInfo(Lorg/objectweb/asm/ByteVector;)V @ 9 c2
Event: 40.716 Thread 0x000002507f02aef0 DEOPT PACKING pc=0x000002506bf6fe94 sp=0x000000b74b1fe020
Event: 40.716 Thread 0x000002507f02aef0 DEOPT UNPACKING pc=0x000002506b5e69a3 sp=0x000000b74b1fdfd0 mode 2
Event: 40.818 Thread 0x000002507f030500 Uncommon trap: trap_request=0xffffffde fr.pc=0x000002506bd74c48 relative=0x0000000000000848
Event: 40.818 Thread 0x000002507f030500 Uncommon trap: reason=class_check action=maybe_recompile pc=0x000002506bd74c48 method=java.io.BufferedInputStream.read1([BII)I @ 39 c2
Event: 40.818 Thread 0x000002507f030500 DEOPT PACKING pc=0x000002506bd74c48 sp=0x000000b74b6feea0
Event: 40.818 Thread 0x000002507f030500 DEOPT UNPACKING pc=0x000002506b5e69a3 sp=0x000000b74b6fedb8 mode 2
Event: 40.955 Thread 0x000002507f030500 Uncommon trap: trap_request=0xffffffde fr.pc=0x000002506bd74c48 relative=0x0000000000000848
Event: 40.955 Thread 0x000002507f030500 Uncommon trap: reason=class_check action=maybe_recompile pc=0x000002506bd74c48 method=java.io.BufferedInputStream.read1([BII)I @ 39 c2
Event: 40.955 Thread 0x000002507f030500 DEOPT PACKING pc=0x000002506bd74c48 sp=0x000000b74b6feea0
Event: 40.955 Thread 0x000002507f030500 DEOPT UNPACKING pc=0x000002506b5e69a3 sp=0x000000b74b6fedb8 mode 2
Event: 40.956 Thread 0x000002507f030500 Uncommon trap: trap_request=0xffffffde fr.pc=0x000002506bd74c48 relative=0x0000000000000848
Event: 40.956 Thread 0x000002507f030500 Uncommon trap: reason=class_check action=maybe_recompile pc=0x000002506bd74c48 method=java.io.BufferedInputStream.read1([BII)I @ 39 c2
Event: 40.956 Thread 0x000002507f030500 DEOPT PACKING pc=0x000002506bd74c48 sp=0x000000b74b6feea0
Event: 40.956 Thread 0x000002507f030500 DEOPT UNPACKING pc=0x000002506b5e69a3 sp=0x000000b74b6fedb8 mode 2

Classes loaded (20 events):
Event: 38.089 Loading class java/io/FileReader
Event: 38.089 Loading class java/io/FileReader done
Event: 40.441 Loading class java/util/TreeMap$ValueSpliterator
Event: 40.441 Loading class java/util/TreeMap$ValueSpliterator done
Event: 40.586 Loading class java/io/FilterReader
Event: 40.586 Loading class java/io/FilterReader done
Event: 40.679 Loading class java/util/stream/ReferencePipeline$15
Event: 40.679 Loading class java/util/stream/ReferencePipeline$15 done
Event: 40.684 Loading class java/util/stream/ReferencePipeline$15$1
Event: 40.684 Loading class java/util/stream/ReferencePipeline$15$1 done
Event: 40.783 Loading class java/lang/ProcessImpl
Event: 40.784 Loading class java/lang/ProcessImpl done
Event: 40.790 Loading class java/lang/ProcessHandleImpl
Event: 40.791 Loading class java/lang/ProcessHandleImpl done
Event: 40.793 Loading class java/lang/ProcessImpl$2
Event: 40.793 Loading class java/lang/ProcessImpl$2 done
Event: 40.793 Loading class java/lang/Process$PipeInputStream
Event: 40.793 Loading class java/lang/Process$PipeInputStream done
Event: 40.810 Loading class jdk/internal/event/ProcessStartEvent
Event: 40.810 Loading class jdk/internal/event/ProcessStartEvent done

Classes unloaded (0 events):
No events

Classes redefined (0 events):
No events

Internal exceptions (20 events):
Event: 40.640 Thread 0x000002507cdfbfd0 Exception <a 'java/lang/ClassNotFoundException'{0x00000000ec88fee0}: org/gradle/api/file/CopySourceSpecCustomizer> (0x00000000ec88fee0) 
thrown [s\src\hotspot\share\classfile\systemDictionary.cpp, line 256]
Event: 40.641 Thread 0x000002507cdfbfd0 Exception <a 'java/lang/ClassNotFoundException'{0x00000000ec8a5d28}: org/gradle/api/file/CopyProcessingSpecBeanInfo> (0x00000000ec8a5d28) 
thrown [s\src\hotspot\share\classfile\systemDictionary.cpp, line 256]
Event: 40.642 Thread 0x000002507cdfbfd0 Exception <a 'java/lang/ClassNotFoundException'{0x00000000ec8b0ef0}: org/gradle/api/file/CopyProcessingSpecCustomizer> (0x00000000ec8b0ef0) 
thrown [s\src\hotspot\share\classfile\systemDictionary.cpp, line 256]
Event: 40.644 Thread 0x000002507cdfbfd0 Exception <a 'java/lang/ClassNotFoundException'{0x00000000ec8d1930}: org/gradle/api/file/ContentFilterableBeanInfo> (0x00000000ec8d1930) 
thrown [s\src\hotspot\share\classfile\systemDictionary.cpp, line 256]
Event: 40.645 Thread 0x000002507cdfbfd0 Exception <a 'java/lang/ClassNotFoundException'{0x00000000ec8dcaf8}: org/gradle/api/file/ContentFilterableCustomizer> (0x00000000ec8dcaf8) 
thrown [s\src\hotspot\share\classfile\systemDictionary.cpp, line 256]
Event: 40.647 Thread 0x000002507cdfbfd0 Exception <a 'java/lang/ClassNotFoundException'{0x00000000ec8f7638}: org/gradle/api/tasks/util/PatternFilterableBeanInfo> (0x00000000ec8f7638) 
thrown [s\src\hotspot\share\classfile\systemDictionary.cpp, line 256]
Event: 40.648 Thread 0x000002507cdfbfd0 Exception <a 'java/lang/ClassNotFoundException'{0x00000000ec702c48}: org/gradle/api/tasks/util/PatternFilterableCustomizer> (0x00000000ec702c48) 
thrown [s\src\hotspot\share\classfile\systemDictionary.cpp, line 256]
Event: 40.650 Thread 0x000002507cdfbfd0 Exception <a 'java/lang/ClassNotFoundException'{0x00000000ec7206b0}: org/gradle/api/internal/GeneratedSubclassBeanInfo> (0x00000000ec7206b0) 
thrown [s\src\hotspot\share\classfile\systemDictionary.cpp, line 256]
Event: 40.651 Thread 0x000002507cdfbfd0 Exception <a 'java/lang/ClassNotFoundException'{0x00000000ec72a650}: org/gradle/api/internal/GeneratedSubclassCustomizer> (0x00000000ec72a650) 
thrown [s\src\hotspot\share\classfile\systemDictionary.cpp, line 256]
Event: 40.652 Thread 0x000002507cdfbfd0 Exception <a 'java/lang/ClassNotFoundException'{0x00000000ec73d658}: org/gradle/internal/state/ModelObjectBeanInfo> (0x00000000ec73d658) 
thrown [s\src\hotspot\share\classfile\systemDictionary.cpp, line 256]
Event: 40.653 Thread 0x000002507cdfbfd0 Exception <a 'java/lang/ClassNotFoundException'{0x00000000ec7476f0}: org/gradle/internal/state/ModelObjectCustomizer> (0x00000000ec7476f0) 
thrown [s\src\hotspot\share\classfile\systemDictionary.cpp, line 256]
Event: 40.656 Thread 0x000002507cdfbfd0 Exception <a 'java/lang/ClassNotFoundException'{0x00000000ec75c668}: org/gradle/internal/state/OwnerAwareBeanInfo> (0x00000000ec75c668) 
thrown [s\src\hotspot\share\classfile\systemDictionary.cpp, line 256]
Event: 40.657 Thread 0x000002507cdfbfd0 Exception <a 'java/lang/ClassNotFoundException'{0x00000000ec7665f0}: org/gradle/internal/state/OwnerAwareCustomizer> (0x00000000ec7665f0) 
thrown [s\src\hotspot\share\classfile\systemDictionary.cpp, line 256]
Event: 40.659 Thread 0x000002507cdfbfd0 Exception <a 'java/lang/ClassNotFoundException'{0x00000000ec779058}: org/gradle/api/internal/DynamicObjectAwareBeanInfo> (0x00000000ec779058) 
thrown [s\src\hotspot\share\classfile\systemDictionary.cpp, line 256]
Event: 40.659 Thread 0x000002507cdfbfd0 Exception <a 'java/lang/ClassNotFoundException'{0x00000000ec783280}: org/gradle/api/internal/DynamicObjectAwareCustomizer> (0x00000000ec783280) 
thrown [s\src\hotspot\share\classfile\systemDictionary.cpp, line 256]
Event: 40.661 Thread 0x000002507cdfbfd0 Exception <a 'java/lang/ClassNotFoundException'{0x00000000ec7a5a50}: groovy/lang/GroovyObjectBeanInfo> (0x00000000ec7a5a50) 
thrown [s\src\hotspot\share\classfile\systemDictionary.cpp, line 256]
Event: 40.662 Thread 0x000002507cdfbfd0 Exception <a 'java/lang/ClassNotFoundException'{0x00000000ec7bce98}: groovy/lang/GroovyObjectCustomizer> (0x00000000ec7bce98) 
thrown [s\src\hotspot\share\classfile\systemDictionary.cpp, line 256]
Event: 40.789 Thread 0x000002507f02a9e0 Exception <a 'java/lang/NoSuchMethodError'{0x00000000ec4a3e98}: 'void java.lang.invoke.DirectMethodHandle$Holder.invokeStatic(java.lang.Object, long)'> (0x00000000ec4a3e98) 
thrown [s\src\hotspot\share\interpreter\linkResolver.cpp, line 759]
Event: 40.792 Thread 0x000002507f02a9e0 Exception <a 'java/lang/NoSuchMethodError'{0x00000000ec4aeca0}: 'java.lang.Object java.lang.invoke.DirectMethodHandle$Holder.invokeStatic(java.lang.Object, java.lang.Object, long, java.lang.Object)'> (0x00000000ec4aeca0) 
thrown [s\src\hotspot\share\interpreter\linkResolver.cpp, line 759]
Event: 40.792 Thread 0x000002507f02a9e0 Exception <a 'java/lang/NoSuchMethodError'{0x00000000ec4b2478}: 'java.lang.Object java.lang.invoke.DirectMethodHandle$Holder.invokeStaticInit(java.lang.Object, java.lang.Object, long, java.lang.Object)'> (0x00000000ec4b2478) 
thrown [s\src\hotspot\share\interpreter\linkResolver.cpp, line 759]

VM Operations (20 events):
Event: 36.659 Executing VM operation: G1CollectForAllocation
Event: 36.676 Executing VM operation: G1CollectForAllocation done
Event: 37.003 Executing VM operation: HandshakeAllThreads
Event: 37.003 Executing VM operation: HandshakeAllThreads done
Event: 37.010 Executing VM operation: HandshakeAllThreads
Event: 37.010 Executing VM operation: HandshakeAllThreads done
Event: 37.705 Executing VM operation: CollectForMetadataAllocation
Event: 37.734 Executing VM operation: CollectForMetadataAllocation done
Event: 37.854 Executing VM operation: G1PauseRemark
Event: 37.872 Executing VM operation: G1PauseRemark done
Event: 37.907 Executing VM operation: G1PauseCleanup
Event: 37.914 Executing VM operation: G1PauseCleanup done
Event: 38.469 Executing VM operation: HandshakeAllThreads
Event: 38.512 Executing VM operation: HandshakeAllThreads done
Event: 39.235 Executing VM operation: ICBufferFull
Event: 39.235 Executing VM operation: ICBufferFull done
Event: 40.237 Executing VM operation: Cleanup
Event: 40.237 Executing VM operation: Cleanup done
Event: 40.794 Executing VM operation: HandshakeAllThreads
Event: 40.810 Executing VM operation: HandshakeAllThreads done

Memory protections (0 events):
No events

Nmethod flushes (20 events):
Event: 38.516 Thread 0x00000250770d41b0 flushing  nmethod 0x0000025064085790
Event: 38.516 Thread 0x00000250770d41b0 flushing  nmethod 0x00000250640f5310
Event: 38.516 Thread 0x00000250770d41b0 flushing  nmethod 0x00000250640f5990
Event: 38.518 Thread 0x00000250770d41b0 flushing  nmethod 0x000002506422a010
Event: 38.520 Thread 0x00000250770d41b0 flushing  nmethod 0x000002506445ac10
Event: 38.521 Thread 0x00000250770d41b0 flushing  nmethod 0x0000025064483290
Event: 38.521 Thread 0x00000250770d41b0 flushing  nmethod 0x00000250644b0990
Event: 38.521 Thread 0x00000250770d41b0 flushing  nmethod 0x0000025064523810
Event: 38.522 Thread 0x00000250770d41b0 flushing  nmethod 0x000002506453cc90
Event: 38.522 Thread 0x00000250770d41b0 flushing  nmethod 0x00000250645f0c10
Event: 38.524 Thread 0x00000250770d41b0 flushing  nmethod 0x000002506471ce10
Event: 38.524 Thread 0x00000250770d41b0 flushing  nmethod 0x000002506474cd10
Event: 38.524 Thread 0x00000250770d41b0 flushing  nmethod 0x000002506476b990
Event: 38.524 Thread 0x00000250770d41b0 flushing  nmethod 0x00000250647a8e90
Event: 38.525 Thread 0x00000250770d41b0 flushing  nmethod 0x00000250647e1210
Event: 38.525 Thread 0x00000250770d41b0 flushing  nmethod 0x00000250647f2d90
Event: 38.527 Thread 0x00000250770d41b0 flushing  nmethod 0x00000250649bf090
Event: 38.527 Thread 0x00000250770d41b0 flushing  nmethod 0x00000250649cd410
Event: 38.527 Thread 0x00000250770d41b0 flushing  nmethod 0x00000250649d5910
Event: 38.527 Thread 0x00000250770d41b0 flushing  nmethod 0x00000250649e3a10

Events (20 events):
Event: 36.896 Thread 0x000002507d385230 Thread added: 0x000002507d3824a0
Event: 36.897 Thread 0x000002507d385230 Thread added: 0x000002507d3829b0
Event: 36.953 Thread 0x000002507d3838e0 Thread added: 0x000002507d385740
Event: 37.046 Thread 0x000002507cdfbfd0 Thread added: 0x000002507d3833d0
Event: 37.318 Thread 0x00000250770d3490 Thread added: 0x000002507ee67ee0
Event: 37.853 Thread 0x00000250770d3490 Thread added: 0x000002507e3eaec0
Event: 39.446 Thread 0x000002507e3eaec0 Thread exited: 0x000002507e3eaec0
Event: 39.448 Thread 0x000002507ee67ee0 Thread exited: 0x000002507ee67ee0
Event: 39.695 Thread 0x00000250770d3490 Thread added: 0x000002507ee67ee0
Event: 40.331 Thread 0x00000250770d3490 Thread added: 0x0000025015e95de0
Event: 40.684 Thread 0x000002507cdfbfd0 Thread added: 0x000002507f02d770
Event: 40.686 Thread 0x000002507f02d770 Thread added: 0x000002507f02fae0
Event: 40.687 Thread 0x000002507f02d770 Thread added: 0x000002507f029090
Event: 40.699 Thread 0x000002507f02d770 Thread added: 0x000002507f02a4d0
Event: 40.699 Thread 0x000002507cdfbfd0 Thread added: 0x000002507f02aef0
Event: 40.700 Thread 0x000002507f02fae0 Thread added: 0x000002507f029fc0
Event: 40.778 Thread 0x000002507f02aef0 Thread added: 0x000002507f02a9e0
Event: 40.779 Thread 0x000002507f02aef0 Thread added: 0x000002507f02b400
Event: 40.814 Thread 0x000002507f02a9e0 Thread added: 0x000002507f02b910
Event: 40.814 Thread 0x000002507f02a9e0 Thread added: 0x000002507f030500


Dynamic libraries:
0x00007ff6910b0000 - 0x00007ff6910be000 	C:\Users\COM\.jdks\corretto-17.0.13\bin\java.exe
0x00007ffcfe7f0000 - 0x00007ffcfe9e8000 	C:\Windows\SYSTEM32\ntdll.dll
0x00007ffcfd100000 - 0x00007ffcfd1c2000 	C:\Windows\System32\KERNEL32.DLL
0x00007ffcfc050000 - 0x00007ffcfc346000 	C:\Windows\System32\KERNELBASE.dll
0x00007ffcfc420000 - 0x00007ffcfc520000 	C:\Windows\System32\ucrtbase.dll
0x00007ffce1510000 - 0x00007ffce1527000 	C:\Users\COM\.jdks\corretto-17.0.13\bin\jli.dll
0x00007ffcfd8e0000 - 0x00007ffcfda81000 	C:\Windows\System32\USER32.dll
0x00007ffcfc020000 - 0x00007ffcfc042000 	C:\Windows\System32\win32u.dll
0x00007ffcfe700000 - 0x00007ffcfe72b000 	C:\Windows\System32\GDI32.dll
0x00007ffcfbf00000 - 0x00007ffcfc019000 	C:\Windows\System32\gdi32full.dll
0x00007ffcfc350000 - 0x00007ffcfc3ed000 	C:\Windows\System32\msvcp_win.dll
0x00007ffce6cb0000 - 0x00007ffce6ccb000 	C:\Users\COM\.jdks\corretto-17.0.13\bin\VCRUNTIME140.dll
0x00007ffcefd00000 - 0x00007ffceff9b000 	C:\Windows\WinSxS\amd64_microsoft.windows.common-controls_6595b64144ccf1df_6.0.19041.6456_none_60b8a6cb71f64256\COMCTL32.dll
0x00007ffcfe540000 - 0x00007ffcfe5de000 	C:\Windows\System32\msvcrt.dll
0x00007ffcfd4d0000 - 0x00007ffcfd4ff000 	C:\Windows\System32\IMM32.DLL
0x00007ffcf0370000 - 0x00007ffcf037c000 	C:\Users\COM\.jdks\corretto-17.0.13\bin\vcruntime140_1.dll
0x00007ffcdd190000 - 0x00007ffcdd21d000 	C:\Users\COM\.jdks\corretto-17.0.13\bin\msvcp140.dll
0x00007ffcb4550000 - 0x00007ffcb51bc000 	C:\Users\COM\.jdks\corretto-17.0.13\bin\server\jvm.dll
0x00007ffcfda90000 - 0x00007ffcfdb41000 	C:\Windows\System32\ADVAPI32.dll
0x00007ffcfd660000 - 0x00007ffcfd6ff000 	C:\Windows\System32\sechost.dll
0x00007ffcfe5e0000 - 0x00007ffcfe700000 	C:\Windows\System32\RPCRT4.dll
0x00007ffcfc3f0000 - 0x00007ffcfc417000 	C:\Windows\System32\bcrypt.dll
0x00007ffcfd1d0000 - 0x00007ffcfd23b000 	C:\Windows\System32\WS2_32.dll
0x00007ffcfb380000 - 0x00007ffcfb3cb000 	C:\Windows\SYSTEM32\POWRPROF.dll
0x00007ffce66a0000 - 0x00007ffce66c7000 	C:\Windows\SYSTEM32\WINMM.dll
0x00007ffcef6c0000 - 0x00007ffcef6ca000 	C:\Windows\SYSTEM32\VERSION.dll
0x00007ffcfb240000 - 0x00007ffcfb252000 	C:\Windows\SYSTEM32\UMPDC.dll
0x00007ffcfa650000 - 0x00007ffcfa662000 	C:\Windows\SYSTEM32\kernel.appcore.dll
0x00007ffcf0140000 - 0x00007ffcf014a000 	C:\Users\COM\.jdks\corretto-17.0.13\bin\jimage.dll
0x00007ffcf9b80000 - 0x00007ffcf9d81000 	C:\Windows\SYSTEM32\DBGHELP.DLL
0x00007ffcf17b0000 - 0x00007ffcf17e4000 	C:\Windows\SYSTEM32\dbgcore.DLL
0x00007ffcfc680000 - 0x00007ffcfc702000 	C:\Windows\System32\bcryptPrimitives.dll
0x00007ffcf0000000 - 0x00007ffcf000e000 	C:\Users\COM\.jdks\corretto-17.0.13\bin\instrument.dll
0x00007ffcde1c0000 - 0x00007ffcde1e5000 	C:\Users\COM\.jdks\corretto-17.0.13\bin\java.dll
0x00007ffcc8a20000 - 0x00007ffcc8af7000 	C:\Users\COM\.jdks\corretto-17.0.13\bin\jsvml.dll
0x00007ffcfc990000 - 0x00007ffcfd100000 	C:\Windows\System32\SHELL32.dll
0x00007ffcf9e90000 - 0x00007ffcfa635000 	C:\Windows\SYSTEM32\windows.storage.dll
0x00007ffcfdb60000 - 0x00007ffcfdeb4000 	C:\Windows\System32\combase.dll
0x00007ffcfb7d0000 - 0x00007ffcfb7fb000 	C:\Windows\SYSTEM32\Wldp.dll
0x00007ffcfe470000 - 0x00007ffcfe53d000 	C:\Windows\System32\OLEAUT32.dll
0x00007ffcfd5b0000 - 0x00007ffcfd65d000 	C:\Windows\System32\SHCORE.dll
0x00007ffcfe730000 - 0x00007ffcfe78b000 	C:\Windows\System32\shlwapi.dll
0x00007ffcfbdb0000 - 0x00007ffcfbdd4000 	C:\Windows\SYSTEM32\profapi.dll
0x00007ffcde220000 - 0x00007ffcde238000 	C:\Users\COM\.jdks\corretto-17.0.13\bin\zip.dll
0x00007ffcdd6c0000 - 0x00007ffcdd6d9000 	C:\Users\COM\.jdks\corretto-17.0.13\bin\net.dll
0x00007ffcf2660000 - 0x00007ffcf276a000 	C:\Windows\SYSTEM32\WINHTTP.dll
0x00007ffcfb5b0000 - 0x00007ffcfb61a000 	C:\Windows\system32\mswsock.dll
0x00007ffcdcbb0000 - 0x00007ffcdcbc6000 	C:\Users\COM\.jdks\corretto-17.0.13\bin\nio.dll
0x00007ffceffd0000 - 0x00007ffceffe0000 	C:\Users\COM\.jdks\corretto-17.0.13\bin\verify.dll
0x00007ffcde2e0000 - 0x00007ffcde307000 	C:\Users\COM\.gradle\native\1def1411415f61bf3af743bc5b6707747c0891f09f0c88961ee8f79bc544acac\windows-amd64\native-platform.dll
0x00007ffcc9130000 - 0x00007ffcc91a8000 	C:\Users\COM\.gradle\native\0.2.7\x86_64-windows-gnu\gradle-fileevents.dll
0x00007ffce78d0000 - 0x00007ffce78d9000 	C:\Users\COM\.jdks\corretto-17.0.13\bin\management.dll
0x00007ffce76d0000 - 0x00007ffce76db000 	C:\Users\COM\.jdks\corretto-17.0.13\bin\management_ext.dll
0x00007ffcfdb50000 - 0x00007ffcfdb58000 	C:\Windows\System32\PSAPI.DLL
0x00007ffcfb260000 - 0x00007ffcfb29b000 	C:\Windows\SYSTEM32\IPHLPAPI.DLL
0x00007ffcfe460000 - 0x00007ffcfe468000 	C:\Windows\System32\NSI.dll
0x00007ffcf3b90000 - 0x00007ffcf3ba7000 	C:\Windows\SYSTEM32\dhcpcsvc6.DLL
0x00007ffcf3ac0000 - 0x00007ffcf3add000 	C:\Windows\SYSTEM32\dhcpcsvc.DLL
0x00007ffcfb2b0000 - 0x00007ffcfb37a000 	C:\Windows\SYSTEM32\DNSAPI.dll
0x00007ffcf0990000 - 0x00007ffcf0999000 	C:\Users\COM\.jdks\corretto-17.0.13\bin\extnet.dll
0x00007ffcfb810000 - 0x00007ffcfb828000 	C:\Windows\SYSTEM32\CRYPTSP.dll
0x00007ffcfae80000 - 0x00007ffcfaeb8000 	C:\Windows\system32\rsaenh.dll
0x00007ffcfbd30000 - 0x00007ffcfbd5e000 	C:\Windows\SYSTEM32\USERENV.dll
0x00007ffcfb740000 - 0x00007ffcfb74c000 	C:\Windows\SYSTEM32\CRYPTBASE.dll
0x00007ffce75f0000 - 0x00007ffce75fe000 	C:\Users\COM\.jdks\corretto-17.0.13\bin\sunmscapi.dll
0x00007ffcfc520000 - 0x00007ffcfc67d000 	C:\Windows\System32\CRYPT32.dll
0x00007ffcfb920000 - 0x00007ffcfb947000 	C:\Windows\SYSTEM32\ncrypt.dll
0x00007ffcfb8e0000 - 0x00007ffcfb91b000 	C:\Windows\SYSTEM32\NTASN1.dll
0x00007ffcf01e0000 - 0x00007ffcf01e7000 	C:\Windows\system32\wshunix.dll

dbghelp: loaded successfully - version: 4.0.5 - missing functions: none
symbol engine: initialized successfully - sym options: 0x614 - pdb path: .;C:\Users\COM\.jdks\corretto-17.0.13\bin;C:\Windows\SYSTEM32;C:\Windows\WinSxS\amd64_microsoft.windows.common-controls_6595b64144ccf1df_6.0.19041.6456_none_60b8a6cb71f64256;C:\Users\COM\.jdks\corretto-17.0.13\bin\server;C:\Users\COM\.gradle\native\1def1411415f61bf3af743bc5b6707747c0891f09f0c88961ee8f79bc544acac\windows-amd64;C:\Users\COM\.gradle\native\0.2.7\x86_64-windows-gnu

VM Arguments:
jvm_args: --add-opens=java.base/java.lang=ALL-UNNAMED --add-opens=java.base/java.lang.invoke=ALL-UNNAMED --add-opens=java.base/java.util=ALL-UNNAMED --add-opens=java.prefs/java.util.prefs=ALL-UNNAMED --add-exports=jdk.compiler/com.sun.tools.javac.api=ALL-UNNAMED --add-exports=jdk.compiler/com.sun.tools.javac.util=ALL-UNNAMED --add-opens=java.base/java.util=ALL-UNNAMED --add-opens=java.prefs/java.util.prefs=ALL-UNNAMED --add-opens=java.base/java.nio.charset=ALL-UNNAMED --add-opens=java.base/java.net=ALL-UNNAMED --add-opens=java.base/java.util.concurrent.atomic=ALL-UNNAMED --add-opens=java.xml/javax.xml.namespace=ALL-UNNAMED -XX:MaxMetaspaceSize=384m -XX:+HeapDumpOnOutOfMemoryError -Xms256m -Xmx512m -Dfile.encoding=UTF-8 -Duser.country=KR -Duser.language=ko -Duser.variant -javaagent:C:\Users\COM\.gradle\wrapper\dists\gradle-8.14.3-bin\cv11ve7ro1n3o1j4so8xd9n66\gradle-8.14.3\lib\agents\gradle-instrumentation-agent-8.14.3.jar 
java_command: org.gradle.launcher.daemon.bootstrap.GradleDaemon 8.14.3
java_class_path (initial): C:\Users\COM\.gradle\wrapper\dists\gradle-8.14.3-bin\cv11ve7ro1n3o1j4so8xd9n66\gradle-8.14.3\lib\gradle-daemon-main-8.14.3.jar
Launcher Type: SUN_STANDARD

[Global flags]
     intx CICompilerCount                          = 4                                         {product} {ergonomic}
   size_t CompressedClassSpaceSize                 = 335544320                                 {product} {ergonomic}
     uint ConcGCThreads                            = 2                                         {product} {ergonomic}
     uint G1ConcRefinementThreads                  = 8                                         {product} {ergonomic}
   size_t G1HeapRegionSize                         = 1048576                                   {product} {ergonomic}
    uintx GCDrainStackTargetSize                   = 64                                        {product} {ergonomic}
     bool HeapDumpOnOutOfMemoryError               = true                                   {manageable} {command line}
   size_t InitialHeapSize                          = 268435456                                 {product} {command line}
   size_t MarkStackSize                            = 4194304                                   {product} {ergonomic}
   size_t MaxHeapSize                              = 536870912                                 {product} {command line}
   size_t MaxMetaspaceSize                         = 402653184                                 {product} {command line}
   size_t MaxNewSize                               = 321912832                                 {product} {ergonomic}
   size_t MinHeapDeltaBytes                        = 1048576                                   {product} {ergonomic}
   size_t MinHeapSize                              = 268435456                                 {product} {command line}
    uintx NonNMethodCodeHeapSize                   = 5839372                                {pd product} {ergonomic}
    uintx NonProfiledCodeHeapSize                  = 122909434                              {pd product} {ergonomic}
    uintx ProfiledCodeHeapSize                     = 122909434                              {pd product} {ergonomic}
    uintx ReservedCodeCacheSize                    = 251658240                              {pd product} {ergonomic}
     bool SegmentedCodeCache                       = true                                      {product} {ergonomic}
   size_t SoftMaxHeapSize                          = 536870912                              {manageable} {ergonomic}
     bool UseCompressedClassPointers               = true                           {product lp64_product} {ergonomic}
     bool UseCompressedOops                        = true                           {product lp64_product} {ergonomic}
     bool UseG1GC                                  = true                                      {product} {ergonomic}
     bool UseLargePagesIndividualAllocation        = false                                  {pd product} {ergonomic}

Logging:
Log output configuration:
 #0: stdout all=warning uptime,level,tags
 #1: stderr all=off uptime,level,tags

Environment Variables:
PATH=c:\Users\COM\AppData\Local\Programs\cursor\resources\app\bin;C:\Program Files\Google\Chrome\Application;C:\Program Files\Common Files\Oracle\Java\javapath;C:\Program Files (x86)\VMware\VMware Player\bin\;C:\Windows\system32;C:\Windows;C:\Windows\System32\Wbem;C:\Windows\System32\WindowsPowerShell\v1.0\;C:\Windows\System32\OpenSSH\;C:\Program Files\Git\cmd;C:\Program Files\MariaDB 11.5\bin;C:\Program Files\Java\jdk-17\bin;;C:\Users\COM\AppData\Local\Programs\Python\Launcher\;C:\Users\COM\AppData\Local\Microsoft\WindowsApps;C:\Users\COM\AppData\Local\Markdown Monster;C:\Users\COM\AppData\Roaming\npm;c:\Users\COM\AppData\Local\Programs\cursor\resources\app\bin;C:\Program Files\Docker\Docker\resources\bin;C:\Program Files\nodejs\;C:\Users\COM\AppData\Local\Programs\Python\Launcher\;C:\Users\COM\AppData\Local\Microsoft\WindowsApps;C:\Users\COM\AppData\Local\Programs\Microsoft VS Code\bin;C:\Users\COM\AppData\Local\Markdown Monster;C:\Users\COM\AppData\Local\Programs\cursor\resources\app\bin;C:\Users\COM\AppData\Roaming\npm
USERNAME=COM
OS=Windows_NT
PROCESSOR_IDENTIFIER=Intel64 Family 6 Model 142 Stepping 12, GenuineIntel
TMP=C:\Users\COM\AppData\Local\Temp
TEMP=C:\Users\COM\AppData\Local\Temp



Periodic native trim disabled


---------------  S Y S T E M  ---------------

OS:
 Windows 10 , 64 bit Build 19041 (10.0.19041.5915)
OS uptime: 78 days 1:07 hours
Hyper-V role detected

CPU: total 8 (initial active 8) (4 cores per cpu, 2 threads per core) family 6 model 142 stepping 12 microcode 0xca, cx8, cmov, fxsr, ht, mmx, 3dnowpref, sse, sse2, sse3, ssse3, sse4.1, sse4.2, popcnt, lzcnt, tsc, tscinvbit, avx, avx2, aes, erms, clmul, bmi1, bmi2, adx, fma, vzeroupper, clflush, clflushopt, hv
Processor Information for all 8 processors :
  Max Mhz: 2304, Current Mhz: 1803, Mhz Limit: 1797

Memory: 4k page, system-wide physical 16197M (2637M free)
TotalPageFile size 17733M (AvailPageFile size 221M)
current process WorkingSet (physical memory assigned to process): 445M, peak: 455M
current process commit charge ("private bytes"): 517M, peak: 528M

vm_info: OpenJDK 64-Bit Server VM (17.0.13+11-LTS) for windows-amd64 JRE (17.0.13+11-LTS), built on Oct 10 2024 19:51:30 by "Administrator" with MS VC++ 16.10 / 16.11 (VS2019)

END.
